[2024-05-04T21:13:10.852+0000] {taskinstance.py:1103} INFO - Dependencies all met for dep_context=non-requeueable deps ti=<TaskInstance: nahoom.read_csv manual__2024-05-04T21:13:05.123912+00:00 [queued]>
[2024-05-04T21:13:10.903+0000] {taskinstance.py:1103} INFO - Dependencies all met for dep_context=requeueable deps ti=<TaskInstance: nahoom.read_csv manual__2024-05-04T21:13:05.123912+00:00 [queued]>
[2024-05-04T21:13:10.905+0000] {taskinstance.py:1308} INFO - Starting attempt 1 of 1
[2024-05-04T21:13:10.990+0000] {taskinstance.py:1327} INFO - Executing <Task(_PythonDecoratedOperator): read_csv> on 2024-05-04 21:13:05.123912+00:00
[2024-05-04T21:13:11.004+0000] {standard_task_runner.py:57} INFO - Started process 14651 to run task
[2024-05-04T21:13:11.022+0000] {standard_task_runner.py:84} INFO - Running: ['***', 'tasks', 'run', 'nahoom', 'read_csv', 'manual__2024-05-04T21:13:05.123912+00:00', '--job-id', '1425', '--raw', '--subdir', 'DAGS_FOLDER/nahoo.py', '--cfg-path', '/tmp/tmp0rkh4_28']
[2024-05-04T21:13:11.024+0000] {standard_task_runner.py:85} INFO - Job 1425: Subtask read_csv
[2024-05-04T21:13:11.193+0000] {task_command.py:410} INFO - Running <TaskInstance: nahoom.read_csv manual__2024-05-04T21:13:05.123912+00:00 [running]> on host 08fc968d0c14
[2024-05-04T21:13:11.547+0000] {taskinstance.py:1547} INFO - Exporting env vars: AIRFLOW_CTX_DAG_OWNER='***' AIRFLOW_CTX_DAG_ID='nahoom' AIRFLOW_CTX_TASK_ID='read_csv' AIRFLOW_CTX_EXECUTION_DATE='2024-05-04T21:13:05.123912+00:00' AIRFLOW_CTX_TRY_NUMBER='1' AIRFLOW_CTX_DAG_RUN_ID='manual__2024-05-04T21:13:05.123912+00:00'
[2024-05-04T21:13:15.570+0000] {logging_mixin.py:149} INFO - Number of rows: 1379
[2024-05-04T21:13:15.573+0000] {logging_mixin.py:149} INFO - Column names: Index(['track_id; type; traveled_d; avg_speed; lat; lon; speed; lon_acc; lat_acc; time'], dtype='object')
[2024-05-04T21:13:15.612+0000] {logging_mixin.py:149} INFO - First 5 rows:
  track_id; type; traveled_d; avg_speed; lat; lon; speed; lon_acc; lat_acc; time
0  1; Car; 43.44; 45.993026; 37.983059; 23.730546...                            
1  2; Car; 75.54; 48.563802; 37.982843; 23.730747...                            
2  3; Car; 101.01; 45.453302; 37.982662; 23.73093...                            
3  4; Car; 89.06; 24.289652; 37.982620; 23.731020...                            
4  5; Car; 122.01; 52.291005; 37.982492; 23.73104...                            
[2024-05-04T21:13:15.613+0000] {python.py:183} INFO - Done. Returned value was:      track_id; type; traveled_d; avg_speed; lat; lon; speed; lon_acc; lat_acc; time
0     1; Car; 43.44; 45.993026; 37.983059; 23.730546...                            
1     2; Car; 75.54; 48.563802; 37.982843; 23.730747...                            
2     3; Car; 101.01; 45.453302; 37.982662; 23.73093...                            
3     4; Car; 89.06; 24.289652; 37.982620; 23.731020...                            
4     5; Car; 122.01; 52.291005; 37.982492; 23.73104...                            
...                                                 ...                            
1374  1375; Taxi; 13.52; 48.687061; 37.979846; 23.73...                            
1375  1376; Motorcycle; 7.44; 33.485327; 37.982833; ...                            
1376  1377; Taxi; 2.70; 12.129312; 37.979830; 23.731...                            
1377  1378; Car; 9.84; 59.036049; 37.979833; 23.7332...                            
1378  1379; Motorcycle; 3.74; 33.694996; 37.982845; ...                            

[1379 rows x 1 columns]
[2024-05-04T21:13:55.191+0000] {taskinstance.py:1350} INFO - Marking task as SUCCESS. dag_id=nahoom, task_id=read_csv, execution_date=20240504T211305, start_date=20240504T211310, end_date=20240504T211355
[2024-05-04T21:13:55.294+0000] {local_task_job_runner.py:225} INFO - Task exited with return code 0
[2024-05-04T21:13:55.379+0000] {taskinstance.py:2651} INFO - 0 downstream tasks scheduled from follow-on schedule check
