[2024-05-01T14:26:17.226+0000] {processor.py:157} INFO - Started process (PID=598) to work on /opt/airflow/dags/dag_trial.py
[2024-05-01T14:26:17.227+0000] {processor.py:826} INFO - Processing file /opt/airflow/dags/dag_trial.py for tasks to queue
[2024-05-01T14:26:17.227+0000] {logging_mixin.py:149} INFO - [2024-05-01T14:26:17.227+0000] {dagbag.py:541} INFO - Filling up the DagBag from /opt/airflow/dags/dag_trial.py
[2024-05-01T14:26:17.783+0000] {processor.py:836} INFO - DAG(s) dict_keys(['try_dag']) retrieved from /opt/airflow/dags/dag_trial.py
[2024-05-01T14:26:17.848+0000] {logging_mixin.py:149} INFO - [2024-05-01T14:26:17.848+0000] {dag.py:2726} INFO - Sync 1 DAGs
[2024-05-01T14:26:17.876+0000] {logging_mixin.py:149} INFO - [2024-05-01T14:26:17.876+0000] {dag.py:3490} INFO - Setting next_dagrun for try_dag to None, run_after=None
[2024-05-01T14:26:17.912+0000] {processor.py:179} INFO - Processing /opt/airflow/dags/dag_trial.py took 0.690 seconds
[2024-05-01T14:26:47.973+0000] {processor.py:157} INFO - Started process (PID=660) to work on /opt/airflow/dags/dag_trial.py
[2024-05-01T14:26:47.981+0000] {processor.py:826} INFO - Processing file /opt/airflow/dags/dag_trial.py for tasks to queue
[2024-05-01T14:26:47.983+0000] {logging_mixin.py:149} INFO - [2024-05-01T14:26:47.983+0000] {dagbag.py:541} INFO - Filling up the DagBag from /opt/airflow/dags/dag_trial.py
[2024-05-01T14:26:48.443+0000] {processor.py:836} INFO - DAG(s) dict_keys(['try_dag']) retrieved from /opt/airflow/dags/dag_trial.py
[2024-05-01T14:26:48.464+0000] {logging_mixin.py:149} INFO - [2024-05-01T14:26:48.464+0000] {dag.py:2726} INFO - Sync 1 DAGs
[2024-05-01T14:26:48.493+0000] {logging_mixin.py:149} INFO - [2024-05-01T14:26:48.492+0000] {dag.py:3490} INFO - Setting next_dagrun for try_dag to None, run_after=None
[2024-05-01T14:26:48.516+0000] {processor.py:179} INFO - Processing /opt/airflow/dags/dag_trial.py took 0.551 seconds
[2024-05-01T14:27:18.828+0000] {processor.py:157} INFO - Started process (PID=721) to work on /opt/airflow/dags/dag_trial.py
[2024-05-01T14:27:18.831+0000] {processor.py:826} INFO - Processing file /opt/airflow/dags/dag_trial.py for tasks to queue
[2024-05-01T14:27:18.832+0000] {logging_mixin.py:149} INFO - [2024-05-01T14:27:18.832+0000] {dagbag.py:541} INFO - Filling up the DagBag from /opt/airflow/dags/dag_trial.py
[2024-05-01T14:27:19.282+0000] {processor.py:836} INFO - DAG(s) dict_keys(['try_dag']) retrieved from /opt/airflow/dags/dag_trial.py
[2024-05-01T14:27:19.303+0000] {logging_mixin.py:149} INFO - [2024-05-01T14:27:19.302+0000] {dag.py:2726} INFO - Sync 1 DAGs
[2024-05-01T14:27:19.331+0000] {logging_mixin.py:149} INFO - [2024-05-01T14:27:19.331+0000] {dag.py:3490} INFO - Setting next_dagrun for try_dag to None, run_after=None
[2024-05-01T14:27:19.357+0000] {processor.py:179} INFO - Processing /opt/airflow/dags/dag_trial.py took 0.537 seconds
[2024-05-01T14:27:49.476+0000] {processor.py:157} INFO - Started process (PID=783) to work on /opt/airflow/dags/dag_trial.py
[2024-05-01T14:27:49.483+0000] {processor.py:826} INFO - Processing file /opt/airflow/dags/dag_trial.py for tasks to queue
[2024-05-01T14:27:49.483+0000] {logging_mixin.py:149} INFO - [2024-05-01T14:27:49.483+0000] {dagbag.py:541} INFO - Filling up the DagBag from /opt/airflow/dags/dag_trial.py
[2024-05-01T14:27:49.962+0000] {processor.py:836} INFO - DAG(s) dict_keys(['try_dag']) retrieved from /opt/airflow/dags/dag_trial.py
[2024-05-01T14:27:49.985+0000] {logging_mixin.py:149} INFO - [2024-05-01T14:27:49.984+0000] {dag.py:2726} INFO - Sync 1 DAGs
[2024-05-01T14:27:50.017+0000] {logging_mixin.py:149} INFO - [2024-05-01T14:27:50.017+0000] {dag.py:3490} INFO - Setting next_dagrun for try_dag to None, run_after=None
[2024-05-01T14:27:50.045+0000] {processor.py:179} INFO - Processing /opt/airflow/dags/dag_trial.py took 0.572 seconds
[2024-05-01T14:28:20.406+0000] {processor.py:157} INFO - Started process (PID=845) to work on /opt/airflow/dags/dag_trial.py
[2024-05-01T14:28:20.410+0000] {processor.py:826} INFO - Processing file /opt/airflow/dags/dag_trial.py for tasks to queue
[2024-05-01T14:28:20.414+0000] {logging_mixin.py:149} INFO - [2024-05-01T14:28:20.413+0000] {dagbag.py:541} INFO - Filling up the DagBag from /opt/airflow/dags/dag_trial.py
[2024-05-01T14:28:21.027+0000] {processor.py:836} INFO - DAG(s) dict_keys(['try_dag']) retrieved from /opt/airflow/dags/dag_trial.py
[2024-05-01T14:28:21.051+0000] {logging_mixin.py:149} INFO - [2024-05-01T14:28:21.050+0000] {dag.py:2726} INFO - Sync 1 DAGs
[2024-05-01T14:28:21.082+0000] {logging_mixin.py:149} INFO - [2024-05-01T14:28:21.082+0000] {dag.py:3490} INFO - Setting next_dagrun for try_dag to None, run_after=None
[2024-05-01T14:28:21.108+0000] {processor.py:179} INFO - Processing /opt/airflow/dags/dag_trial.py took 0.718 seconds
[2024-05-01T14:28:51.626+0000] {processor.py:157} INFO - Started process (PID=907) to work on /opt/airflow/dags/dag_trial.py
[2024-05-01T14:28:51.634+0000] {processor.py:826} INFO - Processing file /opt/airflow/dags/dag_trial.py for tasks to queue
[2024-05-01T14:28:51.636+0000] {logging_mixin.py:149} INFO - [2024-05-01T14:28:51.635+0000] {dagbag.py:541} INFO - Filling up the DagBag from /opt/airflow/dags/dag_trial.py
[2024-05-01T14:28:52.308+0000] {processor.py:836} INFO - DAG(s) dict_keys(['try_dag']) retrieved from /opt/airflow/dags/dag_trial.py
[2024-05-01T14:28:52.339+0000] {logging_mixin.py:149} INFO - [2024-05-01T14:28:52.338+0000] {dag.py:2726} INFO - Sync 1 DAGs
[2024-05-01T14:28:52.376+0000] {logging_mixin.py:149} INFO - [2024-05-01T14:28:52.375+0000] {dag.py:3490} INFO - Setting next_dagrun for try_dag to None, run_after=None
[2024-05-01T14:28:52.408+0000] {processor.py:179} INFO - Processing /opt/airflow/dags/dag_trial.py took 0.796 seconds
[2024-05-01T14:29:22.554+0000] {processor.py:157} INFO - Started process (PID=969) to work on /opt/airflow/dags/dag_trial.py
[2024-05-01T14:29:22.555+0000] {processor.py:826} INFO - Processing file /opt/airflow/dags/dag_trial.py for tasks to queue
[2024-05-01T14:29:22.557+0000] {logging_mixin.py:149} INFO - [2024-05-01T14:29:22.557+0000] {dagbag.py:541} INFO - Filling up the DagBag from /opt/airflow/dags/dag_trial.py
[2024-05-01T14:29:23.008+0000] {processor.py:836} INFO - DAG(s) dict_keys(['try_dag']) retrieved from /opt/airflow/dags/dag_trial.py
[2024-05-01T14:29:23.032+0000] {logging_mixin.py:149} INFO - [2024-05-01T14:29:23.031+0000] {dag.py:2726} INFO - Sync 1 DAGs
[2024-05-01T14:29:23.063+0000] {logging_mixin.py:149} INFO - [2024-05-01T14:29:23.063+0000] {dag.py:3490} INFO - Setting next_dagrun for try_dag to None, run_after=None
[2024-05-01T14:29:23.089+0000] {processor.py:179} INFO - Processing /opt/airflow/dags/dag_trial.py took 0.542 seconds
[2024-05-01T14:29:53.807+0000] {processor.py:157} INFO - Started process (PID=1031) to work on /opt/airflow/dags/dag_trial.py
[2024-05-01T14:29:53.815+0000] {processor.py:826} INFO - Processing file /opt/airflow/dags/dag_trial.py for tasks to queue
[2024-05-01T14:29:53.816+0000] {logging_mixin.py:149} INFO - [2024-05-01T14:29:53.816+0000] {dagbag.py:541} INFO - Filling up the DagBag from /opt/airflow/dags/dag_trial.py
[2024-05-01T14:29:54.287+0000] {processor.py:836} INFO - DAG(s) dict_keys(['try_dag']) retrieved from /opt/airflow/dags/dag_trial.py
[2024-05-01T14:29:54.307+0000] {logging_mixin.py:149} INFO - [2024-05-01T14:29:54.307+0000] {dag.py:2726} INFO - Sync 1 DAGs
[2024-05-01T14:29:54.334+0000] {logging_mixin.py:149} INFO - [2024-05-01T14:29:54.334+0000] {dag.py:3490} INFO - Setting next_dagrun for try_dag to None, run_after=None
[2024-05-01T14:29:54.358+0000] {processor.py:179} INFO - Processing /opt/airflow/dags/dag_trial.py took 0.559 seconds
[2024-05-01T14:29:59.464+0000] {processor.py:157} INFO - Started process (PID=1038) to work on /opt/airflow/dags/dag_trial.py
[2024-05-01T14:29:59.465+0000] {processor.py:826} INFO - Processing file /opt/airflow/dags/dag_trial.py for tasks to queue
[2024-05-01T14:29:59.466+0000] {logging_mixin.py:149} INFO - [2024-05-01T14:29:59.466+0000] {dagbag.py:541} INFO - Filling up the DagBag from /opt/airflow/dags/dag_trial.py
[2024-05-01T14:29:59.971+0000] {processor.py:836} INFO - DAG(s) dict_keys(['try_dag']) retrieved from /opt/airflow/dags/dag_trial.py
[2024-05-01T14:30:00.012+0000] {logging_mixin.py:149} INFO - [2024-05-01T14:30:00.011+0000] {dag.py:2726} INFO - Sync 1 DAGs
[2024-05-01T14:30:00.080+0000] {logging_mixin.py:149} INFO - [2024-05-01T14:30:00.079+0000] {dag.py:3490} INFO - Setting next_dagrun for try_dag to None, run_after=None
[2024-05-01T14:30:00.142+0000] {processor.py:179} INFO - Processing /opt/airflow/dags/dag_trial.py took 0.681 seconds
[2024-05-01T14:30:30.193+0000] {processor.py:157} INFO - Started process (PID=1102) to work on /opt/airflow/dags/dag_trial.py
[2024-05-01T14:30:30.193+0000] {processor.py:826} INFO - Processing file /opt/airflow/dags/dag_trial.py for tasks to queue
[2024-05-01T14:30:30.194+0000] {logging_mixin.py:149} INFO - [2024-05-01T14:30:30.194+0000] {dagbag.py:541} INFO - Filling up the DagBag from /opt/airflow/dags/dag_trial.py
[2024-05-01T14:30:30.663+0000] {processor.py:836} INFO - DAG(s) dict_keys(['try_dag']) retrieved from /opt/airflow/dags/dag_trial.py
[2024-05-01T14:30:30.683+0000] {logging_mixin.py:149} INFO - [2024-05-01T14:30:30.682+0000] {dag.py:2726} INFO - Sync 1 DAGs
[2024-05-01T14:30:30.710+0000] {logging_mixin.py:149} INFO - [2024-05-01T14:30:30.710+0000] {dag.py:3490} INFO - Setting next_dagrun for try_dag to None, run_after=None
[2024-05-01T14:30:30.728+0000] {processor.py:179} INFO - Processing /opt/airflow/dags/dag_trial.py took 0.539 seconds
[2024-05-01T14:31:01.094+0000] {processor.py:157} INFO - Started process (PID=1166) to work on /opt/airflow/dags/dag_trial.py
[2024-05-01T14:31:01.095+0000] {processor.py:826} INFO - Processing file /opt/airflow/dags/dag_trial.py for tasks to queue
[2024-05-01T14:31:01.096+0000] {logging_mixin.py:149} INFO - [2024-05-01T14:31:01.096+0000] {dagbag.py:541} INFO - Filling up the DagBag from /opt/airflow/dags/dag_trial.py
[2024-05-01T14:31:02.606+0000] {processor.py:836} INFO - DAG(s) dict_keys(['try_dag']) retrieved from /opt/airflow/dags/dag_trial.py
[2024-05-01T14:31:02.682+0000] {logging_mixin.py:149} INFO - [2024-05-01T14:31:02.682+0000] {dag.py:2726} INFO - Sync 1 DAGs
[2024-05-01T14:31:02.829+0000] {logging_mixin.py:149} INFO - [2024-05-01T14:31:02.828+0000] {dag.py:3490} INFO - Setting next_dagrun for try_dag to None, run_after=None
[2024-05-01T14:31:02.872+0000] {processor.py:179} INFO - Processing /opt/airflow/dags/dag_trial.py took 1.787 seconds
[2024-05-01T14:31:33.028+0000] {processor.py:157} INFO - Started process (PID=1230) to work on /opt/airflow/dags/dag_trial.py
[2024-05-01T14:31:33.034+0000] {processor.py:826} INFO - Processing file /opt/airflow/dags/dag_trial.py for tasks to queue
[2024-05-01T14:31:33.041+0000] {logging_mixin.py:149} INFO - [2024-05-01T14:31:33.040+0000] {dagbag.py:541} INFO - Filling up the DagBag from /opt/airflow/dags/dag_trial.py
[2024-05-01T14:31:33.662+0000] {processor.py:836} INFO - DAG(s) dict_keys(['try_dag']) retrieved from /opt/airflow/dags/dag_trial.py
[2024-05-01T14:31:33.689+0000] {logging_mixin.py:149} INFO - [2024-05-01T14:31:33.688+0000] {dag.py:2726} INFO - Sync 1 DAGs
[2024-05-01T14:31:33.730+0000] {logging_mixin.py:149} INFO - [2024-05-01T14:31:33.730+0000] {dag.py:3490} INFO - Setting next_dagrun for try_dag to None, run_after=None
[2024-05-01T14:31:33.760+0000] {processor.py:179} INFO - Processing /opt/airflow/dags/dag_trial.py took 0.756 seconds
[2024-05-01T14:32:04.244+0000] {processor.py:157} INFO - Started process (PID=1292) to work on /opt/airflow/dags/dag_trial.py
[2024-05-01T14:32:04.252+0000] {processor.py:826} INFO - Processing file /opt/airflow/dags/dag_trial.py for tasks to queue
[2024-05-01T14:32:04.253+0000] {logging_mixin.py:149} INFO - [2024-05-01T14:32:04.253+0000] {dagbag.py:541} INFO - Filling up the DagBag from /opt/airflow/dags/dag_trial.py
[2024-05-01T14:32:04.840+0000] {processor.py:836} INFO - DAG(s) dict_keys(['try_dag']) retrieved from /opt/airflow/dags/dag_trial.py
[2024-05-01T14:32:04.865+0000] {logging_mixin.py:149} INFO - [2024-05-01T14:32:04.864+0000] {dag.py:2726} INFO - Sync 1 DAGs
[2024-05-01T14:32:04.909+0000] {logging_mixin.py:149} INFO - [2024-05-01T14:32:04.909+0000] {dag.py:3490} INFO - Setting next_dagrun for try_dag to None, run_after=None
[2024-05-01T14:32:04.936+0000] {processor.py:179} INFO - Processing /opt/airflow/dags/dag_trial.py took 0.699 seconds
[2024-05-01T14:32:35.064+0000] {processor.py:157} INFO - Started process (PID=1357) to work on /opt/airflow/dags/dag_trial.py
[2024-05-01T14:32:35.065+0000] {processor.py:826} INFO - Processing file /opt/airflow/dags/dag_trial.py for tasks to queue
[2024-05-01T14:32:35.066+0000] {logging_mixin.py:149} INFO - [2024-05-01T14:32:35.066+0000] {dagbag.py:541} INFO - Filling up the DagBag from /opt/airflow/dags/dag_trial.py
[2024-05-01T14:32:35.710+0000] {processor.py:836} INFO - DAG(s) dict_keys(['try_dag']) retrieved from /opt/airflow/dags/dag_trial.py
[2024-05-01T14:32:35.763+0000] {logging_mixin.py:149} INFO - [2024-05-01T14:32:35.762+0000] {dag.py:2726} INFO - Sync 1 DAGs
[2024-05-01T14:32:35.820+0000] {logging_mixin.py:149} INFO - [2024-05-01T14:32:35.820+0000] {dag.py:3490} INFO - Setting next_dagrun for try_dag to None, run_after=None
[2024-05-01T14:32:35.852+0000] {processor.py:179} INFO - Processing /opt/airflow/dags/dag_trial.py took 0.793 seconds
[2024-05-01T14:33:05.927+0000] {processor.py:157} INFO - Started process (PID=1420) to work on /opt/airflow/dags/dag_trial.py
[2024-05-01T14:33:05.928+0000] {processor.py:826} INFO - Processing file /opt/airflow/dags/dag_trial.py for tasks to queue
[2024-05-01T14:33:05.928+0000] {logging_mixin.py:149} INFO - [2024-05-01T14:33:05.928+0000] {dagbag.py:541} INFO - Filling up the DagBag from /opt/airflow/dags/dag_trial.py
[2024-05-01T14:33:06.604+0000] {processor.py:836} INFO - DAG(s) dict_keys(['try_dag']) retrieved from /opt/airflow/dags/dag_trial.py
[2024-05-01T14:33:06.628+0000] {logging_mixin.py:149} INFO - [2024-05-01T14:33:06.628+0000] {dag.py:2726} INFO - Sync 1 DAGs
[2024-05-01T14:33:06.660+0000] {logging_mixin.py:149} INFO - [2024-05-01T14:33:06.660+0000] {dag.py:3490} INFO - Setting next_dagrun for try_dag to None, run_after=None
[2024-05-01T14:33:06.683+0000] {processor.py:179} INFO - Processing /opt/airflow/dags/dag_trial.py took 0.759 seconds
[2024-05-01T14:33:37.235+0000] {processor.py:157} INFO - Started process (PID=1488) to work on /opt/airflow/dags/dag_trial.py
[2024-05-01T14:33:37.236+0000] {processor.py:826} INFO - Processing file /opt/airflow/dags/dag_trial.py for tasks to queue
[2024-05-01T14:33:37.238+0000] {logging_mixin.py:149} INFO - [2024-05-01T14:33:37.238+0000] {dagbag.py:541} INFO - Filling up the DagBag from /opt/airflow/dags/dag_trial.py
[2024-05-01T14:33:37.758+0000] {processor.py:836} INFO - DAG(s) dict_keys(['try_dag']) retrieved from /opt/airflow/dags/dag_trial.py
[2024-05-01T14:33:37.778+0000] {logging_mixin.py:149} INFO - [2024-05-01T14:33:37.778+0000] {dag.py:2726} INFO - Sync 1 DAGs
[2024-05-01T14:33:37.805+0000] {logging_mixin.py:149} INFO - [2024-05-01T14:33:37.805+0000] {dag.py:3490} INFO - Setting next_dagrun for try_dag to None, run_after=None
[2024-05-01T14:33:37.824+0000] {processor.py:179} INFO - Processing /opt/airflow/dags/dag_trial.py took 0.597 seconds
[2024-05-01T14:34:08.171+0000] {processor.py:157} INFO - Started process (PID=1550) to work on /opt/airflow/dags/dag_trial.py
[2024-05-01T14:34:08.172+0000] {processor.py:826} INFO - Processing file /opt/airflow/dags/dag_trial.py for tasks to queue
[2024-05-01T14:34:08.173+0000] {logging_mixin.py:149} INFO - [2024-05-01T14:34:08.172+0000] {dagbag.py:541} INFO - Filling up the DagBag from /opt/airflow/dags/dag_trial.py
[2024-05-01T14:34:08.699+0000] {processor.py:836} INFO - DAG(s) dict_keys(['try_dag']) retrieved from /opt/airflow/dags/dag_trial.py
[2024-05-01T14:34:08.749+0000] {logging_mixin.py:149} INFO - [2024-05-01T14:34:08.748+0000] {dag.py:2726} INFO - Sync 1 DAGs
[2024-05-01T14:34:08.810+0000] {logging_mixin.py:149} INFO - [2024-05-01T14:34:08.810+0000] {dag.py:3490} INFO - Setting next_dagrun for try_dag to None, run_after=None
[2024-05-01T14:34:08.837+0000] {processor.py:179} INFO - Processing /opt/airflow/dags/dag_trial.py took 0.670 seconds
[2024-05-01T14:34:39.405+0000] {processor.py:157} INFO - Started process (PID=1615) to work on /opt/airflow/dags/dag_trial.py
[2024-05-01T14:34:39.414+0000] {processor.py:826} INFO - Processing file /opt/airflow/dags/dag_trial.py for tasks to queue
[2024-05-01T14:34:39.415+0000] {logging_mixin.py:149} INFO - [2024-05-01T14:34:39.415+0000] {dagbag.py:541} INFO - Filling up the DagBag from /opt/airflow/dags/dag_trial.py
[2024-05-01T14:34:40.344+0000] {processor.py:836} INFO - DAG(s) dict_keys(['try_dag']) retrieved from /opt/airflow/dags/dag_trial.py
[2024-05-01T14:34:40.385+0000] {logging_mixin.py:149} INFO - [2024-05-01T14:34:40.384+0000] {dag.py:2726} INFO - Sync 1 DAGs
[2024-05-01T14:34:40.454+0000] {logging_mixin.py:149} INFO - [2024-05-01T14:34:40.453+0000] {dag.py:3490} INFO - Setting next_dagrun for try_dag to None, run_after=None
[2024-05-01T14:34:40.505+0000] {processor.py:179} INFO - Processing /opt/airflow/dags/dag_trial.py took 1.121 seconds
[2024-05-01T14:35:11.113+0000] {processor.py:157} INFO - Started process (PID=1678) to work on /opt/airflow/dags/dag_trial.py
[2024-05-01T14:35:11.120+0000] {processor.py:826} INFO - Processing file /opt/airflow/dags/dag_trial.py for tasks to queue
[2024-05-01T14:35:11.121+0000] {logging_mixin.py:149} INFO - [2024-05-01T14:35:11.121+0000] {dagbag.py:541} INFO - Filling up the DagBag from /opt/airflow/dags/dag_trial.py
[2024-05-01T14:35:11.790+0000] {processor.py:836} INFO - DAG(s) dict_keys(['try_dag']) retrieved from /opt/airflow/dags/dag_trial.py
[2024-05-01T14:35:11.825+0000] {logging_mixin.py:149} INFO - [2024-05-01T14:35:11.824+0000] {dag.py:2726} INFO - Sync 1 DAGs
[2024-05-01T14:35:11.880+0000] {logging_mixin.py:149} INFO - [2024-05-01T14:35:11.880+0000] {dag.py:3490} INFO - Setting next_dagrun for try_dag to None, run_after=None
[2024-05-01T14:35:11.911+0000] {processor.py:179} INFO - Processing /opt/airflow/dags/dag_trial.py took 0.803 seconds
[2024-05-01T14:35:42.401+0000] {processor.py:157} INFO - Started process (PID=1741) to work on /opt/airflow/dags/dag_trial.py
[2024-05-01T14:35:42.402+0000] {processor.py:826} INFO - Processing file /opt/airflow/dags/dag_trial.py for tasks to queue
[2024-05-01T14:35:42.403+0000] {logging_mixin.py:149} INFO - [2024-05-01T14:35:42.403+0000] {dagbag.py:541} INFO - Filling up the DagBag from /opt/airflow/dags/dag_trial.py
[2024-05-01T14:35:43.203+0000] {processor.py:836} INFO - DAG(s) dict_keys(['try_dag']) retrieved from /opt/airflow/dags/dag_trial.py
[2024-05-01T14:35:43.235+0000] {logging_mixin.py:149} INFO - [2024-05-01T14:35:43.234+0000] {dag.py:2726} INFO - Sync 1 DAGs
[2024-05-01T14:35:43.297+0000] {logging_mixin.py:149} INFO - [2024-05-01T14:35:43.297+0000] {dag.py:3490} INFO - Setting next_dagrun for try_dag to None, run_after=None
[2024-05-01T14:35:43.344+0000] {processor.py:179} INFO - Processing /opt/airflow/dags/dag_trial.py took 0.948 seconds
[2024-05-01T14:36:13.564+0000] {processor.py:157} INFO - Started process (PID=1806) to work on /opt/airflow/dags/dag_trial.py
[2024-05-01T14:36:13.565+0000] {processor.py:826} INFO - Processing file /opt/airflow/dags/dag_trial.py for tasks to queue
[2024-05-01T14:36:13.566+0000] {logging_mixin.py:149} INFO - [2024-05-01T14:36:13.566+0000] {dagbag.py:541} INFO - Filling up the DagBag from /opt/airflow/dags/dag_trial.py
[2024-05-01T14:36:14.147+0000] {processor.py:836} INFO - DAG(s) dict_keys(['try_dag']) retrieved from /opt/airflow/dags/dag_trial.py
[2024-05-01T14:36:14.169+0000] {logging_mixin.py:149} INFO - [2024-05-01T14:36:14.169+0000] {dag.py:2726} INFO - Sync 1 DAGs
[2024-05-01T14:36:14.200+0000] {logging_mixin.py:149} INFO - [2024-05-01T14:36:14.200+0000] {dag.py:3490} INFO - Setting next_dagrun for try_dag to None, run_after=None
[2024-05-01T14:36:14.230+0000] {processor.py:179} INFO - Processing /opt/airflow/dags/dag_trial.py took 0.669 seconds
[2024-05-01T14:36:44.278+0000] {processor.py:157} INFO - Started process (PID=1868) to work on /opt/airflow/dags/dag_trial.py
[2024-05-01T14:36:44.279+0000] {processor.py:826} INFO - Processing file /opt/airflow/dags/dag_trial.py for tasks to queue
[2024-05-01T14:36:44.279+0000] {logging_mixin.py:149} INFO - [2024-05-01T14:36:44.279+0000] {dagbag.py:541} INFO - Filling up the DagBag from /opt/airflow/dags/dag_trial.py
[2024-05-01T14:36:44.705+0000] {processor.py:836} INFO - DAG(s) dict_keys(['try_dag']) retrieved from /opt/airflow/dags/dag_trial.py
[2024-05-01T14:36:44.726+0000] {logging_mixin.py:149} INFO - [2024-05-01T14:36:44.726+0000] {dag.py:2726} INFO - Sync 1 DAGs
[2024-05-01T14:36:44.759+0000] {logging_mixin.py:149} INFO - [2024-05-01T14:36:44.759+0000] {dag.py:3490} INFO - Setting next_dagrun for try_dag to None, run_after=None
[2024-05-01T14:36:44.785+0000] {processor.py:179} INFO - Processing /opt/airflow/dags/dag_trial.py took 0.510 seconds
[2024-05-01T14:37:15.466+0000] {processor.py:157} INFO - Started process (PID=1930) to work on /opt/airflow/dags/dag_trial.py
[2024-05-01T14:37:15.476+0000] {processor.py:826} INFO - Processing file /opt/airflow/dags/dag_trial.py for tasks to queue
[2024-05-01T14:37:15.480+0000] {logging_mixin.py:149} INFO - [2024-05-01T14:37:15.479+0000] {dagbag.py:541} INFO - Filling up the DagBag from /opt/airflow/dags/dag_trial.py
[2024-05-01T14:37:16.087+0000] {processor.py:836} INFO - DAG(s) dict_keys(['try_dag']) retrieved from /opt/airflow/dags/dag_trial.py
[2024-05-01T14:37:16.123+0000] {logging_mixin.py:149} INFO - [2024-05-01T14:37:16.122+0000] {dag.py:2726} INFO - Sync 1 DAGs
[2024-05-01T14:37:16.182+0000] {logging_mixin.py:149} INFO - [2024-05-01T14:37:16.181+0000] {dag.py:3490} INFO - Setting next_dagrun for try_dag to None, run_after=None
[2024-05-01T14:37:16.212+0000] {processor.py:179} INFO - Processing /opt/airflow/dags/dag_trial.py took 0.769 seconds
[2024-05-01T14:37:46.818+0000] {processor.py:157} INFO - Started process (PID=1996) to work on /opt/airflow/dags/dag_trial.py
[2024-05-01T14:37:46.824+0000] {processor.py:826} INFO - Processing file /opt/airflow/dags/dag_trial.py for tasks to queue
[2024-05-01T14:37:46.826+0000] {logging_mixin.py:149} INFO - [2024-05-01T14:37:46.826+0000] {dagbag.py:541} INFO - Filling up the DagBag from /opt/airflow/dags/dag_trial.py
[2024-05-01T14:37:47.804+0000] {processor.py:836} INFO - DAG(s) dict_keys(['try_dag']) retrieved from /opt/airflow/dags/dag_trial.py
[2024-05-01T14:37:47.856+0000] {logging_mixin.py:149} INFO - [2024-05-01T14:37:47.855+0000] {dag.py:2726} INFO - Sync 1 DAGs
[2024-05-01T14:37:47.952+0000] {logging_mixin.py:149} INFO - [2024-05-01T14:37:47.952+0000] {dag.py:3490} INFO - Setting next_dagrun for try_dag to None, run_after=None
[2024-05-01T14:37:48.005+0000] {processor.py:179} INFO - Processing /opt/airflow/dags/dag_trial.py took 1.194 seconds
[2024-05-01T14:38:18.055+0000] {processor.py:157} INFO - Started process (PID=2061) to work on /opt/airflow/dags/dag_trial.py
[2024-05-01T14:38:18.056+0000] {processor.py:826} INFO - Processing file /opt/airflow/dags/dag_trial.py for tasks to queue
[2024-05-01T14:38:18.056+0000] {logging_mixin.py:149} INFO - [2024-05-01T14:38:18.056+0000] {dagbag.py:541} INFO - Filling up the DagBag from /opt/airflow/dags/dag_trial.py
[2024-05-01T14:38:18.557+0000] {processor.py:836} INFO - DAG(s) dict_keys(['try_dag']) retrieved from /opt/airflow/dags/dag_trial.py
[2024-05-01T14:38:18.578+0000] {logging_mixin.py:149} INFO - [2024-05-01T14:38:18.577+0000] {dag.py:2726} INFO - Sync 1 DAGs
[2024-05-01T14:38:18.604+0000] {logging_mixin.py:149} INFO - [2024-05-01T14:38:18.604+0000] {dag.py:3490} INFO - Setting next_dagrun for try_dag to None, run_after=None
[2024-05-01T14:38:18.632+0000] {processor.py:179} INFO - Processing /opt/airflow/dags/dag_trial.py took 0.580 seconds
[2024-05-01T14:38:48.997+0000] {processor.py:157} INFO - Started process (PID=2124) to work on /opt/airflow/dags/dag_trial.py
[2024-05-01T14:38:48.998+0000] {processor.py:826} INFO - Processing file /opt/airflow/dags/dag_trial.py for tasks to queue
[2024-05-01T14:38:48.999+0000] {logging_mixin.py:149} INFO - [2024-05-01T14:38:48.999+0000] {dagbag.py:541} INFO - Filling up the DagBag from /opt/airflow/dags/dag_trial.py
[2024-05-01T14:38:49.859+0000] {processor.py:836} INFO - DAG(s) dict_keys(['try_dag']) retrieved from /opt/airflow/dags/dag_trial.py
[2024-05-01T14:38:49.901+0000] {logging_mixin.py:149} INFO - [2024-05-01T14:38:49.900+0000] {dag.py:2726} INFO - Sync 1 DAGs
[2024-05-01T14:38:49.983+0000] {logging_mixin.py:149} INFO - [2024-05-01T14:38:49.982+0000] {dag.py:3490} INFO - Setting next_dagrun for try_dag to None, run_after=None
[2024-05-01T14:38:50.025+0000] {processor.py:179} INFO - Processing /opt/airflow/dags/dag_trial.py took 1.031 seconds
[2024-05-01T14:39:20.514+0000] {processor.py:157} INFO - Started process (PID=2187) to work on /opt/airflow/dags/dag_trial.py
[2024-05-01T14:39:20.525+0000] {processor.py:826} INFO - Processing file /opt/airflow/dags/dag_trial.py for tasks to queue
[2024-05-01T14:39:20.529+0000] {logging_mixin.py:149} INFO - [2024-05-01T14:39:20.528+0000] {dagbag.py:541} INFO - Filling up the DagBag from /opt/airflow/dags/dag_trial.py
[2024-05-01T14:39:21.422+0000] {processor.py:836} INFO - DAG(s) dict_keys(['try_dag']) retrieved from /opt/airflow/dags/dag_trial.py
[2024-05-01T14:39:21.473+0000] {logging_mixin.py:149} INFO - [2024-05-01T14:39:21.472+0000] {dag.py:2726} INFO - Sync 1 DAGs
[2024-05-01T14:39:21.549+0000] {logging_mixin.py:149} INFO - [2024-05-01T14:39:21.548+0000] {dag.py:3490} INFO - Setting next_dagrun for try_dag to None, run_after=None
[2024-05-01T14:39:21.585+0000] {processor.py:179} INFO - Processing /opt/airflow/dags/dag_trial.py took 1.091 seconds
[2024-05-01T14:39:51.773+0000] {processor.py:157} INFO - Started process (PID=2252) to work on /opt/airflow/dags/dag_trial.py
[2024-05-01T14:39:51.778+0000] {processor.py:826} INFO - Processing file /opt/airflow/dags/dag_trial.py for tasks to queue
[2024-05-01T14:39:51.779+0000] {logging_mixin.py:149} INFO - [2024-05-01T14:39:51.779+0000] {dagbag.py:541} INFO - Filling up the DagBag from /opt/airflow/dags/dag_trial.py
[2024-05-01T14:39:52.878+0000] {processor.py:836} INFO - DAG(s) dict_keys(['try_dag']) retrieved from /opt/airflow/dags/dag_trial.py
[2024-05-01T14:39:52.941+0000] {logging_mixin.py:149} INFO - [2024-05-01T14:39:52.940+0000] {dag.py:2726} INFO - Sync 1 DAGs
[2024-05-01T14:39:53.004+0000] {logging_mixin.py:149} INFO - [2024-05-01T14:39:53.004+0000] {dag.py:3490} INFO - Setting next_dagrun for try_dag to None, run_after=None
[2024-05-01T14:39:53.044+0000] {processor.py:179} INFO - Processing /opt/airflow/dags/dag_trial.py took 1.275 seconds
[2024-05-01T14:40:23.138+0000] {processor.py:157} INFO - Started process (PID=2316) to work on /opt/airflow/dags/dag_trial.py
[2024-05-01T14:40:23.139+0000] {processor.py:826} INFO - Processing file /opt/airflow/dags/dag_trial.py for tasks to queue
[2024-05-01T14:40:23.142+0000] {logging_mixin.py:149} INFO - [2024-05-01T14:40:23.141+0000] {dagbag.py:541} INFO - Filling up the DagBag from /opt/airflow/dags/dag_trial.py
[2024-05-01T14:40:24.328+0000] {processor.py:836} INFO - DAG(s) dict_keys(['try_dag']) retrieved from /opt/airflow/dags/dag_trial.py
[2024-05-01T14:40:24.397+0000] {logging_mixin.py:149} INFO - [2024-05-01T14:40:24.396+0000] {dag.py:2726} INFO - Sync 1 DAGs
[2024-05-01T14:40:24.472+0000] {logging_mixin.py:149} INFO - [2024-05-01T14:40:24.472+0000] {dag.py:3490} INFO - Setting next_dagrun for try_dag to None, run_after=None
[2024-05-01T14:40:24.542+0000] {processor.py:179} INFO - Processing /opt/airflow/dags/dag_trial.py took 1.411 seconds
[2024-05-01T14:40:55.355+0000] {processor.py:157} INFO - Started process (PID=2379) to work on /opt/airflow/dags/dag_trial.py
[2024-05-01T14:40:55.364+0000] {processor.py:826} INFO - Processing file /opt/airflow/dags/dag_trial.py for tasks to queue
[2024-05-01T14:40:55.370+0000] {logging_mixin.py:149} INFO - [2024-05-01T14:40:55.370+0000] {dagbag.py:541} INFO - Filling up the DagBag from /opt/airflow/dags/dag_trial.py
[2024-05-01T14:40:56.790+0000] {processor.py:836} INFO - DAG(s) dict_keys(['try_dag']) retrieved from /opt/airflow/dags/dag_trial.py
[2024-05-01T14:40:56.870+0000] {logging_mixin.py:149} INFO - [2024-05-01T14:40:56.869+0000] {dag.py:2726} INFO - Sync 1 DAGs
[2024-05-01T14:40:56.988+0000] {logging_mixin.py:149} INFO - [2024-05-01T14:40:56.987+0000] {dag.py:3490} INFO - Setting next_dagrun for try_dag to None, run_after=None
[2024-05-01T14:40:57.031+0000] {processor.py:179} INFO - Processing /opt/airflow/dags/dag_trial.py took 1.689 seconds
[2024-05-01T14:41:27.911+0000] {processor.py:157} INFO - Started process (PID=2444) to work on /opt/airflow/dags/dag_trial.py
[2024-05-01T14:41:27.917+0000] {processor.py:826} INFO - Processing file /opt/airflow/dags/dag_trial.py for tasks to queue
[2024-05-01T14:41:27.918+0000] {logging_mixin.py:149} INFO - [2024-05-01T14:41:27.918+0000] {dagbag.py:541} INFO - Filling up the DagBag from /opt/airflow/dags/dag_trial.py
[2024-05-01T14:41:28.377+0000] {processor.py:836} INFO - DAG(s) dict_keys(['try_dag']) retrieved from /opt/airflow/dags/dag_trial.py
[2024-05-01T14:41:28.399+0000] {logging_mixin.py:149} INFO - [2024-05-01T14:41:28.399+0000] {dag.py:2726} INFO - Sync 1 DAGs
[2024-05-01T14:41:28.427+0000] {logging_mixin.py:149} INFO - [2024-05-01T14:41:28.427+0000] {dag.py:3490} INFO - Setting next_dagrun for try_dag to None, run_after=None
[2024-05-01T14:41:28.452+0000] {processor.py:179} INFO - Processing /opt/airflow/dags/dag_trial.py took 0.550 seconds
[2024-05-01T14:41:59.419+0000] {processor.py:157} INFO - Started process (PID=2510) to work on /opt/airflow/dags/dag_trial.py
[2024-05-01T14:41:59.420+0000] {processor.py:826} INFO - Processing file /opt/airflow/dags/dag_trial.py for tasks to queue
[2024-05-01T14:41:59.421+0000] {logging_mixin.py:149} INFO - [2024-05-01T14:41:59.420+0000] {dagbag.py:541} INFO - Filling up the DagBag from /opt/airflow/dags/dag_trial.py
[2024-05-01T14:42:00.204+0000] {processor.py:836} INFO - DAG(s) dict_keys(['try_dag']) retrieved from /opt/airflow/dags/dag_trial.py
[2024-05-01T14:42:00.243+0000] {logging_mixin.py:149} INFO - [2024-05-01T14:42:00.242+0000] {dag.py:2726} INFO - Sync 1 DAGs
[2024-05-01T14:42:00.458+0000] {logging_mixin.py:149} INFO - [2024-05-01T14:42:00.458+0000] {dag.py:3490} INFO - Setting next_dagrun for try_dag to None, run_after=None
[2024-05-01T14:42:00.496+0000] {processor.py:179} INFO - Processing /opt/airflow/dags/dag_trial.py took 1.082 seconds
[2024-05-01T14:42:31.392+0000] {processor.py:157} INFO - Started process (PID=2572) to work on /opt/airflow/dags/dag_trial.py
[2024-05-01T14:42:31.400+0000] {processor.py:826} INFO - Processing file /opt/airflow/dags/dag_trial.py for tasks to queue
[2024-05-01T14:42:31.402+0000] {logging_mixin.py:149} INFO - [2024-05-01T14:42:31.401+0000] {dagbag.py:541} INFO - Filling up the DagBag from /opt/airflow/dags/dag_trial.py
[2024-05-01T14:42:31.972+0000] {processor.py:836} INFO - DAG(s) dict_keys(['try_dag']) retrieved from /opt/airflow/dags/dag_trial.py
[2024-05-01T14:42:31.999+0000] {logging_mixin.py:149} INFO - [2024-05-01T14:42:31.998+0000] {dag.py:2726} INFO - Sync 1 DAGs
[2024-05-01T14:42:32.034+0000] {logging_mixin.py:149} INFO - [2024-05-01T14:42:32.034+0000] {dag.py:3490} INFO - Setting next_dagrun for try_dag to None, run_after=None
[2024-05-01T14:42:32.088+0000] {processor.py:179} INFO - Processing /opt/airflow/dags/dag_trial.py took 0.712 seconds
[2024-05-01T14:43:02.461+0000] {processor.py:157} INFO - Started process (PID=2634) to work on /opt/airflow/dags/dag_trial.py
[2024-05-01T14:43:02.462+0000] {processor.py:826} INFO - Processing file /opt/airflow/dags/dag_trial.py for tasks to queue
[2024-05-01T14:43:02.471+0000] {logging_mixin.py:149} INFO - [2024-05-01T14:43:02.464+0000] {dagbag.py:541} INFO - Filling up the DagBag from /opt/airflow/dags/dag_trial.py
[2024-05-01T14:43:02.999+0000] {processor.py:836} INFO - DAG(s) dict_keys(['try_dag']) retrieved from /opt/airflow/dags/dag_trial.py
[2024-05-01T14:43:03.024+0000] {logging_mixin.py:149} INFO - [2024-05-01T14:43:03.023+0000] {dag.py:2726} INFO - Sync 1 DAGs
[2024-05-01T14:43:03.058+0000] {logging_mixin.py:149} INFO - [2024-05-01T14:43:03.057+0000] {dag.py:3490} INFO - Setting next_dagrun for try_dag to None, run_after=None
[2024-05-01T14:43:03.078+0000] {processor.py:179} INFO - Processing /opt/airflow/dags/dag_trial.py took 0.625 seconds
[2024-05-01T14:43:33.139+0000] {processor.py:157} INFO - Started process (PID=2697) to work on /opt/airflow/dags/dag_trial.py
[2024-05-01T14:43:33.144+0000] {processor.py:826} INFO - Processing file /opt/airflow/dags/dag_trial.py for tasks to queue
[2024-05-01T14:43:33.146+0000] {logging_mixin.py:149} INFO - [2024-05-01T14:43:33.146+0000] {dagbag.py:541} INFO - Filling up the DagBag from /opt/airflow/dags/dag_trial.py
[2024-05-01T14:43:34.476+0000] {processor.py:836} INFO - DAG(s) dict_keys(['try_dag']) retrieved from /opt/airflow/dags/dag_trial.py
[2024-05-01T14:43:34.542+0000] {logging_mixin.py:149} INFO - [2024-05-01T14:43:34.539+0000] {dag.py:2726} INFO - Sync 1 DAGs
[2024-05-01T14:43:34.871+0000] {logging_mixin.py:149} INFO - [2024-05-01T14:43:34.870+0000] {dag.py:3490} INFO - Setting next_dagrun for try_dag to None, run_after=None
[2024-05-01T14:43:34.932+0000] {processor.py:179} INFO - Processing /opt/airflow/dags/dag_trial.py took 1.804 seconds
[2024-05-01T14:44:05.076+0000] {processor.py:157} INFO - Started process (PID=2758) to work on /opt/airflow/dags/dag_trial.py
[2024-05-01T14:44:05.084+0000] {processor.py:826} INFO - Processing file /opt/airflow/dags/dag_trial.py for tasks to queue
[2024-05-01T14:44:05.085+0000] {logging_mixin.py:149} INFO - [2024-05-01T14:44:05.085+0000] {dagbag.py:541} INFO - Filling up the DagBag from /opt/airflow/dags/dag_trial.py
[2024-05-01T14:44:05.924+0000] {processor.py:836} INFO - DAG(s) dict_keys(['try_dag']) retrieved from /opt/airflow/dags/dag_trial.py
[2024-05-01T14:44:05.968+0000] {logging_mixin.py:149} INFO - [2024-05-01T14:44:05.967+0000] {dag.py:2726} INFO - Sync 1 DAGs
[2024-05-01T14:44:06.033+0000] {logging_mixin.py:149} INFO - [2024-05-01T14:44:06.032+0000] {dag.py:3490} INFO - Setting next_dagrun for try_dag to None, run_after=None
[2024-05-01T14:44:06.344+0000] {processor.py:179} INFO - Processing /opt/airflow/dags/dag_trial.py took 1.277 seconds
[2024-05-01T14:44:36.716+0000] {processor.py:157} INFO - Started process (PID=2820) to work on /opt/airflow/dags/dag_trial.py
[2024-05-01T14:44:36.723+0000] {processor.py:826} INFO - Processing file /opt/airflow/dags/dag_trial.py for tasks to queue
[2024-05-01T14:44:36.724+0000] {logging_mixin.py:149} INFO - [2024-05-01T14:44:36.724+0000] {dagbag.py:541} INFO - Filling up the DagBag from /opt/airflow/dags/dag_trial.py
[2024-05-01T14:44:37.358+0000] {processor.py:836} INFO - DAG(s) dict_keys(['try_dag']) retrieved from /opt/airflow/dags/dag_trial.py
[2024-05-01T14:44:37.386+0000] {logging_mixin.py:149} INFO - [2024-05-01T14:44:37.386+0000] {dag.py:2726} INFO - Sync 1 DAGs
[2024-05-01T14:44:37.421+0000] {logging_mixin.py:149} INFO - [2024-05-01T14:44:37.421+0000] {dag.py:3490} INFO - Setting next_dagrun for try_dag to None, run_after=None
[2024-05-01T14:44:37.470+0000] {processor.py:179} INFO - Processing /opt/airflow/dags/dag_trial.py took 0.763 seconds
[2024-05-01T14:45:07.629+0000] {processor.py:157} INFO - Started process (PID=2881) to work on /opt/airflow/dags/dag_trial.py
[2024-05-01T14:45:07.630+0000] {processor.py:826} INFO - Processing file /opt/airflow/dags/dag_trial.py for tasks to queue
[2024-05-01T14:45:07.631+0000] {logging_mixin.py:149} INFO - [2024-05-01T14:45:07.631+0000] {dagbag.py:541} INFO - Filling up the DagBag from /opt/airflow/dags/dag_trial.py
[2024-05-01T14:45:08.191+0000] {processor.py:836} INFO - DAG(s) dict_keys(['try_dag']) retrieved from /opt/airflow/dags/dag_trial.py
[2024-05-01T14:45:08.336+0000] {logging_mixin.py:149} INFO - [2024-05-01T14:45:08.335+0000] {dag.py:2726} INFO - Sync 1 DAGs
[2024-05-01T14:45:08.377+0000] {logging_mixin.py:149} INFO - [2024-05-01T14:45:08.377+0000] {dag.py:3490} INFO - Setting next_dagrun for try_dag to None, run_after=None
[2024-05-01T14:45:08.405+0000] {processor.py:179} INFO - Processing /opt/airflow/dags/dag_trial.py took 0.781 seconds
[2024-05-01T14:45:38.450+0000] {processor.py:157} INFO - Started process (PID=2944) to work on /opt/airflow/dags/dag_trial.py
[2024-05-01T14:45:38.451+0000] {processor.py:826} INFO - Processing file /opt/airflow/dags/dag_trial.py for tasks to queue
[2024-05-01T14:45:38.452+0000] {logging_mixin.py:149} INFO - [2024-05-01T14:45:38.452+0000] {dagbag.py:541} INFO - Filling up the DagBag from /opt/airflow/dags/dag_trial.py
[2024-05-01T14:45:38.924+0000] {processor.py:836} INFO - DAG(s) dict_keys(['try_dag']) retrieved from /opt/airflow/dags/dag_trial.py
[2024-05-01T14:45:38.949+0000] {logging_mixin.py:149} INFO - [2024-05-01T14:45:38.948+0000] {dag.py:2726} INFO - Sync 1 DAGs
[2024-05-01T14:45:39.086+0000] {logging_mixin.py:149} INFO - [2024-05-01T14:45:39.086+0000] {dag.py:3490} INFO - Setting next_dagrun for try_dag to None, run_after=None
[2024-05-01T14:45:39.110+0000] {processor.py:179} INFO - Processing /opt/airflow/dags/dag_trial.py took 0.663 seconds
[2024-05-01T14:46:09.633+0000] {processor.py:157} INFO - Started process (PID=3005) to work on /opt/airflow/dags/dag_trial.py
[2024-05-01T14:46:09.634+0000] {processor.py:826} INFO - Processing file /opt/airflow/dags/dag_trial.py for tasks to queue
[2024-05-01T14:46:09.635+0000] {logging_mixin.py:149} INFO - [2024-05-01T14:46:09.635+0000] {dagbag.py:541} INFO - Filling up the DagBag from /opt/airflow/dags/dag_trial.py
[2024-05-01T14:46:10.512+0000] {processor.py:836} INFO - DAG(s) dict_keys(['try_dag']) retrieved from /opt/airflow/dags/dag_trial.py
[2024-05-01T14:46:10.536+0000] {logging_mixin.py:149} INFO - [2024-05-01T14:46:10.536+0000] {dag.py:2726} INFO - Sync 1 DAGs
[2024-05-01T14:46:10.575+0000] {logging_mixin.py:149} INFO - [2024-05-01T14:46:10.575+0000] {dag.py:3490} INFO - Setting next_dagrun for try_dag to None, run_after=None
[2024-05-01T14:46:10.605+0000] {processor.py:179} INFO - Processing /opt/airflow/dags/dag_trial.py took 0.976 seconds
[2024-05-01T14:46:41.007+0000] {processor.py:157} INFO - Started process (PID=3073) to work on /opt/airflow/dags/dag_trial.py
[2024-05-01T14:46:41.008+0000] {processor.py:826} INFO - Processing file /opt/airflow/dags/dag_trial.py for tasks to queue
[2024-05-01T14:46:41.009+0000] {logging_mixin.py:149} INFO - [2024-05-01T14:46:41.009+0000] {dagbag.py:541} INFO - Filling up the DagBag from /opt/airflow/dags/dag_trial.py
[2024-05-01T14:46:41.612+0000] {processor.py:836} INFO - DAG(s) dict_keys(['try_dag']) retrieved from /opt/airflow/dags/dag_trial.py
[2024-05-01T14:46:41.729+0000] {logging_mixin.py:149} INFO - [2024-05-01T14:46:41.729+0000] {dag.py:2726} INFO - Sync 1 DAGs
[2024-05-01T14:46:41.758+0000] {logging_mixin.py:149} INFO - [2024-05-01T14:46:41.757+0000] {dag.py:3490} INFO - Setting next_dagrun for try_dag to None, run_after=None
[2024-05-01T14:46:41.776+0000] {processor.py:179} INFO - Processing /opt/airflow/dags/dag_trial.py took 0.772 seconds
[2024-05-01T14:47:11.938+0000] {processor.py:157} INFO - Started process (PID=3137) to work on /opt/airflow/dags/dag_trial.py
[2024-05-01T14:47:11.938+0000] {processor.py:826} INFO - Processing file /opt/airflow/dags/dag_trial.py for tasks to queue
[2024-05-01T14:47:11.939+0000] {logging_mixin.py:149} INFO - [2024-05-01T14:47:11.939+0000] {dagbag.py:541} INFO - Filling up the DagBag from /opt/airflow/dags/dag_trial.py
[2024-05-01T14:47:12.365+0000] {processor.py:836} INFO - DAG(s) dict_keys(['try_dag']) retrieved from /opt/airflow/dags/dag_trial.py
[2024-05-01T14:47:12.385+0000] {logging_mixin.py:149} INFO - [2024-05-01T14:47:12.385+0000] {dag.py:2726} INFO - Sync 1 DAGs
[2024-05-01T14:47:12.506+0000] {logging_mixin.py:149} INFO - [2024-05-01T14:47:12.506+0000] {dag.py:3490} INFO - Setting next_dagrun for try_dag to None, run_after=None
[2024-05-01T14:47:12.532+0000] {processor.py:179} INFO - Processing /opt/airflow/dags/dag_trial.py took 0.597 seconds
[2024-05-01T14:47:42.920+0000] {processor.py:157} INFO - Started process (PID=3198) to work on /opt/airflow/dags/dag_trial.py
[2024-05-01T14:47:42.928+0000] {processor.py:826} INFO - Processing file /opt/airflow/dags/dag_trial.py for tasks to queue
[2024-05-01T14:47:42.929+0000] {logging_mixin.py:149} INFO - [2024-05-01T14:47:42.929+0000] {dagbag.py:541} INFO - Filling up the DagBag from /opt/airflow/dags/dag_trial.py
[2024-05-01T14:47:43.411+0000] {processor.py:836} INFO - DAG(s) dict_keys(['try_dag']) retrieved from /opt/airflow/dags/dag_trial.py
[2024-05-01T14:47:43.432+0000] {logging_mixin.py:149} INFO - [2024-05-01T14:47:43.432+0000] {dag.py:2726} INFO - Sync 1 DAGs
[2024-05-01T14:47:43.460+0000] {logging_mixin.py:149} INFO - [2024-05-01T14:47:43.460+0000] {dag.py:3490} INFO - Setting next_dagrun for try_dag to None, run_after=None
[2024-05-01T14:47:43.580+0000] {processor.py:179} INFO - Processing /opt/airflow/dags/dag_trial.py took 0.670 seconds
[2024-05-01T14:48:13.849+0000] {processor.py:157} INFO - Started process (PID=3261) to work on /opt/airflow/dags/dag_trial.py
[2024-05-01T14:48:13.850+0000] {processor.py:826} INFO - Processing file /opt/airflow/dags/dag_trial.py for tasks to queue
[2024-05-01T14:48:13.850+0000] {logging_mixin.py:149} INFO - [2024-05-01T14:48:13.850+0000] {dagbag.py:541} INFO - Filling up the DagBag from /opt/airflow/dags/dag_trial.py
[2024-05-01T14:48:14.268+0000] {processor.py:836} INFO - DAG(s) dict_keys(['try_dag']) retrieved from /opt/airflow/dags/dag_trial.py
[2024-05-01T14:48:14.384+0000] {logging_mixin.py:149} INFO - [2024-05-01T14:48:14.384+0000] {dag.py:2726} INFO - Sync 1 DAGs
[2024-05-01T14:48:14.414+0000] {logging_mixin.py:149} INFO - [2024-05-01T14:48:14.414+0000] {dag.py:3490} INFO - Setting next_dagrun for try_dag to None, run_after=None
[2024-05-01T14:48:14.438+0000] {processor.py:179} INFO - Processing /opt/airflow/dags/dag_trial.py took 0.592 seconds
[2024-05-01T14:48:45.097+0000] {processor.py:157} INFO - Started process (PID=3323) to work on /opt/airflow/dags/dag_trial.py
[2024-05-01T14:48:45.105+0000] {processor.py:826} INFO - Processing file /opt/airflow/dags/dag_trial.py for tasks to queue
[2024-05-01T14:48:45.107+0000] {logging_mixin.py:149} INFO - [2024-05-01T14:48:45.107+0000] {dagbag.py:541} INFO - Filling up the DagBag from /opt/airflow/dags/dag_trial.py
[2024-05-01T14:48:45.537+0000] {processor.py:836} INFO - DAG(s) dict_keys(['try_dag']) retrieved from /opt/airflow/dags/dag_trial.py
[2024-05-01T14:48:45.558+0000] {logging_mixin.py:149} INFO - [2024-05-01T14:48:45.557+0000] {dag.py:2726} INFO - Sync 1 DAGs
[2024-05-01T14:48:45.683+0000] {logging_mixin.py:149} INFO - [2024-05-01T14:48:45.682+0000] {dag.py:3490} INFO - Setting next_dagrun for try_dag to None, run_after=None
[2024-05-01T14:48:45.713+0000] {processor.py:179} INFO - Processing /opt/airflow/dags/dag_trial.py took 0.625 seconds
[2024-05-01T14:49:15.847+0000] {processor.py:157} INFO - Started process (PID=3385) to work on /opt/airflow/dags/dag_trial.py
[2024-05-01T14:49:15.849+0000] {processor.py:826} INFO - Processing file /opt/airflow/dags/dag_trial.py for tasks to queue
[2024-05-01T14:49:15.851+0000] {logging_mixin.py:149} INFO - [2024-05-01T14:49:15.851+0000] {dagbag.py:541} INFO - Filling up the DagBag from /opt/airflow/dags/dag_trial.py
[2024-05-01T14:49:16.360+0000] {processor.py:836} INFO - DAG(s) dict_keys(['try_dag']) retrieved from /opt/airflow/dags/dag_trial.py
[2024-05-01T14:49:16.383+0000] {logging_mixin.py:149} INFO - [2024-05-01T14:49:16.383+0000] {dag.py:2726} INFO - Sync 1 DAGs
[2024-05-01T14:49:16.412+0000] {logging_mixin.py:149} INFO - [2024-05-01T14:49:16.412+0000] {dag.py:3490} INFO - Setting next_dagrun for try_dag to None, run_after=None
[2024-05-01T14:49:16.442+0000] {processor.py:179} INFO - Processing /opt/airflow/dags/dag_trial.py took 0.610 seconds
[2024-05-01T14:49:47.107+0000] {processor.py:157} INFO - Started process (PID=3447) to work on /opt/airflow/dags/dag_trial.py
[2024-05-01T14:49:47.114+0000] {processor.py:826} INFO - Processing file /opt/airflow/dags/dag_trial.py for tasks to queue
[2024-05-01T14:49:47.115+0000] {logging_mixin.py:149} INFO - [2024-05-01T14:49:47.115+0000] {dagbag.py:541} INFO - Filling up the DagBag from /opt/airflow/dags/dag_trial.py
[2024-05-01T14:49:47.653+0000] {processor.py:836} INFO - DAG(s) dict_keys(['try_dag']) retrieved from /opt/airflow/dags/dag_trial.py
[2024-05-01T14:49:47.676+0000] {logging_mixin.py:149} INFO - [2024-05-01T14:49:47.676+0000] {dag.py:2726} INFO - Sync 1 DAGs
[2024-05-01T14:49:47.710+0000] {logging_mixin.py:149} INFO - [2024-05-01T14:49:47.709+0000] {dag.py:3490} INFO - Setting next_dagrun for try_dag to None, run_after=None
[2024-05-01T14:49:47.727+0000] {processor.py:179} INFO - Processing /opt/airflow/dags/dag_trial.py took 0.624 seconds
[2024-05-01T14:50:18.454+0000] {processor.py:157} INFO - Started process (PID=3509) to work on /opt/airflow/dags/dag_trial.py
[2024-05-01T14:50:18.457+0000] {processor.py:826} INFO - Processing file /opt/airflow/dags/dag_trial.py for tasks to queue
[2024-05-01T14:50:18.462+0000] {logging_mixin.py:149} INFO - [2024-05-01T14:50:18.461+0000] {dagbag.py:541} INFO - Filling up the DagBag from /opt/airflow/dags/dag_trial.py
[2024-05-01T14:50:19.097+0000] {processor.py:836} INFO - DAG(s) dict_keys(['try_dag']) retrieved from /opt/airflow/dags/dag_trial.py
[2024-05-01T14:50:19.127+0000] {logging_mixin.py:149} INFO - [2024-05-01T14:50:19.127+0000] {dag.py:2726} INFO - Sync 1 DAGs
[2024-05-01T14:50:19.159+0000] {logging_mixin.py:149} INFO - [2024-05-01T14:50:19.159+0000] {dag.py:3490} INFO - Setting next_dagrun for try_dag to None, run_after=None
[2024-05-01T14:50:19.181+0000] {processor.py:179} INFO - Processing /opt/airflow/dags/dag_trial.py took 0.746 seconds
[2024-05-01T14:50:49.883+0000] {processor.py:157} INFO - Started process (PID=3571) to work on /opt/airflow/dags/dag_trial.py
[2024-05-01T14:50:49.887+0000] {processor.py:826} INFO - Processing file /opt/airflow/dags/dag_trial.py for tasks to queue
[2024-05-01T14:50:49.890+0000] {logging_mixin.py:149} INFO - [2024-05-01T14:50:49.889+0000] {dagbag.py:541} INFO - Filling up the DagBag from /opt/airflow/dags/dag_trial.py
[2024-05-01T14:50:51.095+0000] {processor.py:836} INFO - DAG(s) dict_keys(['try_dag']) retrieved from /opt/airflow/dags/dag_trial.py
[2024-05-01T14:50:51.148+0000] {logging_mixin.py:149} INFO - [2024-05-01T14:50:51.147+0000] {dag.py:2726} INFO - Sync 1 DAGs
[2024-05-01T14:50:51.214+0000] {logging_mixin.py:149} INFO - [2024-05-01T14:50:51.214+0000] {dag.py:3490} INFO - Setting next_dagrun for try_dag to None, run_after=None
[2024-05-01T14:50:51.262+0000] {processor.py:179} INFO - Processing /opt/airflow/dags/dag_trial.py took 1.399 seconds
[2024-05-01T14:51:21.597+0000] {processor.py:157} INFO - Started process (PID=3633) to work on /opt/airflow/dags/dag_trial.py
[2024-05-01T14:51:21.598+0000] {processor.py:826} INFO - Processing file /opt/airflow/dags/dag_trial.py for tasks to queue
[2024-05-01T14:51:21.599+0000] {logging_mixin.py:149} INFO - [2024-05-01T14:51:21.599+0000] {dagbag.py:541} INFO - Filling up the DagBag from /opt/airflow/dags/dag_trial.py
[2024-05-01T14:51:22.193+0000] {processor.py:836} INFO - DAG(s) dict_keys(['try_dag']) retrieved from /opt/airflow/dags/dag_trial.py
[2024-05-01T14:51:22.211+0000] {logging_mixin.py:149} INFO - [2024-05-01T14:51:22.211+0000] {dag.py:2726} INFO - Sync 1 DAGs
[2024-05-01T14:51:22.237+0000] {logging_mixin.py:149} INFO - [2024-05-01T14:51:22.237+0000] {dag.py:3490} INFO - Setting next_dagrun for try_dag to None, run_after=None
[2024-05-01T14:51:22.254+0000] {processor.py:179} INFO - Processing /opt/airflow/dags/dag_trial.py took 0.662 seconds
[2024-05-01T14:51:52.732+0000] {processor.py:157} INFO - Started process (PID=3694) to work on /opt/airflow/dags/dag_trial.py
[2024-05-01T14:51:52.740+0000] {processor.py:826} INFO - Processing file /opt/airflow/dags/dag_trial.py for tasks to queue
[2024-05-01T14:51:52.742+0000] {logging_mixin.py:149} INFO - [2024-05-01T14:51:52.742+0000] {dagbag.py:541} INFO - Filling up the DagBag from /opt/airflow/dags/dag_trial.py
[2024-05-01T14:51:53.275+0000] {processor.py:836} INFO - DAG(s) dict_keys(['try_dag']) retrieved from /opt/airflow/dags/dag_trial.py
[2024-05-01T14:51:53.294+0000] {logging_mixin.py:149} INFO - [2024-05-01T14:51:53.294+0000] {dag.py:2726} INFO - Sync 1 DAGs
[2024-05-01T14:51:53.320+0000] {logging_mixin.py:149} INFO - [2024-05-01T14:51:53.320+0000] {dag.py:3490} INFO - Setting next_dagrun for try_dag to None, run_after=None
[2024-05-01T14:51:53.337+0000] {processor.py:179} INFO - Processing /opt/airflow/dags/dag_trial.py took 0.614 seconds
[2024-05-01T14:52:23.601+0000] {processor.py:157} INFO - Started process (PID=3755) to work on /opt/airflow/dags/dag_trial.py
[2024-05-01T14:52:23.604+0000] {processor.py:826} INFO - Processing file /opt/airflow/dags/dag_trial.py for tasks to queue
[2024-05-01T14:52:23.606+0000] {logging_mixin.py:149} INFO - [2024-05-01T14:52:23.605+0000] {dagbag.py:541} INFO - Filling up the DagBag from /opt/airflow/dags/dag_trial.py
[2024-05-01T14:52:24.409+0000] {processor.py:836} INFO - DAG(s) dict_keys(['try_dag']) retrieved from /opt/airflow/dags/dag_trial.py
[2024-05-01T14:52:24.430+0000] {logging_mixin.py:149} INFO - [2024-05-01T14:52:24.430+0000] {dag.py:2726} INFO - Sync 1 DAGs
[2024-05-01T14:52:24.456+0000] {logging_mixin.py:149} INFO - [2024-05-01T14:52:24.456+0000] {dag.py:3490} INFO - Setting next_dagrun for try_dag to None, run_after=None
[2024-05-01T14:52:24.479+0000] {processor.py:179} INFO - Processing /opt/airflow/dags/dag_trial.py took 0.892 seconds
[2024-05-01T14:52:55.043+0000] {processor.py:157} INFO - Started process (PID=3817) to work on /opt/airflow/dags/dag_trial.py
[2024-05-01T14:52:55.050+0000] {processor.py:826} INFO - Processing file /opt/airflow/dags/dag_trial.py for tasks to queue
[2024-05-01T14:52:55.051+0000] {logging_mixin.py:149} INFO - [2024-05-01T14:52:55.051+0000] {dagbag.py:541} INFO - Filling up the DagBag from /opt/airflow/dags/dag_trial.py
[2024-05-01T14:52:55.780+0000] {processor.py:836} INFO - DAG(s) dict_keys(['try_dag']) retrieved from /opt/airflow/dags/dag_trial.py
[2024-05-01T14:52:55.805+0000] {logging_mixin.py:149} INFO - [2024-05-01T14:52:55.804+0000] {dag.py:2726} INFO - Sync 1 DAGs
[2024-05-01T14:52:55.845+0000] {logging_mixin.py:149} INFO - [2024-05-01T14:52:55.845+0000] {dag.py:3490} INFO - Setting next_dagrun for try_dag to None, run_after=None
[2024-05-01T14:52:55.869+0000] {processor.py:179} INFO - Processing /opt/airflow/dags/dag_trial.py took 0.832 seconds
[2024-05-01T14:53:26.065+0000] {processor.py:157} INFO - Started process (PID=3880) to work on /opt/airflow/dags/dag_trial.py
[2024-05-01T14:53:26.074+0000] {processor.py:826} INFO - Processing file /opt/airflow/dags/dag_trial.py for tasks to queue
[2024-05-01T14:53:26.076+0000] {logging_mixin.py:149} INFO - [2024-05-01T14:53:26.076+0000] {dagbag.py:541} INFO - Filling up the DagBag from /opt/airflow/dags/dag_trial.py
[2024-05-01T14:53:27.633+0000] {processor.py:836} INFO - DAG(s) dict_keys(['try_dag']) retrieved from /opt/airflow/dags/dag_trial.py
[2024-05-01T14:53:27.702+0000] {logging_mixin.py:149} INFO - [2024-05-01T14:53:27.701+0000] {dag.py:2726} INFO - Sync 1 DAGs
[2024-05-01T14:53:27.785+0000] {logging_mixin.py:149} INFO - [2024-05-01T14:53:27.784+0000] {dag.py:3490} INFO - Setting next_dagrun for try_dag to None, run_after=None
[2024-05-01T14:53:27.852+0000] {processor.py:179} INFO - Processing /opt/airflow/dags/dag_trial.py took 1.800 seconds
[2024-05-01T14:53:58.724+0000] {processor.py:157} INFO - Started process (PID=3944) to work on /opt/airflow/dags/dag_trial.py
[2024-05-01T14:53:58.725+0000] {processor.py:826} INFO - Processing file /opt/airflow/dags/dag_trial.py for tasks to queue
[2024-05-01T14:53:58.726+0000] {logging_mixin.py:149} INFO - [2024-05-01T14:53:58.726+0000] {dagbag.py:541} INFO - Filling up the DagBag from /opt/airflow/dags/dag_trial.py
[2024-05-01T14:53:59.388+0000] {processor.py:836} INFO - DAG(s) dict_keys(['try_dag']) retrieved from /opt/airflow/dags/dag_trial.py
[2024-05-01T14:53:59.411+0000] {logging_mixin.py:149} INFO - [2024-05-01T14:53:59.410+0000] {dag.py:2726} INFO - Sync 1 DAGs
[2024-05-01T14:53:59.443+0000] {logging_mixin.py:149} INFO - [2024-05-01T14:53:59.443+0000] {dag.py:3490} INFO - Setting next_dagrun for try_dag to None, run_after=None
[2024-05-01T14:53:59.469+0000] {processor.py:179} INFO - Processing /opt/airflow/dags/dag_trial.py took 0.748 seconds
[2024-05-01T14:54:30.311+0000] {processor.py:157} INFO - Started process (PID=4006) to work on /opt/airflow/dags/dag_trial.py
[2024-05-01T14:54:30.312+0000] {processor.py:826} INFO - Processing file /opt/airflow/dags/dag_trial.py for tasks to queue
[2024-05-01T14:54:30.312+0000] {logging_mixin.py:149} INFO - [2024-05-01T14:54:30.312+0000] {dagbag.py:541} INFO - Filling up the DagBag from /opt/airflow/dags/dag_trial.py
[2024-05-01T14:54:31.220+0000] {processor.py:836} INFO - DAG(s) dict_keys(['try_dag']) retrieved from /opt/airflow/dags/dag_trial.py
[2024-05-01T14:54:31.284+0000] {logging_mixin.py:149} INFO - [2024-05-01T14:54:31.283+0000] {dag.py:2726} INFO - Sync 1 DAGs
[2024-05-01T14:54:31.381+0000] {logging_mixin.py:149} INFO - [2024-05-01T14:54:31.380+0000] {dag.py:3490} INFO - Setting next_dagrun for try_dag to None, run_after=None
[2024-05-01T14:54:31.447+0000] {processor.py:179} INFO - Processing /opt/airflow/dags/dag_trial.py took 1.141 seconds
[2024-05-01T14:55:01.990+0000] {processor.py:157} INFO - Started process (PID=4068) to work on /opt/airflow/dags/dag_trial.py
[2024-05-01T14:55:01.997+0000] {processor.py:826} INFO - Processing file /opt/airflow/dags/dag_trial.py for tasks to queue
[2024-05-01T14:55:01.999+0000] {logging_mixin.py:149} INFO - [2024-05-01T14:55:01.999+0000] {dagbag.py:541} INFO - Filling up the DagBag from /opt/airflow/dags/dag_trial.py
[2024-05-01T14:55:02.630+0000] {processor.py:836} INFO - DAG(s) dict_keys(['try_dag']) retrieved from /opt/airflow/dags/dag_trial.py
[2024-05-01T14:55:02.667+0000] {logging_mixin.py:149} INFO - [2024-05-01T14:55:02.666+0000] {dag.py:2726} INFO - Sync 1 DAGs
[2024-05-01T14:55:02.706+0000] {logging_mixin.py:149} INFO - [2024-05-01T14:55:02.706+0000] {dag.py:3490} INFO - Setting next_dagrun for try_dag to None, run_after=None
[2024-05-01T14:55:02.736+0000] {processor.py:179} INFO - Processing /opt/airflow/dags/dag_trial.py took 0.756 seconds
[2024-05-01T15:14:53.707+0000] {processor.py:157} INFO - Started process (PID=6475) to work on /opt/airflow/dags/dag_trial.py
[2024-05-01T15:14:53.708+0000] {processor.py:826} INFO - Processing file /opt/airflow/dags/dag_trial.py for tasks to queue
[2024-05-01T15:14:53.710+0000] {logging_mixin.py:149} INFO - [2024-05-01T15:14:53.710+0000] {dagbag.py:541} INFO - Filling up the DagBag from /opt/airflow/dags/dag_trial.py
[2024-05-01T15:14:54.474+0000] {processor.py:836} INFO - DAG(s) dict_keys(['try_dag']) retrieved from /opt/airflow/dags/dag_trial.py
[2024-05-01T15:14:54.502+0000] {logging_mixin.py:149} INFO - [2024-05-01T15:14:54.502+0000] {dag.py:2726} INFO - Sync 1 DAGs
[2024-05-01T15:14:54.546+0000] {logging_mixin.py:149} INFO - [2024-05-01T15:14:54.545+0000] {dag.py:3490} INFO - Setting next_dagrun for try_dag to None, run_after=None
[2024-05-01T15:14:54.578+0000] {processor.py:179} INFO - Processing /opt/airflow/dags/dag_trial.py took 0.875 seconds
[2024-05-01T15:15:24.718+0000] {processor.py:157} INFO - Started process (PID=6537) to work on /opt/airflow/dags/dag_trial.py
[2024-05-01T15:15:24.725+0000] {processor.py:826} INFO - Processing file /opt/airflow/dags/dag_trial.py for tasks to queue
[2024-05-01T15:15:24.726+0000] {logging_mixin.py:149} INFO - [2024-05-01T15:15:24.726+0000] {dagbag.py:541} INFO - Filling up the DagBag from /opt/airflow/dags/dag_trial.py
[2024-05-01T15:15:25.327+0000] {processor.py:836} INFO - DAG(s) dict_keys(['try_dag']) retrieved from /opt/airflow/dags/dag_trial.py
[2024-05-01T15:15:25.368+0000] {logging_mixin.py:149} INFO - [2024-05-01T15:15:25.367+0000] {dag.py:2726} INFO - Sync 1 DAGs
[2024-05-01T15:15:25.400+0000] {logging_mixin.py:149} INFO - [2024-05-01T15:15:25.400+0000] {dag.py:3490} INFO - Setting next_dagrun for try_dag to None, run_after=None
[2024-05-01T15:15:25.425+0000] {processor.py:179} INFO - Processing /opt/airflow/dags/dag_trial.py took 0.713 seconds
[2024-05-01T15:15:56.287+0000] {processor.py:157} INFO - Started process (PID=6599) to work on /opt/airflow/dags/dag_trial.py
[2024-05-01T15:15:56.289+0000] {processor.py:826} INFO - Processing file /opt/airflow/dags/dag_trial.py for tasks to queue
[2024-05-01T15:15:56.290+0000] {logging_mixin.py:149} INFO - [2024-05-01T15:15:56.290+0000] {dagbag.py:541} INFO - Filling up the DagBag from /opt/airflow/dags/dag_trial.py
[2024-05-01T15:15:56.851+0000] {processor.py:836} INFO - DAG(s) dict_keys(['try_dag']) retrieved from /opt/airflow/dags/dag_trial.py
[2024-05-01T15:15:56.871+0000] {logging_mixin.py:149} INFO - [2024-05-01T15:15:56.871+0000] {dag.py:2726} INFO - Sync 1 DAGs
[2024-05-01T15:15:56.901+0000] {logging_mixin.py:149} INFO - [2024-05-01T15:15:56.901+0000] {dag.py:3490} INFO - Setting next_dagrun for try_dag to None, run_after=None
[2024-05-01T15:15:56.926+0000] {processor.py:179} INFO - Processing /opt/airflow/dags/dag_trial.py took 0.647 seconds
[2024-05-01T15:16:26.985+0000] {processor.py:157} INFO - Started process (PID=6664) to work on /opt/airflow/dags/dag_trial.py
[2024-05-01T15:16:26.985+0000] {processor.py:826} INFO - Processing file /opt/airflow/dags/dag_trial.py for tasks to queue
[2024-05-01T15:16:26.986+0000] {logging_mixin.py:149} INFO - [2024-05-01T15:16:26.986+0000] {dagbag.py:541} INFO - Filling up the DagBag from /opt/airflow/dags/dag_trial.py
[2024-05-01T15:16:27.565+0000] {processor.py:836} INFO - DAG(s) dict_keys(['try_dag']) retrieved from /opt/airflow/dags/dag_trial.py
[2024-05-01T15:16:27.589+0000] {logging_mixin.py:149} INFO - [2024-05-01T15:16:27.588+0000] {dag.py:2726} INFO - Sync 1 DAGs
[2024-05-01T15:16:27.622+0000] {logging_mixin.py:149} INFO - [2024-05-01T15:16:27.622+0000] {dag.py:3490} INFO - Setting next_dagrun for try_dag to None, run_after=None
[2024-05-01T15:16:27.647+0000] {processor.py:179} INFO - Processing /opt/airflow/dags/dag_trial.py took 0.666 seconds
[2024-05-01T15:16:58.341+0000] {processor.py:157} INFO - Started process (PID=6726) to work on /opt/airflow/dags/dag_trial.py
[2024-05-01T15:16:58.345+0000] {processor.py:826} INFO - Processing file /opt/airflow/dags/dag_trial.py for tasks to queue
[2024-05-01T15:16:58.348+0000] {logging_mixin.py:149} INFO - [2024-05-01T15:16:58.347+0000] {dagbag.py:541} INFO - Filling up the DagBag from /opt/airflow/dags/dag_trial.py
[2024-05-01T15:16:59.143+0000] {processor.py:836} INFO - DAG(s) dict_keys(['try_dag']) retrieved from /opt/airflow/dags/dag_trial.py
[2024-05-01T15:16:59.166+0000] {logging_mixin.py:149} INFO - [2024-05-01T15:16:59.165+0000] {dag.py:2726} INFO - Sync 1 DAGs
[2024-05-01T15:16:59.202+0000] {logging_mixin.py:149} INFO - [2024-05-01T15:16:59.201+0000] {dag.py:3490} INFO - Setting next_dagrun for try_dag to None, run_after=None
[2024-05-01T15:16:59.228+0000] {processor.py:179} INFO - Processing /opt/airflow/dags/dag_trial.py took 0.898 seconds
[2024-05-01T15:17:30.088+0000] {processor.py:157} INFO - Started process (PID=6789) to work on /opt/airflow/dags/dag_trial.py
[2024-05-01T15:17:30.095+0000] {processor.py:826} INFO - Processing file /opt/airflow/dags/dag_trial.py for tasks to queue
[2024-05-01T15:17:30.097+0000] {logging_mixin.py:149} INFO - [2024-05-01T15:17:30.096+0000] {dagbag.py:541} INFO - Filling up the DagBag from /opt/airflow/dags/dag_trial.py
[2024-05-01T15:17:30.729+0000] {processor.py:836} INFO - DAG(s) dict_keys(['try_dag']) retrieved from /opt/airflow/dags/dag_trial.py
[2024-05-01T15:17:30.762+0000] {logging_mixin.py:149} INFO - [2024-05-01T15:17:30.761+0000] {dag.py:2726} INFO - Sync 1 DAGs
[2024-05-01T15:17:30.803+0000] {logging_mixin.py:149} INFO - [2024-05-01T15:17:30.803+0000] {dag.py:3490} INFO - Setting next_dagrun for try_dag to None, run_after=None
[2024-05-01T15:17:30.836+0000] {processor.py:179} INFO - Processing /opt/airflow/dags/dag_trial.py took 0.755 seconds
[2024-05-01T15:18:01.082+0000] {processor.py:157} INFO - Started process (PID=6855) to work on /opt/airflow/dags/dag_trial.py
[2024-05-01T15:18:01.083+0000] {processor.py:826} INFO - Processing file /opt/airflow/dags/dag_trial.py for tasks to queue
[2024-05-01T15:18:01.085+0000] {logging_mixin.py:149} INFO - [2024-05-01T15:18:01.084+0000] {dagbag.py:541} INFO - Filling up the DagBag from /opt/airflow/dags/dag_trial.py
[2024-05-01T15:18:01.651+0000] {processor.py:836} INFO - DAG(s) dict_keys(['try_dag']) retrieved from /opt/airflow/dags/dag_trial.py
[2024-05-01T15:18:01.672+0000] {logging_mixin.py:149} INFO - [2024-05-01T15:18:01.671+0000] {dag.py:2726} INFO - Sync 1 DAGs
[2024-05-01T15:18:01.703+0000] {logging_mixin.py:149} INFO - [2024-05-01T15:18:01.703+0000] {dag.py:3490} INFO - Setting next_dagrun for try_dag to None, run_after=None
[2024-05-01T15:18:01.729+0000] {processor.py:179} INFO - Processing /opt/airflow/dags/dag_trial.py took 0.650 seconds
[2024-05-01T15:18:31.812+0000] {processor.py:157} INFO - Started process (PID=6918) to work on /opt/airflow/dags/dag_trial.py
[2024-05-01T15:18:31.813+0000] {processor.py:826} INFO - Processing file /opt/airflow/dags/dag_trial.py for tasks to queue
[2024-05-01T15:18:31.814+0000] {logging_mixin.py:149} INFO - [2024-05-01T15:18:31.814+0000] {dagbag.py:541} INFO - Filling up the DagBag from /opt/airflow/dags/dag_trial.py
[2024-05-01T15:18:32.438+0000] {processor.py:836} INFO - DAG(s) dict_keys(['try_dag']) retrieved from /opt/airflow/dags/dag_trial.py
[2024-05-01T15:18:32.458+0000] {logging_mixin.py:149} INFO - [2024-05-01T15:18:32.457+0000] {dag.py:2726} INFO - Sync 1 DAGs
[2024-05-01T15:18:32.486+0000] {logging_mixin.py:149} INFO - [2024-05-01T15:18:32.486+0000] {dag.py:3490} INFO - Setting next_dagrun for try_dag to None, run_after=None
[2024-05-01T15:18:32.511+0000] {processor.py:179} INFO - Processing /opt/airflow/dags/dag_trial.py took 0.702 seconds
[2024-05-01T15:19:02.689+0000] {processor.py:157} INFO - Started process (PID=6980) to work on /opt/airflow/dags/dag_trial.py
[2024-05-01T15:19:02.690+0000] {processor.py:826} INFO - Processing file /opt/airflow/dags/dag_trial.py for tasks to queue
[2024-05-01T15:19:02.691+0000] {logging_mixin.py:149} INFO - [2024-05-01T15:19:02.691+0000] {dagbag.py:541} INFO - Filling up the DagBag from /opt/airflow/dags/dag_trial.py
[2024-05-01T15:19:03.439+0000] {processor.py:836} INFO - DAG(s) dict_keys(['try_dag']) retrieved from /opt/airflow/dags/dag_trial.py
[2024-05-01T15:19:03.463+0000] {logging_mixin.py:149} INFO - [2024-05-01T15:19:03.462+0000] {dag.py:2726} INFO - Sync 1 DAGs
[2024-05-01T15:19:03.498+0000] {logging_mixin.py:149} INFO - [2024-05-01T15:19:03.498+0000] {dag.py:3490} INFO - Setting next_dagrun for try_dag to None, run_after=None
[2024-05-01T15:19:03.521+0000] {processor.py:179} INFO - Processing /opt/airflow/dags/dag_trial.py took 0.836 seconds
[2024-05-01T15:19:33.929+0000] {processor.py:157} INFO - Started process (PID=7041) to work on /opt/airflow/dags/dag_trial.py
[2024-05-01T15:19:33.936+0000] {processor.py:826} INFO - Processing file /opt/airflow/dags/dag_trial.py for tasks to queue
[2024-05-01T15:19:33.937+0000] {logging_mixin.py:149} INFO - [2024-05-01T15:19:33.937+0000] {dagbag.py:541} INFO - Filling up the DagBag from /opt/airflow/dags/dag_trial.py
[2024-05-01T15:19:34.645+0000] {processor.py:836} INFO - DAG(s) dict_keys(['try_dag']) retrieved from /opt/airflow/dags/dag_trial.py
[2024-05-01T15:19:34.671+0000] {logging_mixin.py:149} INFO - [2024-05-01T15:19:34.670+0000] {dag.py:2726} INFO - Sync 1 DAGs
[2024-05-01T15:19:34.703+0000] {logging_mixin.py:149} INFO - [2024-05-01T15:19:34.702+0000] {dag.py:3490} INFO - Setting next_dagrun for try_dag to None, run_after=None
[2024-05-01T15:19:34.729+0000] {processor.py:179} INFO - Processing /opt/airflow/dags/dag_trial.py took 0.805 seconds
[2024-05-01T15:20:04.909+0000] {processor.py:157} INFO - Started process (PID=7103) to work on /opt/airflow/dags/dag_trial.py
[2024-05-01T15:20:04.914+0000] {processor.py:826} INFO - Processing file /opt/airflow/dags/dag_trial.py for tasks to queue
[2024-05-01T15:20:04.916+0000] {logging_mixin.py:149} INFO - [2024-05-01T15:20:04.915+0000] {dagbag.py:541} INFO - Filling up the DagBag from /opt/airflow/dags/dag_trial.py
[2024-05-01T15:20:06.105+0000] {processor.py:836} INFO - DAG(s) dict_keys(['try_dag']) retrieved from /opt/airflow/dags/dag_trial.py
[2024-05-01T15:20:06.134+0000] {logging_mixin.py:149} INFO - [2024-05-01T15:20:06.134+0000] {dag.py:2726} INFO - Sync 1 DAGs
[2024-05-01T15:20:06.180+0000] {logging_mixin.py:149} INFO - [2024-05-01T15:20:06.180+0000] {dag.py:3490} INFO - Setting next_dagrun for try_dag to None, run_after=None
[2024-05-01T15:20:06.207+0000] {processor.py:179} INFO - Processing /opt/airflow/dags/dag_trial.py took 1.309 seconds
[2024-05-01T15:20:36.453+0000] {processor.py:157} INFO - Started process (PID=7167) to work on /opt/airflow/dags/dag_trial.py
[2024-05-01T15:20:36.455+0000] {processor.py:826} INFO - Processing file /opt/airflow/dags/dag_trial.py for tasks to queue
[2024-05-01T15:20:36.456+0000] {logging_mixin.py:149} INFO - [2024-05-01T15:20:36.456+0000] {dagbag.py:541} INFO - Filling up the DagBag from /opt/airflow/dags/dag_trial.py
[2024-05-01T15:20:37.493+0000] {processor.py:836} INFO - DAG(s) dict_keys(['try_dag']) retrieved from /opt/airflow/dags/dag_trial.py
[2024-05-01T15:20:37.543+0000] {logging_mixin.py:149} INFO - [2024-05-01T15:20:37.542+0000] {dag.py:2726} INFO - Sync 1 DAGs
[2024-05-01T15:20:37.693+0000] {logging_mixin.py:149} INFO - [2024-05-01T15:20:37.693+0000] {dag.py:3490} INFO - Setting next_dagrun for try_dag to None, run_after=None
[2024-05-01T15:20:37.752+0000] {processor.py:179} INFO - Processing /opt/airflow/dags/dag_trial.py took 1.311 seconds
[2024-05-01T15:21:08.432+0000] {processor.py:157} INFO - Started process (PID=7231) to work on /opt/airflow/dags/dag_trial.py
[2024-05-01T15:21:08.440+0000] {processor.py:826} INFO - Processing file /opt/airflow/dags/dag_trial.py for tasks to queue
[2024-05-01T15:21:08.442+0000] {logging_mixin.py:149} INFO - [2024-05-01T15:21:08.441+0000] {dagbag.py:541} INFO - Filling up the DagBag from /opt/airflow/dags/dag_trial.py
[2024-05-01T15:21:09.664+0000] {processor.py:836} INFO - DAG(s) dict_keys(['try_dag']) retrieved from /opt/airflow/dags/dag_trial.py
[2024-05-01T15:21:09.714+0000] {logging_mixin.py:149} INFO - [2024-05-01T15:21:09.714+0000] {dag.py:2726} INFO - Sync 1 DAGs
[2024-05-01T15:21:09.794+0000] {logging_mixin.py:149} INFO - [2024-05-01T15:21:09.794+0000] {dag.py:3490} INFO - Setting next_dagrun for try_dag to None, run_after=None
[2024-05-01T15:21:09.844+0000] {processor.py:179} INFO - Processing /opt/airflow/dags/dag_trial.py took 1.418 seconds
