[2024-05-01T13:31:09.836+0000] {processor.py:157} INFO - Started process (PID=31) to work on /opt/airflow/dags/trial_dag.py
[2024-05-01T13:31:09.837+0000] {processor.py:826} INFO - Processing file /opt/airflow/dags/trial_dag.py for tasks to queue
[2024-05-01T13:31:09.839+0000] {logging_mixin.py:149} INFO - [2024-05-01T13:31:09.838+0000] {dagbag.py:541} INFO - Filling up the DagBag from /opt/airflow/dags/trial_dag.py
[2024-05-01T13:31:09.861+0000] {processor.py:836} INFO - DAG(s) dict_keys(['simple_dag']) retrieved from /opt/airflow/dags/trial_dag.py
[2024-05-01T13:31:10.295+0000] {logging_mixin.py:149} INFO - [2024-05-01T13:31:10.294+0000] {manager.py:504} INFO - Created Permission View: can edit on DAG:simple_dag
[2024-05-01T13:31:10.339+0000] {logging_mixin.py:149} INFO - [2024-05-01T13:31:10.339+0000] {manager.py:504} INFO - Created Permission View: can delete on DAG:simple_dag
[2024-05-01T13:31:10.370+0000] {logging_mixin.py:149} INFO - [2024-05-01T13:31:10.370+0000] {manager.py:504} INFO - Created Permission View: can read on DAG:simple_dag
[2024-05-01T13:31:10.371+0000] {logging_mixin.py:149} INFO - [2024-05-01T13:31:10.371+0000] {dag.py:2726} INFO - Sync 1 DAGs
[2024-05-01T13:31:10.451+0000] {logging_mixin.py:149} INFO - [2024-05-01T13:31:10.450+0000] {dag.py:2747} INFO - Creating ORM DAG for simple_dag
[2024-05-01T13:31:10.510+0000] {logging_mixin.py:149} INFO - [2024-05-01T13:31:10.509+0000] {dag.py:3490} INFO - Setting next_dagrun for simple_dag to 2024-05-01T00:00:00+00:00, run_after=2024-05-02T00:00:00+00:00
[2024-05-01T13:31:10.615+0000] {processor.py:179} INFO - Processing /opt/airflow/dags/trial_dag.py took 0.786 seconds
[2024-05-01T13:31:37.017+0000] {processor.py:157} INFO - Started process (PID=89) to work on /opt/airflow/dags/trial_dag.py
[2024-05-01T13:31:37.020+0000] {processor.py:826} INFO - Processing file /opt/airflow/dags/trial_dag.py for tasks to queue
[2024-05-01T13:31:37.023+0000] {logging_mixin.py:149} INFO - [2024-05-01T13:31:37.023+0000] {dagbag.py:541} INFO - Filling up the DagBag from /opt/airflow/dags/trial_dag.py
[2024-05-01T13:31:37.047+0000] {processor.py:836} INFO - DAG(s) dict_keys(['simple_dag']) retrieved from /opt/airflow/dags/trial_dag.py
[2024-05-01T13:31:37.085+0000] {logging_mixin.py:149} INFO - [2024-05-01T13:31:37.084+0000] {dag.py:2726} INFO - Sync 1 DAGs
[2024-05-01T13:31:37.124+0000] {logging_mixin.py:149} INFO - [2024-05-01T13:31:37.123+0000] {dag.py:3490} INFO - Setting next_dagrun for simple_dag to 2024-05-01T00:00:00+00:00, run_after=2024-05-02T00:00:00+00:00
[2024-05-01T13:31:37.153+0000] {processor.py:179} INFO - Processing /opt/airflow/dags/trial_dag.py took 0.160 seconds
[2024-05-01T13:31:38.027+0000] {processor.py:157} INFO - Started process (PID=90) to work on /opt/airflow/dags/trial_dag.py
[2024-05-01T13:31:38.028+0000] {processor.py:826} INFO - Processing file /opt/airflow/dags/trial_dag.py for tasks to queue
[2024-05-01T13:31:38.029+0000] {logging_mixin.py:149} INFO - [2024-05-01T13:31:38.029+0000] {dagbag.py:541} INFO - Filling up the DagBag from /opt/airflow/dags/trial_dag.py
[2024-05-01T13:31:38.040+0000] {processor.py:836} INFO - DAG(s) dict_keys(['simple_dag']) retrieved from /opt/airflow/dags/trial_dag.py
[2024-05-01T13:31:38.054+0000] {logging_mixin.py:149} INFO - [2024-05-01T13:31:38.054+0000] {dag.py:2726} INFO - Sync 1 DAGs
[2024-05-01T13:31:38.082+0000] {logging_mixin.py:149} INFO - [2024-05-01T13:31:38.082+0000] {dag.py:3490} INFO - Setting next_dagrun for simple_dag to 2024-05-01T00:00:00+00:00, run_after=2024-05-02T00:00:00+00:00
[2024-05-01T13:31:38.104+0000] {processor.py:179} INFO - Processing /opt/airflow/dags/trial_dag.py took 0.083 seconds
[2024-05-01T13:32:08.602+0000] {processor.py:157} INFO - Started process (PID=147) to work on /opt/airflow/dags/trial_dag.py
[2024-05-01T13:32:08.610+0000] {processor.py:826} INFO - Processing file /opt/airflow/dags/trial_dag.py for tasks to queue
[2024-05-01T13:32:08.612+0000] {logging_mixin.py:149} INFO - [2024-05-01T13:32:08.612+0000] {dagbag.py:541} INFO - Filling up the DagBag from /opt/airflow/dags/trial_dag.py
[2024-05-01T13:32:08.626+0000] {processor.py:836} INFO - DAG(s) dict_keys(['simple_dag']) retrieved from /opt/airflow/dags/trial_dag.py
[2024-05-01T13:32:08.658+0000] {logging_mixin.py:149} INFO - [2024-05-01T13:32:08.657+0000] {dag.py:2726} INFO - Sync 1 DAGs
[2024-05-01T13:32:08.690+0000] {logging_mixin.py:149} INFO - [2024-05-01T13:32:08.690+0000] {dag.py:3490} INFO - Setting next_dagrun for simple_dag to 2024-05-01T00:00:00+00:00, run_after=2024-05-02T00:00:00+00:00
[2024-05-01T13:32:08.826+0000] {processor.py:179} INFO - Processing /opt/airflow/dags/trial_dag.py took 0.234 seconds
[2024-05-01T13:32:39.755+0000] {processor.py:157} INFO - Started process (PID=205) to work on /opt/airflow/dags/trial_dag.py
[2024-05-01T13:32:39.762+0000] {processor.py:826} INFO - Processing file /opt/airflow/dags/trial_dag.py for tasks to queue
[2024-05-01T13:32:39.763+0000] {logging_mixin.py:149} INFO - [2024-05-01T13:32:39.763+0000] {dagbag.py:541} INFO - Filling up the DagBag from /opt/airflow/dags/trial_dag.py
[2024-05-01T13:32:39.772+0000] {processor.py:836} INFO - DAG(s) dict_keys(['simple_dag']) retrieved from /opt/airflow/dags/trial_dag.py
[2024-05-01T13:32:39.901+0000] {logging_mixin.py:149} INFO - [2024-05-01T13:32:39.901+0000] {dag.py:2726} INFO - Sync 1 DAGs
[2024-05-01T13:32:39.940+0000] {logging_mixin.py:149} INFO - [2024-05-01T13:32:39.940+0000] {dag.py:3490} INFO - Setting next_dagrun for simple_dag to 2024-05-01T00:00:00+00:00, run_after=2024-05-02T00:00:00+00:00
[2024-05-01T13:32:39.975+0000] {processor.py:179} INFO - Processing /opt/airflow/dags/trial_dag.py took 0.226 seconds
[2024-05-01T13:33:10.031+0000] {processor.py:157} INFO - Started process (PID=263) to work on /opt/airflow/dags/trial_dag.py
[2024-05-01T13:33:10.032+0000] {processor.py:826} INFO - Processing file /opt/airflow/dags/trial_dag.py for tasks to queue
[2024-05-01T13:33:10.033+0000] {logging_mixin.py:149} INFO - [2024-05-01T13:33:10.033+0000] {dagbag.py:541} INFO - Filling up the DagBag from /opt/airflow/dags/trial_dag.py
[2024-05-01T13:33:10.041+0000] {processor.py:836} INFO - DAG(s) dict_keys(['simple_dag']) retrieved from /opt/airflow/dags/trial_dag.py
[2024-05-01T13:33:10.068+0000] {logging_mixin.py:149} INFO - [2024-05-01T13:33:10.068+0000] {dag.py:2726} INFO - Sync 1 DAGs
[2024-05-01T13:33:10.104+0000] {logging_mixin.py:149} INFO - [2024-05-01T13:33:10.104+0000] {dag.py:3490} INFO - Setting next_dagrun for simple_dag to 2024-05-01T00:00:00+00:00, run_after=2024-05-02T00:00:00+00:00
[2024-05-01T13:33:10.129+0000] {processor.py:179} INFO - Processing /opt/airflow/dags/trial_dag.py took 0.101 seconds
[2024-05-01T13:33:40.594+0000] {processor.py:157} INFO - Started process (PID=321) to work on /opt/airflow/dags/trial_dag.py
[2024-05-01T13:33:40.595+0000] {processor.py:826} INFO - Processing file /opt/airflow/dags/trial_dag.py for tasks to queue
[2024-05-01T13:33:40.596+0000] {logging_mixin.py:149} INFO - [2024-05-01T13:33:40.596+0000] {dagbag.py:541} INFO - Filling up the DagBag from /opt/airflow/dags/trial_dag.py
[2024-05-01T13:33:40.618+0000] {processor.py:836} INFO - DAG(s) dict_keys(['simple_dag']) retrieved from /opt/airflow/dags/trial_dag.py
[2024-05-01T13:33:40.723+0000] {logging_mixin.py:149} INFO - [2024-05-01T13:33:40.722+0000] {dag.py:2726} INFO - Sync 1 DAGs
[2024-05-01T13:33:40.784+0000] {logging_mixin.py:149} INFO - [2024-05-01T13:33:40.784+0000] {dag.py:3490} INFO - Setting next_dagrun for simple_dag to 2024-05-01T00:00:00+00:00, run_after=2024-05-02T00:00:00+00:00
[2024-05-01T13:33:40.835+0000] {processor.py:179} INFO - Processing /opt/airflow/dags/trial_dag.py took 0.251 seconds
[2024-05-01T13:34:11.552+0000] {processor.py:157} INFO - Started process (PID=378) to work on /opt/airflow/dags/trial_dag.py
[2024-05-01T13:34:11.553+0000] {processor.py:826} INFO - Processing file /opt/airflow/dags/trial_dag.py for tasks to queue
[2024-05-01T13:34:11.554+0000] {logging_mixin.py:149} INFO - [2024-05-01T13:34:11.553+0000] {dagbag.py:541} INFO - Filling up the DagBag from /opt/airflow/dags/trial_dag.py
[2024-05-01T13:34:11.562+0000] {processor.py:836} INFO - DAG(s) dict_keys(['simple_dag']) retrieved from /opt/airflow/dags/trial_dag.py
[2024-05-01T13:34:11.592+0000] {logging_mixin.py:149} INFO - [2024-05-01T13:34:11.591+0000] {dag.py:2726} INFO - Sync 1 DAGs
[2024-05-01T13:34:11.636+0000] {logging_mixin.py:149} INFO - [2024-05-01T13:34:11.636+0000] {dag.py:3490} INFO - Setting next_dagrun for simple_dag to 2024-05-01T00:00:00+00:00, run_after=2024-05-02T00:00:00+00:00
[2024-05-01T13:34:11.681+0000] {processor.py:179} INFO - Processing /opt/airflow/dags/trial_dag.py took 0.134 seconds
[2024-05-01T13:34:42.080+0000] {processor.py:157} INFO - Started process (PID=436) to work on /opt/airflow/dags/trial_dag.py
[2024-05-01T13:34:42.081+0000] {processor.py:826} INFO - Processing file /opt/airflow/dags/trial_dag.py for tasks to queue
[2024-05-01T13:34:42.082+0000] {logging_mixin.py:149} INFO - [2024-05-01T13:34:42.082+0000] {dagbag.py:541} INFO - Filling up the DagBag from /opt/airflow/dags/trial_dag.py
[2024-05-01T13:34:42.091+0000] {processor.py:836} INFO - DAG(s) dict_keys(['simple_dag']) retrieved from /opt/airflow/dags/trial_dag.py
[2024-05-01T13:34:42.116+0000] {logging_mixin.py:149} INFO - [2024-05-01T13:34:42.115+0000] {dag.py:2726} INFO - Sync 1 DAGs
[2024-05-01T13:34:42.143+0000] {logging_mixin.py:149} INFO - [2024-05-01T13:34:42.143+0000] {dag.py:3490} INFO - Setting next_dagrun for simple_dag to 2024-05-01T00:00:00+00:00, run_after=2024-05-02T00:00:00+00:00
[2024-05-01T13:34:42.162+0000] {processor.py:179} INFO - Processing /opt/airflow/dags/trial_dag.py took 0.087 seconds
[2024-05-01T13:35:12.676+0000] {processor.py:157} INFO - Started process (PID=494) to work on /opt/airflow/dags/trial_dag.py
[2024-05-01T13:35:12.683+0000] {processor.py:826} INFO - Processing file /opt/airflow/dags/trial_dag.py for tasks to queue
[2024-05-01T13:35:12.684+0000] {logging_mixin.py:149} INFO - [2024-05-01T13:35:12.684+0000] {dagbag.py:541} INFO - Filling up the DagBag from /opt/airflow/dags/trial_dag.py
[2024-05-01T13:35:12.692+0000] {processor.py:836} INFO - DAG(s) dict_keys(['simple_dag']) retrieved from /opt/airflow/dags/trial_dag.py
[2024-05-01T13:35:12.715+0000] {logging_mixin.py:149} INFO - [2024-05-01T13:35:12.714+0000] {dag.py:2726} INFO - Sync 1 DAGs
[2024-05-01T13:35:12.742+0000] {logging_mixin.py:149} INFO - [2024-05-01T13:35:12.742+0000] {dag.py:3490} INFO - Setting next_dagrun for simple_dag to 2024-05-01T00:00:00+00:00, run_after=2024-05-02T00:00:00+00:00
[2024-05-01T13:35:12.762+0000] {processor.py:179} INFO - Processing /opt/airflow/dags/trial_dag.py took 0.094 seconds
[2024-05-01T13:35:43.127+0000] {processor.py:157} INFO - Started process (PID=551) to work on /opt/airflow/dags/trial_dag.py
[2024-05-01T13:35:43.128+0000] {processor.py:826} INFO - Processing file /opt/airflow/dags/trial_dag.py for tasks to queue
[2024-05-01T13:35:43.129+0000] {logging_mixin.py:149} INFO - [2024-05-01T13:35:43.129+0000] {dagbag.py:541} INFO - Filling up the DagBag from /opt/airflow/dags/trial_dag.py
[2024-05-01T13:35:43.137+0000] {processor.py:836} INFO - DAG(s) dict_keys(['simple_dag']) retrieved from /opt/airflow/dags/trial_dag.py
[2024-05-01T13:35:43.161+0000] {logging_mixin.py:149} INFO - [2024-05-01T13:35:43.161+0000] {dag.py:2726} INFO - Sync 1 DAGs
[2024-05-01T13:35:43.193+0000] {logging_mixin.py:149} INFO - [2024-05-01T13:35:43.193+0000] {dag.py:3490} INFO - Setting next_dagrun for simple_dag to 2024-05-01T00:00:00+00:00, run_after=2024-05-02T00:00:00+00:00
[2024-05-01T13:35:43.213+0000] {processor.py:179} INFO - Processing /opt/airflow/dags/trial_dag.py took 0.092 seconds
[2024-05-01T13:36:13.920+0000] {processor.py:157} INFO - Started process (PID=609) to work on /opt/airflow/dags/trial_dag.py
[2024-05-01T13:36:13.927+0000] {processor.py:826} INFO - Processing file /opt/airflow/dags/trial_dag.py for tasks to queue
[2024-05-01T13:36:13.928+0000] {logging_mixin.py:149} INFO - [2024-05-01T13:36:13.928+0000] {dagbag.py:541} INFO - Filling up the DagBag from /opt/airflow/dags/trial_dag.py
[2024-05-01T13:36:13.935+0000] {processor.py:836} INFO - DAG(s) dict_keys(['simple_dag']) retrieved from /opt/airflow/dags/trial_dag.py
[2024-05-01T13:36:13.959+0000] {logging_mixin.py:149} INFO - [2024-05-01T13:36:13.958+0000] {dag.py:2726} INFO - Sync 1 DAGs
[2024-05-01T13:36:13.987+0000] {logging_mixin.py:149} INFO - [2024-05-01T13:36:13.987+0000] {dag.py:3490} INFO - Setting next_dagrun for simple_dag to 2024-05-01T00:00:00+00:00, run_after=2024-05-02T00:00:00+00:00
[2024-05-01T13:36:14.006+0000] {processor.py:179} INFO - Processing /opt/airflow/dags/trial_dag.py took 0.094 seconds
[2024-05-01T13:36:44.395+0000] {processor.py:157} INFO - Started process (PID=666) to work on /opt/airflow/dags/trial_dag.py
[2024-05-01T13:36:44.396+0000] {processor.py:826} INFO - Processing file /opt/airflow/dags/trial_dag.py for tasks to queue
[2024-05-01T13:36:44.397+0000] {logging_mixin.py:149} INFO - [2024-05-01T13:36:44.397+0000] {dagbag.py:541} INFO - Filling up the DagBag from /opt/airflow/dags/trial_dag.py
[2024-05-01T13:36:44.406+0000] {processor.py:836} INFO - DAG(s) dict_keys(['simple_dag']) retrieved from /opt/airflow/dags/trial_dag.py
[2024-05-01T13:36:44.431+0000] {logging_mixin.py:149} INFO - [2024-05-01T13:36:44.430+0000] {dag.py:2726} INFO - Sync 1 DAGs
[2024-05-01T13:36:44.467+0000] {logging_mixin.py:149} INFO - [2024-05-01T13:36:44.466+0000] {dag.py:3490} INFO - Setting next_dagrun for simple_dag to 2024-05-01T00:00:00+00:00, run_after=2024-05-02T00:00:00+00:00
[2024-05-01T13:36:44.485+0000] {processor.py:179} INFO - Processing /opt/airflow/dags/trial_dag.py took 0.097 seconds
[2024-05-01T13:37:45.983+0000] {processor.py:157} INFO - Started process (PID=30) to work on /opt/airflow/dags/trial_dag.py
[2024-05-01T13:37:45.993+0000] {processor.py:826} INFO - Processing file /opt/airflow/dags/trial_dag.py for tasks to queue
[2024-05-01T13:37:45.994+0000] {logging_mixin.py:149} INFO - [2024-05-01T13:37:45.993+0000] {dagbag.py:541} INFO - Filling up the DagBag from /opt/airflow/dags/trial_dag.py
[2024-05-01T13:37:46.021+0000] {processor.py:836} INFO - DAG(s) dict_keys(['simple_dag']) retrieved from /opt/airflow/dags/trial_dag.py
[2024-05-01T13:37:46.207+0000] {logging_mixin.py:149} INFO - [2024-05-01T13:37:46.206+0000] {dag.py:2726} INFO - Sync 1 DAGs
[2024-05-01T13:37:46.253+0000] {logging_mixin.py:149} INFO - [2024-05-01T13:37:46.253+0000] {dag.py:3490} INFO - Setting next_dagrun for simple_dag to 2024-05-01T00:00:00+00:00, run_after=2024-05-02T00:00:00+00:00
[2024-05-01T13:37:46.292+0000] {processor.py:179} INFO - Processing /opt/airflow/dags/trial_dag.py took 0.313 seconds
