[2024-05-03T16:56:36.051+0000] {processor.py:157} INFO - Started process (PID=24648) to work on /opt/airflow/dags/extract_and_load.py
[2024-05-03T16:56:36.052+0000] {processor.py:826} INFO - Processing file /opt/airflow/dags/extract_and_load.py for tasks to queue
[2024-05-03T16:56:36.053+0000] {logging_mixin.py:149} INFO - [2024-05-03T16:56:36.053+0000] {dagbag.py:541} INFO - Filling up the DagBag from /opt/airflow/dags/extract_and_load.py
[2024-05-03T16:56:36.062+0000] {logging_mixin.py:149} INFO - [2024-05-03T16:56:36.057+0000] {dagbag.py:350} ERROR - Failed to import: /opt/airflow/dags/extract_and_load.py
Traceback (most recent call last):
  File "/home/airflow/.local/lib/python3.7/site-packages/airflow/models/dagbag.py", line 346, in parse
    loader.exec_module(new_module)
  File "<frozen importlib._bootstrap_external>", line 728, in exec_module
  File "<frozen importlib._bootstrap>", line 219, in _call_with_frames_removed
  File "/opt/airflow/dags/extract_and_load.py", line 4, in <module>
    from src.extract_data import extract_data
ModuleNotFoundError: No module named 'src.extract_data'
[2024-05-03T16:56:36.062+0000] {processor.py:838} WARNING - No viable dags retrieved from /opt/airflow/dags/extract_and_load.py
[2024-05-03T16:56:36.091+0000] {processor.py:179} INFO - Processing /opt/airflow/dags/extract_and_load.py took 0.044 seconds
[2024-05-03T16:57:06.781+0000] {processor.py:157} INFO - Started process (PID=24711) to work on /opt/airflow/dags/extract_and_load.py
[2024-05-03T16:57:06.783+0000] {processor.py:826} INFO - Processing file /opt/airflow/dags/extract_and_load.py for tasks to queue
[2024-05-03T16:57:06.784+0000] {logging_mixin.py:149} INFO - [2024-05-03T16:57:06.784+0000] {dagbag.py:541} INFO - Filling up the DagBag from /opt/airflow/dags/extract_and_load.py
[2024-05-03T16:57:06.790+0000] {logging_mixin.py:149} INFO - [2024-05-03T16:57:06.788+0000] {dagbag.py:350} ERROR - Failed to import: /opt/airflow/dags/extract_and_load.py
Traceback (most recent call last):
  File "/home/airflow/.local/lib/python3.7/site-packages/airflow/models/dagbag.py", line 346, in parse
    loader.exec_module(new_module)
  File "<frozen importlib._bootstrap_external>", line 728, in exec_module
  File "<frozen importlib._bootstrap>", line 219, in _call_with_frames_removed
  File "/opt/airflow/dags/extract_and_load.py", line 4, in <module>
    from src.extract_data import extract_data
ModuleNotFoundError: No module named 'src.extract_data'
[2024-05-03T16:57:06.791+0000] {processor.py:838} WARNING - No viable dags retrieved from /opt/airflow/dags/extract_and_load.py
[2024-05-03T16:57:06.832+0000] {processor.py:179} INFO - Processing /opt/airflow/dags/extract_and_load.py took 0.060 seconds
[2024-05-03T16:57:37.741+0000] {processor.py:157} INFO - Started process (PID=24774) to work on /opt/airflow/dags/extract_and_load.py
[2024-05-03T16:57:37.748+0000] {processor.py:826} INFO - Processing file /opt/airflow/dags/extract_and_load.py for tasks to queue
[2024-05-03T16:57:37.749+0000] {logging_mixin.py:149} INFO - [2024-05-03T16:57:37.749+0000] {dagbag.py:541} INFO - Filling up the DagBag from /opt/airflow/dags/extract_and_load.py
[2024-05-03T16:57:37.755+0000] {logging_mixin.py:149} INFO - [2024-05-03T16:57:37.754+0000] {dagbag.py:350} ERROR - Failed to import: /opt/airflow/dags/extract_and_load.py
Traceback (most recent call last):
  File "/home/airflow/.local/lib/python3.7/site-packages/airflow/models/dagbag.py", line 346, in parse
    loader.exec_module(new_module)
  File "<frozen importlib._bootstrap_external>", line 728, in exec_module
  File "<frozen importlib._bootstrap>", line 219, in _call_with_frames_removed
  File "/opt/airflow/dags/extract_and_load.py", line 4, in <module>
    from src.extract_data import extract_data
ModuleNotFoundError: No module named 'src.extract_data'
[2024-05-03T16:57:37.756+0000] {processor.py:838} WARNING - No viable dags retrieved from /opt/airflow/dags/extract_and_load.py
[2024-05-03T16:57:37.791+0000] {processor.py:179} INFO - Processing /opt/airflow/dags/extract_and_load.py took 0.059 seconds
[2024-05-03T16:58:08.209+0000] {processor.py:157} INFO - Started process (PID=24837) to work on /opt/airflow/dags/extract_and_load.py
[2024-05-03T16:58:08.210+0000] {processor.py:826} INFO - Processing file /opt/airflow/dags/extract_and_load.py for tasks to queue
[2024-05-03T16:58:08.212+0000] {logging_mixin.py:149} INFO - [2024-05-03T16:58:08.211+0000] {dagbag.py:541} INFO - Filling up the DagBag from /opt/airflow/dags/extract_and_load.py
[2024-05-03T16:58:08.217+0000] {logging_mixin.py:149} INFO - [2024-05-03T16:58:08.216+0000] {dagbag.py:350} ERROR - Failed to import: /opt/airflow/dags/extract_and_load.py
Traceback (most recent call last):
  File "/home/airflow/.local/lib/python3.7/site-packages/airflow/models/dagbag.py", line 346, in parse
    loader.exec_module(new_module)
  File "<frozen importlib._bootstrap_external>", line 728, in exec_module
  File "<frozen importlib._bootstrap>", line 219, in _call_with_frames_removed
  File "/opt/airflow/dags/extract_and_load.py", line 4, in <module>
    from src.extract_data import extract_data
ModuleNotFoundError: No module named 'src.extract_data'
[2024-05-03T16:58:08.219+0000] {processor.py:838} WARNING - No viable dags retrieved from /opt/airflow/dags/extract_and_load.py
[2024-05-03T16:58:08.274+0000] {processor.py:179} INFO - Processing /opt/airflow/dags/extract_and_load.py took 0.071 seconds
[2024-05-03T16:58:38.587+0000] {processor.py:157} INFO - Started process (PID=24900) to work on /opt/airflow/dags/extract_and_load.py
[2024-05-03T16:58:38.595+0000] {processor.py:826} INFO - Processing file /opt/airflow/dags/extract_and_load.py for tasks to queue
[2024-05-03T16:58:38.597+0000] {logging_mixin.py:149} INFO - [2024-05-03T16:58:38.596+0000] {dagbag.py:541} INFO - Filling up the DagBag from /opt/airflow/dags/extract_and_load.py
[2024-05-03T16:58:38.602+0000] {logging_mixin.py:149} INFO - [2024-05-03T16:58:38.600+0000] {dagbag.py:350} ERROR - Failed to import: /opt/airflow/dags/extract_and_load.py
Traceback (most recent call last):
  File "/home/airflow/.local/lib/python3.7/site-packages/airflow/models/dagbag.py", line 346, in parse
    loader.exec_module(new_module)
  File "<frozen importlib._bootstrap_external>", line 728, in exec_module
  File "<frozen importlib._bootstrap>", line 219, in _call_with_frames_removed
  File "/opt/airflow/dags/extract_and_load.py", line 4, in <module>
    from src.extract_data import extract_data
ModuleNotFoundError: No module named 'src.extract_data'
[2024-05-03T16:58:38.603+0000] {processor.py:838} WARNING - No viable dags retrieved from /opt/airflow/dags/extract_and_load.py
[2024-05-03T16:58:38.632+0000] {processor.py:179} INFO - Processing /opt/airflow/dags/extract_and_load.py took 0.058 seconds
[2024-05-03T16:59:08.978+0000] {processor.py:157} INFO - Started process (PID=24963) to work on /opt/airflow/dags/extract_and_load.py
[2024-05-03T16:59:08.983+0000] {processor.py:826} INFO - Processing file /opt/airflow/dags/extract_and_load.py for tasks to queue
[2024-05-03T16:59:08.987+0000] {logging_mixin.py:149} INFO - [2024-05-03T16:59:08.986+0000] {dagbag.py:541} INFO - Filling up the DagBag from /opt/airflow/dags/extract_and_load.py
[2024-05-03T16:59:09.003+0000] {logging_mixin.py:149} INFO - [2024-05-03T16:59:08.999+0000] {dagbag.py:350} ERROR - Failed to import: /opt/airflow/dags/extract_and_load.py
Traceback (most recent call last):
  File "/home/airflow/.local/lib/python3.7/site-packages/airflow/models/dagbag.py", line 346, in parse
    loader.exec_module(new_module)
  File "<frozen importlib._bootstrap_external>", line 728, in exec_module
  File "<frozen importlib._bootstrap>", line 219, in _call_with_frames_removed
  File "/opt/airflow/dags/extract_and_load.py", line 4, in <module>
    from src.extract_data import extract_data
ModuleNotFoundError: No module named 'src.extract_data'
[2024-05-03T16:59:09.004+0000] {processor.py:838} WARNING - No viable dags retrieved from /opt/airflow/dags/extract_and_load.py
[2024-05-03T16:59:09.052+0000] {processor.py:179} INFO - Processing /opt/airflow/dags/extract_and_load.py took 0.098 seconds
[2024-05-03T16:59:39.163+0000] {processor.py:157} INFO - Started process (PID=25026) to work on /opt/airflow/dags/extract_and_load.py
[2024-05-03T16:59:39.164+0000] {processor.py:826} INFO - Processing file /opt/airflow/dags/extract_and_load.py for tasks to queue
[2024-05-03T16:59:39.165+0000] {logging_mixin.py:149} INFO - [2024-05-03T16:59:39.165+0000] {dagbag.py:541} INFO - Filling up the DagBag from /opt/airflow/dags/extract_and_load.py
[2024-05-03T16:59:39.170+0000] {logging_mixin.py:149} INFO - [2024-05-03T16:59:39.168+0000] {dagbag.py:350} ERROR - Failed to import: /opt/airflow/dags/extract_and_load.py
Traceback (most recent call last):
  File "/home/airflow/.local/lib/python3.7/site-packages/airflow/models/dagbag.py", line 346, in parse
    loader.exec_module(new_module)
  File "<frozen importlib._bootstrap_external>", line 728, in exec_module
  File "<frozen importlib._bootstrap>", line 219, in _call_with_frames_removed
  File "/opt/airflow/dags/extract_and_load.py", line 4, in <module>
    from src.extract_data import extract_data
ModuleNotFoundError: No module named 'src.extract_data'
[2024-05-03T16:59:39.171+0000] {processor.py:838} WARNING - No viable dags retrieved from /opt/airflow/dags/extract_and_load.py
[2024-05-03T16:59:39.207+0000] {processor.py:179} INFO - Processing /opt/airflow/dags/extract_and_load.py took 0.048 seconds
[2024-05-03T17:00:09.520+0000] {processor.py:157} INFO - Started process (PID=25089) to work on /opt/airflow/dags/extract_and_load.py
[2024-05-03T17:00:09.521+0000] {processor.py:826} INFO - Processing file /opt/airflow/dags/extract_and_load.py for tasks to queue
[2024-05-03T17:00:09.522+0000] {logging_mixin.py:149} INFO - [2024-05-03T17:00:09.522+0000] {dagbag.py:541} INFO - Filling up the DagBag from /opt/airflow/dags/extract_and_load.py
[2024-05-03T17:00:09.527+0000] {logging_mixin.py:149} INFO - [2024-05-03T17:00:09.525+0000] {dagbag.py:350} ERROR - Failed to import: /opt/airflow/dags/extract_and_load.py
Traceback (most recent call last):
  File "/home/airflow/.local/lib/python3.7/site-packages/airflow/models/dagbag.py", line 346, in parse
    loader.exec_module(new_module)
  File "<frozen importlib._bootstrap_external>", line 728, in exec_module
  File "<frozen importlib._bootstrap>", line 219, in _call_with_frames_removed
  File "/opt/airflow/dags/extract_and_load.py", line 4, in <module>
    from src.extract_data import extract_data
ModuleNotFoundError: No module named 'src.extract_data'
[2024-05-03T17:00:09.527+0000] {processor.py:838} WARNING - No viable dags retrieved from /opt/airflow/dags/extract_and_load.py
[2024-05-03T17:00:09.567+0000] {processor.py:179} INFO - Processing /opt/airflow/dags/extract_and_load.py took 0.052 seconds
[2024-05-03T17:00:39.777+0000] {processor.py:157} INFO - Started process (PID=25151) to work on /opt/airflow/dags/extract_and_load.py
[2024-05-03T17:00:39.782+0000] {processor.py:826} INFO - Processing file /opt/airflow/dags/extract_and_load.py for tasks to queue
[2024-05-03T17:00:39.787+0000] {logging_mixin.py:149} INFO - [2024-05-03T17:00:39.786+0000] {dagbag.py:541} INFO - Filling up the DagBag from /opt/airflow/dags/extract_and_load.py
[2024-05-03T17:00:39.807+0000] {logging_mixin.py:149} INFO - [2024-05-03T17:00:39.803+0000] {dagbag.py:350} ERROR - Failed to import: /opt/airflow/dags/extract_and_load.py
Traceback (most recent call last):
  File "/home/airflow/.local/lib/python3.7/site-packages/airflow/models/dagbag.py", line 346, in parse
    loader.exec_module(new_module)
  File "<frozen importlib._bootstrap_external>", line 728, in exec_module
  File "<frozen importlib._bootstrap>", line 219, in _call_with_frames_removed
  File "/opt/airflow/dags/extract_and_load.py", line 4, in <module>
    from src.extract_data import extract_data
ModuleNotFoundError: No module named 'src.extract_data'
[2024-05-03T17:00:39.808+0000] {processor.py:838} WARNING - No viable dags retrieved from /opt/airflow/dags/extract_and_load.py
[2024-05-03T17:00:39.853+0000] {processor.py:179} INFO - Processing /opt/airflow/dags/extract_and_load.py took 0.098 seconds
[2024-05-03T17:01:10.218+0000] {processor.py:157} INFO - Started process (PID=25214) to work on /opt/airflow/dags/extract_and_load.py
[2024-05-03T17:01:10.225+0000] {processor.py:826} INFO - Processing file /opt/airflow/dags/extract_and_load.py for tasks to queue
[2024-05-03T17:01:10.227+0000] {logging_mixin.py:149} INFO - [2024-05-03T17:01:10.226+0000] {dagbag.py:541} INFO - Filling up the DagBag from /opt/airflow/dags/extract_and_load.py
[2024-05-03T17:01:10.230+0000] {logging_mixin.py:149} INFO - [2024-05-03T17:01:10.229+0000] {dagbag.py:350} ERROR - Failed to import: /opt/airflow/dags/extract_and_load.py
Traceback (most recent call last):
  File "/home/airflow/.local/lib/python3.7/site-packages/airflow/models/dagbag.py", line 346, in parse
    loader.exec_module(new_module)
  File "<frozen importlib._bootstrap_external>", line 728, in exec_module
  File "<frozen importlib._bootstrap>", line 219, in _call_with_frames_removed
  File "/opt/airflow/dags/extract_and_load.py", line 4, in <module>
    from src.extract_data import extract_data
ModuleNotFoundError: No module named 'src.extract_data'
[2024-05-03T17:01:10.230+0000] {processor.py:838} WARNING - No viable dags retrieved from /opt/airflow/dags/extract_and_load.py
[2024-05-03T17:01:10.275+0000] {processor.py:179} INFO - Processing /opt/airflow/dags/extract_and_load.py took 0.064 seconds
[2024-05-03T17:01:40.378+0000] {processor.py:157} INFO - Started process (PID=25276) to work on /opt/airflow/dags/extract_and_load.py
[2024-05-03T17:01:40.392+0000] {processor.py:826} INFO - Processing file /opt/airflow/dags/extract_and_load.py for tasks to queue
[2024-05-03T17:01:40.393+0000] {logging_mixin.py:149} INFO - [2024-05-03T17:01:40.393+0000] {dagbag.py:541} INFO - Filling up the DagBag from /opt/airflow/dags/extract_and_load.py
[2024-05-03T17:01:40.427+0000] {logging_mixin.py:149} INFO - [2024-05-03T17:01:40.425+0000] {dagbag.py:350} ERROR - Failed to import: /opt/airflow/dags/extract_and_load.py
Traceback (most recent call last):
  File "/home/airflow/.local/lib/python3.7/site-packages/airflow/models/dagbag.py", line 346, in parse
    loader.exec_module(new_module)
  File "<frozen importlib._bootstrap_external>", line 728, in exec_module
  File "<frozen importlib._bootstrap>", line 219, in _call_with_frames_removed
  File "/opt/airflow/dags/extract_and_load.py", line 4, in <module>
    from src.extract_data import extract_data
ModuleNotFoundError: No module named 'src.extract_data'
[2024-05-03T17:01:40.435+0000] {processor.py:838} WARNING - No viable dags retrieved from /opt/airflow/dags/extract_and_load.py
[2024-05-03T17:01:40.532+0000] {processor.py:179} INFO - Processing /opt/airflow/dags/extract_and_load.py took 0.165 seconds
[2024-05-03T17:02:10.580+0000] {processor.py:157} INFO - Started process (PID=25339) to work on /opt/airflow/dags/extract_and_load.py
[2024-05-03T17:02:10.587+0000] {processor.py:826} INFO - Processing file /opt/airflow/dags/extract_and_load.py for tasks to queue
[2024-05-03T17:02:10.588+0000] {logging_mixin.py:149} INFO - [2024-05-03T17:02:10.588+0000] {dagbag.py:541} INFO - Filling up the DagBag from /opt/airflow/dags/extract_and_load.py
[2024-05-03T17:02:10.591+0000] {logging_mixin.py:149} INFO - [2024-05-03T17:02:10.590+0000] {dagbag.py:350} ERROR - Failed to import: /opt/airflow/dags/extract_and_load.py
Traceback (most recent call last):
  File "/home/airflow/.local/lib/python3.7/site-packages/airflow/models/dagbag.py", line 346, in parse
    loader.exec_module(new_module)
  File "<frozen importlib._bootstrap_external>", line 728, in exec_module
  File "<frozen importlib._bootstrap>", line 219, in _call_with_frames_removed
  File "/opt/airflow/dags/extract_and_load.py", line 4, in <module>
    from src.extract_data import extract_data
ModuleNotFoundError: No module named 'src.extract_data'
[2024-05-03T17:02:10.592+0000] {processor.py:838} WARNING - No viable dags retrieved from /opt/airflow/dags/extract_and_load.py
[2024-05-03T17:02:10.615+0000] {processor.py:179} INFO - Processing /opt/airflow/dags/extract_and_load.py took 0.039 seconds
[2024-05-03T17:02:41.430+0000] {processor.py:157} INFO - Started process (PID=25403) to work on /opt/airflow/dags/extract_and_load.py
[2024-05-03T17:02:41.431+0000] {processor.py:826} INFO - Processing file /opt/airflow/dags/extract_and_load.py for tasks to queue
[2024-05-03T17:02:41.432+0000] {logging_mixin.py:149} INFO - [2024-05-03T17:02:41.432+0000] {dagbag.py:541} INFO - Filling up the DagBag from /opt/airflow/dags/extract_and_load.py
[2024-05-03T17:02:41.438+0000] {logging_mixin.py:149} INFO - [2024-05-03T17:02:41.436+0000] {dagbag.py:350} ERROR - Failed to import: /opt/airflow/dags/extract_and_load.py
Traceback (most recent call last):
  File "/home/airflow/.local/lib/python3.7/site-packages/airflow/models/dagbag.py", line 346, in parse
    loader.exec_module(new_module)
  File "<frozen importlib._bootstrap_external>", line 728, in exec_module
  File "<frozen importlib._bootstrap>", line 219, in _call_with_frames_removed
  File "/opt/airflow/dags/extract_and_load.py", line 4, in <module>
    from src.extract_data import extract_data
ModuleNotFoundError: No module named 'src.extract_data'
[2024-05-03T17:02:41.442+0000] {processor.py:838} WARNING - No viable dags retrieved from /opt/airflow/dags/extract_and_load.py
[2024-05-03T17:02:41.479+0000] {processor.py:179} INFO - Processing /opt/airflow/dags/extract_and_load.py took 0.054 seconds
[2024-05-03T17:03:11.771+0000] {processor.py:157} INFO - Started process (PID=25466) to work on /opt/airflow/dags/extract_and_load.py
[2024-05-03T17:03:11.779+0000] {processor.py:826} INFO - Processing file /opt/airflow/dags/extract_and_load.py for tasks to queue
[2024-05-03T17:03:11.781+0000] {logging_mixin.py:149} INFO - [2024-05-03T17:03:11.780+0000] {dagbag.py:541} INFO - Filling up the DagBag from /opt/airflow/dags/extract_and_load.py
[2024-05-03T17:03:11.786+0000] {logging_mixin.py:149} INFO - [2024-05-03T17:03:11.785+0000] {dagbag.py:350} ERROR - Failed to import: /opt/airflow/dags/extract_and_load.py
Traceback (most recent call last):
  File "/home/airflow/.local/lib/python3.7/site-packages/airflow/models/dagbag.py", line 346, in parse
    loader.exec_module(new_module)
  File "<frozen importlib._bootstrap_external>", line 728, in exec_module
  File "<frozen importlib._bootstrap>", line 219, in _call_with_frames_removed
  File "/opt/airflow/dags/extract_and_load.py", line 4, in <module>
    from src.extract_data import extract_data
ModuleNotFoundError: No module named 'src.extract_data'
[2024-05-03T17:03:11.787+0000] {processor.py:838} WARNING - No viable dags retrieved from /opt/airflow/dags/extract_and_load.py
[2024-05-03T17:03:11.814+0000] {processor.py:179} INFO - Processing /opt/airflow/dags/extract_and_load.py took 0.058 seconds
[2024-05-03T17:03:42.580+0000] {processor.py:157} INFO - Started process (PID=25528) to work on /opt/airflow/dags/extract_and_load.py
[2024-05-03T17:03:42.582+0000] {processor.py:826} INFO - Processing file /opt/airflow/dags/extract_and_load.py for tasks to queue
[2024-05-03T17:03:42.585+0000] {logging_mixin.py:149} INFO - [2024-05-03T17:03:42.584+0000] {dagbag.py:541} INFO - Filling up the DagBag from /opt/airflow/dags/extract_and_load.py
[2024-05-03T17:03:42.595+0000] {logging_mixin.py:149} INFO - [2024-05-03T17:03:42.592+0000] {dagbag.py:350} ERROR - Failed to import: /opt/airflow/dags/extract_and_load.py
Traceback (most recent call last):
  File "/home/airflow/.local/lib/python3.7/site-packages/airflow/models/dagbag.py", line 346, in parse
    loader.exec_module(new_module)
  File "<frozen importlib._bootstrap_external>", line 728, in exec_module
  File "<frozen importlib._bootstrap>", line 219, in _call_with_frames_removed
  File "/opt/airflow/dags/extract_and_load.py", line 4, in <module>
    from src.extract_data import extract_data
ModuleNotFoundError: No module named 'src.extract_data'
[2024-05-03T17:03:42.596+0000] {processor.py:838} WARNING - No viable dags retrieved from /opt/airflow/dags/extract_and_load.py
[2024-05-03T17:03:42.662+0000] {processor.py:179} INFO - Processing /opt/airflow/dags/extract_and_load.py took 0.093 seconds
[2024-05-03T17:04:13.387+0000] {processor.py:157} INFO - Started process (PID=25591) to work on /opt/airflow/dags/extract_and_load.py
[2024-05-03T17:04:13.393+0000] {processor.py:826} INFO - Processing file /opt/airflow/dags/extract_and_load.py for tasks to queue
[2024-05-03T17:04:13.394+0000] {logging_mixin.py:149} INFO - [2024-05-03T17:04:13.394+0000] {dagbag.py:541} INFO - Filling up the DagBag from /opt/airflow/dags/extract_and_load.py
[2024-05-03T17:04:13.397+0000] {logging_mixin.py:149} INFO - [2024-05-03T17:04:13.396+0000] {dagbag.py:350} ERROR - Failed to import: /opt/airflow/dags/extract_and_load.py
Traceback (most recent call last):
  File "/home/airflow/.local/lib/python3.7/site-packages/airflow/models/dagbag.py", line 346, in parse
    loader.exec_module(new_module)
  File "<frozen importlib._bootstrap_external>", line 728, in exec_module
  File "<frozen importlib._bootstrap>", line 219, in _call_with_frames_removed
  File "/opt/airflow/dags/extract_and_load.py", line 4, in <module>
    from src.extract_data import extract_data
ModuleNotFoundError: No module named 'src.extract_data'
[2024-05-03T17:04:13.398+0000] {processor.py:838} WARNING - No viable dags retrieved from /opt/airflow/dags/extract_and_load.py
[2024-05-03T17:04:13.423+0000] {processor.py:179} INFO - Processing /opt/airflow/dags/extract_and_load.py took 0.040 seconds
[2024-05-03T17:04:44.300+0000] {processor.py:157} INFO - Started process (PID=25654) to work on /opt/airflow/dags/extract_and_load.py
[2024-05-03T17:04:44.301+0000] {processor.py:826} INFO - Processing file /opt/airflow/dags/extract_and_load.py for tasks to queue
[2024-05-03T17:04:44.301+0000] {logging_mixin.py:149} INFO - [2024-05-03T17:04:44.301+0000] {dagbag.py:541} INFO - Filling up the DagBag from /opt/airflow/dags/extract_and_load.py
[2024-05-03T17:04:44.304+0000] {logging_mixin.py:149} INFO - [2024-05-03T17:04:44.304+0000] {dagbag.py:350} ERROR - Failed to import: /opt/airflow/dags/extract_and_load.py
Traceback (most recent call last):
  File "/home/airflow/.local/lib/python3.7/site-packages/airflow/models/dagbag.py", line 346, in parse
    loader.exec_module(new_module)
  File "<frozen importlib._bootstrap_external>", line 728, in exec_module
  File "<frozen importlib._bootstrap>", line 219, in _call_with_frames_removed
  File "/opt/airflow/dags/extract_and_load.py", line 4, in <module>
    from src.extract_data import extract_data
ModuleNotFoundError: No module named 'src.extract_data'
[2024-05-03T17:04:44.305+0000] {processor.py:838} WARNING - No viable dags retrieved from /opt/airflow/dags/extract_and_load.py
[2024-05-03T17:04:44.332+0000] {processor.py:179} INFO - Processing /opt/airflow/dags/extract_and_load.py took 0.035 seconds
[2024-05-03T17:05:14.438+0000] {processor.py:157} INFO - Started process (PID=25717) to work on /opt/airflow/dags/extract_and_load.py
[2024-05-03T17:05:14.448+0000] {processor.py:826} INFO - Processing file /opt/airflow/dags/extract_and_load.py for tasks to queue
[2024-05-03T17:05:14.450+0000] {logging_mixin.py:149} INFO - [2024-05-03T17:05:14.449+0000] {dagbag.py:541} INFO - Filling up the DagBag from /opt/airflow/dags/extract_and_load.py
[2024-05-03T17:05:14.460+0000] {logging_mixin.py:149} INFO - [2024-05-03T17:05:14.457+0000] {dagbag.py:350} ERROR - Failed to import: /opt/airflow/dags/extract_and_load.py
Traceback (most recent call last):
  File "/home/airflow/.local/lib/python3.7/site-packages/airflow/models/dagbag.py", line 346, in parse
    loader.exec_module(new_module)
  File "<frozen importlib._bootstrap_external>", line 728, in exec_module
  File "<frozen importlib._bootstrap>", line 219, in _call_with_frames_removed
  File "/opt/airflow/dags/extract_and_load.py", line 4, in <module>
    from src.extract_data import extract_data
ModuleNotFoundError: No module named 'src.extract_data'
[2024-05-03T17:05:14.461+0000] {processor.py:838} WARNING - No viable dags retrieved from /opt/airflow/dags/extract_and_load.py
[2024-05-03T17:05:14.505+0000] {processor.py:179} INFO - Processing /opt/airflow/dags/extract_and_load.py took 0.088 seconds
[2024-05-03T17:05:45.437+0000] {processor.py:157} INFO - Started process (PID=25780) to work on /opt/airflow/dags/extract_and_load.py
[2024-05-03T17:05:45.438+0000] {processor.py:826} INFO - Processing file /opt/airflow/dags/extract_and_load.py for tasks to queue
[2024-05-03T17:05:45.443+0000] {logging_mixin.py:149} INFO - [2024-05-03T17:05:45.442+0000] {dagbag.py:541} INFO - Filling up the DagBag from /opt/airflow/dags/extract_and_load.py
[2024-05-03T17:05:45.454+0000] {logging_mixin.py:149} INFO - [2024-05-03T17:05:45.450+0000] {dagbag.py:350} ERROR - Failed to import: /opt/airflow/dags/extract_and_load.py
Traceback (most recent call last):
  File "/home/airflow/.local/lib/python3.7/site-packages/airflow/models/dagbag.py", line 346, in parse
    loader.exec_module(new_module)
  File "<frozen importlib._bootstrap_external>", line 728, in exec_module
  File "<frozen importlib._bootstrap>", line 219, in _call_with_frames_removed
  File "/opt/airflow/dags/extract_and_load.py", line 4, in <module>
    from src.extract_data import extract_data
ModuleNotFoundError: No module named 'src.extract_data'
[2024-05-03T17:05:45.455+0000] {processor.py:838} WARNING - No viable dags retrieved from /opt/airflow/dags/extract_and_load.py
[2024-05-03T17:05:45.494+0000] {processor.py:179} INFO - Processing /opt/airflow/dags/extract_and_load.py took 0.072 seconds
[2024-05-03T17:06:15.563+0000] {processor.py:157} INFO - Started process (PID=25842) to work on /opt/airflow/dags/extract_and_load.py
[2024-05-03T17:06:15.564+0000] {processor.py:826} INFO - Processing file /opt/airflow/dags/extract_and_load.py for tasks to queue
[2024-05-03T17:06:15.565+0000] {logging_mixin.py:149} INFO - [2024-05-03T17:06:15.564+0000] {dagbag.py:541} INFO - Filling up the DagBag from /opt/airflow/dags/extract_and_load.py
[2024-05-03T17:06:15.569+0000] {logging_mixin.py:149} INFO - [2024-05-03T17:06:15.567+0000] {dagbag.py:350} ERROR - Failed to import: /opt/airflow/dags/extract_and_load.py
Traceback (most recent call last):
  File "/home/airflow/.local/lib/python3.7/site-packages/airflow/models/dagbag.py", line 346, in parse
    loader.exec_module(new_module)
  File "<frozen importlib._bootstrap_external>", line 728, in exec_module
  File "<frozen importlib._bootstrap>", line 219, in _call_with_frames_removed
  File "/opt/airflow/dags/extract_and_load.py", line 4, in <module>
    from src.extract_data import extract_data
ModuleNotFoundError: No module named 'src.extract_data'
[2024-05-03T17:06:15.569+0000] {processor.py:838} WARNING - No viable dags retrieved from /opt/airflow/dags/extract_and_load.py
[2024-05-03T17:06:15.594+0000] {processor.py:179} INFO - Processing /opt/airflow/dags/extract_and_load.py took 0.035 seconds
[2024-05-03T17:06:46.459+0000] {processor.py:157} INFO - Started process (PID=25903) to work on /opt/airflow/dags/extract_and_load.py
[2024-05-03T17:06:46.463+0000] {processor.py:826} INFO - Processing file /opt/airflow/dags/extract_and_load.py for tasks to queue
[2024-05-03T17:06:46.467+0000] {logging_mixin.py:149} INFO - [2024-05-03T17:06:46.467+0000] {dagbag.py:541} INFO - Filling up the DagBag from /opt/airflow/dags/extract_and_load.py
[2024-05-03T17:06:46.486+0000] {logging_mixin.py:149} INFO - [2024-05-03T17:06:46.481+0000] {dagbag.py:350} ERROR - Failed to import: /opt/airflow/dags/extract_and_load.py
Traceback (most recent call last):
  File "/home/airflow/.local/lib/python3.7/site-packages/airflow/models/dagbag.py", line 346, in parse
    loader.exec_module(new_module)
  File "<frozen importlib._bootstrap_external>", line 728, in exec_module
  File "<frozen importlib._bootstrap>", line 219, in _call_with_frames_removed
  File "/opt/airflow/dags/extract_and_load.py", line 4, in <module>
    from src.extract_data import extract_data
ModuleNotFoundError: No module named 'src.extract_data'
[2024-05-03T17:06:46.488+0000] {processor.py:838} WARNING - No viable dags retrieved from /opt/airflow/dags/extract_and_load.py
[2024-05-03T17:06:46.535+0000] {processor.py:179} INFO - Processing /opt/airflow/dags/extract_and_load.py took 0.093 seconds
[2024-05-03T17:07:17.112+0000] {processor.py:157} INFO - Started process (PID=25965) to work on /opt/airflow/dags/extract_and_load.py
[2024-05-03T17:07:17.115+0000] {processor.py:826} INFO - Processing file /opt/airflow/dags/extract_and_load.py for tasks to queue
[2024-05-03T17:07:17.118+0000] {logging_mixin.py:149} INFO - [2024-05-03T17:07:17.117+0000] {dagbag.py:541} INFO - Filling up the DagBag from /opt/airflow/dags/extract_and_load.py
[2024-05-03T17:07:17.129+0000] {logging_mixin.py:149} INFO - [2024-05-03T17:07:17.126+0000] {dagbag.py:350} ERROR - Failed to import: /opt/airflow/dags/extract_and_load.py
Traceback (most recent call last):
  File "/home/airflow/.local/lib/python3.7/site-packages/airflow/models/dagbag.py", line 346, in parse
    loader.exec_module(new_module)
  File "<frozen importlib._bootstrap_external>", line 728, in exec_module
  File "<frozen importlib._bootstrap>", line 219, in _call_with_frames_removed
  File "/opt/airflow/dags/extract_and_load.py", line 4, in <module>
    from src.extract_data import extract_data
ModuleNotFoundError: No module named 'src.extract_data'
[2024-05-03T17:07:17.131+0000] {processor.py:838} WARNING - No viable dags retrieved from /opt/airflow/dags/extract_and_load.py
[2024-05-03T17:07:17.208+0000] {processor.py:179} INFO - Processing /opt/airflow/dags/extract_and_load.py took 0.112 seconds
[2024-05-03T17:07:47.615+0000] {processor.py:157} INFO - Started process (PID=26028) to work on /opt/airflow/dags/extract_and_load.py
[2024-05-03T17:07:47.616+0000] {processor.py:826} INFO - Processing file /opt/airflow/dags/extract_and_load.py for tasks to queue
[2024-05-03T17:07:47.617+0000] {logging_mixin.py:149} INFO - [2024-05-03T17:07:47.617+0000] {dagbag.py:541} INFO - Filling up the DagBag from /opt/airflow/dags/extract_and_load.py
[2024-05-03T17:07:47.621+0000] {logging_mixin.py:149} INFO - [2024-05-03T17:07:47.620+0000] {dagbag.py:350} ERROR - Failed to import: /opt/airflow/dags/extract_and_load.py
Traceback (most recent call last):
  File "/home/airflow/.local/lib/python3.7/site-packages/airflow/models/dagbag.py", line 346, in parse
    loader.exec_module(new_module)
  File "<frozen importlib._bootstrap_external>", line 728, in exec_module
  File "<frozen importlib._bootstrap>", line 219, in _call_with_frames_removed
  File "/opt/airflow/dags/extract_and_load.py", line 4, in <module>
    from src.extract_data import extract_data
ModuleNotFoundError: No module named 'src.extract_data'
[2024-05-03T17:07:47.621+0000] {processor.py:838} WARNING - No viable dags retrieved from /opt/airflow/dags/extract_and_load.py
[2024-05-03T17:07:47.647+0000] {processor.py:179} INFO - Processing /opt/airflow/dags/extract_and_load.py took 0.036 seconds
[2024-05-03T17:08:18.452+0000] {processor.py:157} INFO - Started process (PID=26091) to work on /opt/airflow/dags/extract_and_load.py
[2024-05-03T17:08:18.460+0000] {processor.py:826} INFO - Processing file /opt/airflow/dags/extract_and_load.py for tasks to queue
[2024-05-03T17:08:18.461+0000] {logging_mixin.py:149} INFO - [2024-05-03T17:08:18.461+0000] {dagbag.py:541} INFO - Filling up the DagBag from /opt/airflow/dags/extract_and_load.py
[2024-05-03T17:08:18.465+0000] {logging_mixin.py:149} INFO - [2024-05-03T17:08:18.464+0000] {dagbag.py:350} ERROR - Failed to import: /opt/airflow/dags/extract_and_load.py
Traceback (most recent call last):
  File "/home/airflow/.local/lib/python3.7/site-packages/airflow/models/dagbag.py", line 346, in parse
    loader.exec_module(new_module)
  File "<frozen importlib._bootstrap_external>", line 728, in exec_module
  File "<frozen importlib._bootstrap>", line 219, in _call_with_frames_removed
  File "/opt/airflow/dags/extract_and_load.py", line 4, in <module>
    from src.extract_data import extract_data
ModuleNotFoundError: No module named 'src.extract_data'
[2024-05-03T17:08:18.465+0000] {processor.py:838} WARNING - No viable dags retrieved from /opt/airflow/dags/extract_and_load.py
[2024-05-03T17:08:18.487+0000] {processor.py:179} INFO - Processing /opt/airflow/dags/extract_and_load.py took 0.039 seconds
[2024-05-03T17:08:49.152+0000] {processor.py:157} INFO - Started process (PID=26154) to work on /opt/airflow/dags/extract_and_load.py
[2024-05-03T17:08:49.153+0000] {processor.py:826} INFO - Processing file /opt/airflow/dags/extract_and_load.py for tasks to queue
[2024-05-03T17:08:49.154+0000] {logging_mixin.py:149} INFO - [2024-05-03T17:08:49.154+0000] {dagbag.py:541} INFO - Filling up the DagBag from /opt/airflow/dags/extract_and_load.py
[2024-05-03T17:08:49.159+0000] {logging_mixin.py:149} INFO - [2024-05-03T17:08:49.157+0000] {dagbag.py:350} ERROR - Failed to import: /opt/airflow/dags/extract_and_load.py
Traceback (most recent call last):
  File "/home/airflow/.local/lib/python3.7/site-packages/airflow/models/dagbag.py", line 346, in parse
    loader.exec_module(new_module)
  File "<frozen importlib._bootstrap_external>", line 728, in exec_module
  File "<frozen importlib._bootstrap>", line 219, in _call_with_frames_removed
  File "/opt/airflow/dags/extract_and_load.py", line 4, in <module>
    from src.extract_data import extract_data
ModuleNotFoundError: No module named 'src.extract_data'
[2024-05-03T17:08:49.160+0000] {processor.py:838} WARNING - No viable dags retrieved from /opt/airflow/dags/extract_and_load.py
[2024-05-03T17:08:49.189+0000] {processor.py:179} INFO - Processing /opt/airflow/dags/extract_and_load.py took 0.041 seconds
[2024-05-03T17:09:19.750+0000] {processor.py:157} INFO - Started process (PID=26216) to work on /opt/airflow/dags/extract_and_load.py
[2024-05-03T17:09:19.757+0000] {processor.py:826} INFO - Processing file /opt/airflow/dags/extract_and_load.py for tasks to queue
[2024-05-03T17:09:19.758+0000] {logging_mixin.py:149} INFO - [2024-05-03T17:09:19.757+0000] {dagbag.py:541} INFO - Filling up the DagBag from /opt/airflow/dags/extract_and_load.py
[2024-05-03T17:09:19.762+0000] {logging_mixin.py:149} INFO - [2024-05-03T17:09:19.761+0000] {dagbag.py:350} ERROR - Failed to import: /opt/airflow/dags/extract_and_load.py
Traceback (most recent call last):
  File "/home/airflow/.local/lib/python3.7/site-packages/airflow/models/dagbag.py", line 346, in parse
    loader.exec_module(new_module)
  File "<frozen importlib._bootstrap_external>", line 728, in exec_module
  File "<frozen importlib._bootstrap>", line 219, in _call_with_frames_removed
  File "/opt/airflow/dags/extract_and_load.py", line 4, in <module>
    from src.extract_data import extract_data
ModuleNotFoundError: No module named 'src.extract_data'
[2024-05-03T17:09:19.762+0000] {processor.py:838} WARNING - No viable dags retrieved from /opt/airflow/dags/extract_and_load.py
[2024-05-03T17:09:19.786+0000] {processor.py:179} INFO - Processing /opt/airflow/dags/extract_and_load.py took 0.040 seconds
[2024-05-03T17:09:50.109+0000] {processor.py:157} INFO - Started process (PID=26279) to work on /opt/airflow/dags/extract_and_load.py
[2024-05-03T17:09:50.110+0000] {processor.py:826} INFO - Processing file /opt/airflow/dags/extract_and_load.py for tasks to queue
[2024-05-03T17:09:50.111+0000] {logging_mixin.py:149} INFO - [2024-05-03T17:09:50.110+0000] {dagbag.py:541} INFO - Filling up the DagBag from /opt/airflow/dags/extract_and_load.py
[2024-05-03T17:09:50.114+0000] {logging_mixin.py:149} INFO - [2024-05-03T17:09:50.113+0000] {dagbag.py:350} ERROR - Failed to import: /opt/airflow/dags/extract_and_load.py
Traceback (most recent call last):
  File "/home/airflow/.local/lib/python3.7/site-packages/airflow/models/dagbag.py", line 346, in parse
    loader.exec_module(new_module)
  File "<frozen importlib._bootstrap_external>", line 728, in exec_module
  File "<frozen importlib._bootstrap>", line 219, in _call_with_frames_removed
  File "/opt/airflow/dags/extract_and_load.py", line 4, in <module>
    from src.extract_data import extract_data
ModuleNotFoundError: No module named 'src.extract_data'
[2024-05-03T17:09:50.114+0000] {processor.py:838} WARNING - No viable dags retrieved from /opt/airflow/dags/extract_and_load.py
[2024-05-03T17:09:50.136+0000] {processor.py:179} INFO - Processing /opt/airflow/dags/extract_and_load.py took 0.033 seconds
[2024-05-03T17:10:20.872+0000] {processor.py:157} INFO - Started process (PID=26342) to work on /opt/airflow/dags/extract_and_load.py
[2024-05-03T17:10:20.878+0000] {processor.py:826} INFO - Processing file /opt/airflow/dags/extract_and_load.py for tasks to queue
[2024-05-03T17:10:20.879+0000] {logging_mixin.py:149} INFO - [2024-05-03T17:10:20.879+0000] {dagbag.py:541} INFO - Filling up the DagBag from /opt/airflow/dags/extract_and_load.py
[2024-05-03T17:10:20.883+0000] {logging_mixin.py:149} INFO - [2024-05-03T17:10:20.882+0000] {dagbag.py:350} ERROR - Failed to import: /opt/airflow/dags/extract_and_load.py
Traceback (most recent call last):
  File "/home/airflow/.local/lib/python3.7/site-packages/airflow/models/dagbag.py", line 346, in parse
    loader.exec_module(new_module)
  File "<frozen importlib._bootstrap_external>", line 728, in exec_module
  File "<frozen importlib._bootstrap>", line 219, in _call_with_frames_removed
  File "/opt/airflow/dags/extract_and_load.py", line 4, in <module>
    from src.extract_data import extract_data
ModuleNotFoundError: No module named 'src.extract_data'
[2024-05-03T17:10:20.883+0000] {processor.py:838} WARNING - No viable dags retrieved from /opt/airflow/dags/extract_and_load.py
[2024-05-03T17:10:20.906+0000] {processor.py:179} INFO - Processing /opt/airflow/dags/extract_and_load.py took 0.038 seconds
[2024-05-03T17:10:51.658+0000] {processor.py:157} INFO - Started process (PID=26405) to work on /opt/airflow/dags/extract_and_load.py
[2024-05-03T17:10:51.660+0000] {processor.py:826} INFO - Processing file /opt/airflow/dags/extract_and_load.py for tasks to queue
[2024-05-03T17:10:51.661+0000] {logging_mixin.py:149} INFO - [2024-05-03T17:10:51.661+0000] {dagbag.py:541} INFO - Filling up the DagBag from /opt/airflow/dags/extract_and_load.py
[2024-05-03T17:10:51.669+0000] {logging_mixin.py:149} INFO - [2024-05-03T17:10:51.667+0000] {dagbag.py:350} ERROR - Failed to import: /opt/airflow/dags/extract_and_load.py
Traceback (most recent call last):
  File "/home/airflow/.local/lib/python3.7/site-packages/airflow/models/dagbag.py", line 346, in parse
    loader.exec_module(new_module)
  File "<frozen importlib._bootstrap_external>", line 728, in exec_module
  File "<frozen importlib._bootstrap>", line 219, in _call_with_frames_removed
  File "/opt/airflow/dags/extract_and_load.py", line 4, in <module>
    from src.extract_data import extract_data
ModuleNotFoundError: No module named 'src.extract_data'
[2024-05-03T17:10:51.669+0000] {processor.py:838} WARNING - No viable dags retrieved from /opt/airflow/dags/extract_and_load.py
[2024-05-03T17:10:51.702+0000] {processor.py:179} INFO - Processing /opt/airflow/dags/extract_and_load.py took 0.054 seconds
[2024-05-03T17:11:22.117+0000] {processor.py:157} INFO - Started process (PID=26467) to work on /opt/airflow/dags/extract_and_load.py
[2024-05-03T17:11:22.124+0000] {processor.py:826} INFO - Processing file /opt/airflow/dags/extract_and_load.py for tasks to queue
[2024-05-03T17:11:22.125+0000] {logging_mixin.py:149} INFO - [2024-05-03T17:11:22.125+0000] {dagbag.py:541} INFO - Filling up the DagBag from /opt/airflow/dags/extract_and_load.py
[2024-05-03T17:11:22.129+0000] {logging_mixin.py:149} INFO - [2024-05-03T17:11:22.128+0000] {dagbag.py:350} ERROR - Failed to import: /opt/airflow/dags/extract_and_load.py
Traceback (most recent call last):
  File "/home/airflow/.local/lib/python3.7/site-packages/airflow/models/dagbag.py", line 346, in parse
    loader.exec_module(new_module)
  File "<frozen importlib._bootstrap_external>", line 728, in exec_module
  File "<frozen importlib._bootstrap>", line 219, in _call_with_frames_removed
  File "/opt/airflow/dags/extract_and_load.py", line 4, in <module>
    from src.extract_data import extract_data
ModuleNotFoundError: No module named 'src.extract_data'
[2024-05-03T17:11:22.129+0000] {processor.py:838} WARNING - No viable dags retrieved from /opt/airflow/dags/extract_and_load.py
[2024-05-03T17:11:22.153+0000] {processor.py:179} INFO - Processing /opt/airflow/dags/extract_and_load.py took 0.045 seconds
[2024-05-03T17:11:52.535+0000] {processor.py:157} INFO - Started process (PID=26530) to work on /opt/airflow/dags/extract_and_load.py
[2024-05-03T17:11:52.536+0000] {processor.py:826} INFO - Processing file /opt/airflow/dags/extract_and_load.py for tasks to queue
[2024-05-03T17:11:52.538+0000] {logging_mixin.py:149} INFO - [2024-05-03T17:11:52.537+0000] {dagbag.py:541} INFO - Filling up the DagBag from /opt/airflow/dags/extract_and_load.py
[2024-05-03T17:11:52.543+0000] {logging_mixin.py:149} INFO - [2024-05-03T17:11:52.542+0000] {dagbag.py:350} ERROR - Failed to import: /opt/airflow/dags/extract_and_load.py
Traceback (most recent call last):
  File "/home/airflow/.local/lib/python3.7/site-packages/airflow/models/dagbag.py", line 346, in parse
    loader.exec_module(new_module)
  File "<frozen importlib._bootstrap_external>", line 728, in exec_module
  File "<frozen importlib._bootstrap>", line 219, in _call_with_frames_removed
  File "/opt/airflow/dags/extract_and_load.py", line 4, in <module>
    from src.extract_data import extract_data
ModuleNotFoundError: No module named 'src.extract_data'
[2024-05-03T17:11:52.544+0000] {processor.py:838} WARNING - No viable dags retrieved from /opt/airflow/dags/extract_and_load.py
[2024-05-03T17:11:52.570+0000] {processor.py:179} INFO - Processing /opt/airflow/dags/extract_and_load.py took 0.041 seconds
[2024-05-03T17:12:22.999+0000] {processor.py:157} INFO - Started process (PID=26593) to work on /opt/airflow/dags/extract_and_load.py
[2024-05-03T17:12:23.006+0000] {processor.py:826} INFO - Processing file /opt/airflow/dags/extract_and_load.py for tasks to queue
[2024-05-03T17:12:23.007+0000] {logging_mixin.py:149} INFO - [2024-05-03T17:12:23.006+0000] {dagbag.py:541} INFO - Filling up the DagBag from /opt/airflow/dags/extract_and_load.py
[2024-05-03T17:12:23.010+0000] {logging_mixin.py:149} INFO - [2024-05-03T17:12:23.009+0000] {dagbag.py:350} ERROR - Failed to import: /opt/airflow/dags/extract_and_load.py
Traceback (most recent call last):
  File "/home/airflow/.local/lib/python3.7/site-packages/airflow/models/dagbag.py", line 346, in parse
    loader.exec_module(new_module)
  File "<frozen importlib._bootstrap_external>", line 728, in exec_module
  File "<frozen importlib._bootstrap>", line 219, in _call_with_frames_removed
  File "/opt/airflow/dags/extract_and_load.py", line 4, in <module>
    from src.extract_data import extract_data
ModuleNotFoundError: No module named 'src.extract_data'
[2024-05-03T17:12:23.010+0000] {processor.py:838} WARNING - No viable dags retrieved from /opt/airflow/dags/extract_and_load.py
[2024-05-03T17:12:23.035+0000] {processor.py:179} INFO - Processing /opt/airflow/dags/extract_and_load.py took 0.041 seconds
[2024-05-03T17:12:53.510+0000] {processor.py:157} INFO - Started process (PID=26656) to work on /opt/airflow/dags/extract_and_load.py
[2024-05-03T17:12:53.511+0000] {processor.py:826} INFO - Processing file /opt/airflow/dags/extract_and_load.py for tasks to queue
[2024-05-03T17:12:53.512+0000] {logging_mixin.py:149} INFO - [2024-05-03T17:12:53.512+0000] {dagbag.py:541} INFO - Filling up the DagBag from /opt/airflow/dags/extract_and_load.py
[2024-05-03T17:12:53.517+0000] {logging_mixin.py:149} INFO - [2024-05-03T17:12:53.516+0000] {dagbag.py:350} ERROR - Failed to import: /opt/airflow/dags/extract_and_load.py
Traceback (most recent call last):
  File "/home/airflow/.local/lib/python3.7/site-packages/airflow/models/dagbag.py", line 346, in parse
    loader.exec_module(new_module)
  File "<frozen importlib._bootstrap_external>", line 728, in exec_module
  File "<frozen importlib._bootstrap>", line 219, in _call_with_frames_removed
  File "/opt/airflow/dags/extract_and_load.py", line 4, in <module>
    from src.extract_data import extract_data
ModuleNotFoundError: No module named 'src.extract_data'
[2024-05-03T17:12:53.518+0000] {processor.py:838} WARNING - No viable dags retrieved from /opt/airflow/dags/extract_and_load.py
[2024-05-03T17:12:53.545+0000] {processor.py:179} INFO - Processing /opt/airflow/dags/extract_and_load.py took 0.043 seconds
[2024-05-03T17:13:24.265+0000] {processor.py:157} INFO - Started process (PID=26720) to work on /opt/airflow/dags/extract_and_load.py
[2024-05-03T17:13:24.274+0000] {processor.py:826} INFO - Processing file /opt/airflow/dags/extract_and_load.py for tasks to queue
[2024-05-03T17:13:24.277+0000] {logging_mixin.py:149} INFO - [2024-05-03T17:13:24.277+0000] {dagbag.py:541} INFO - Filling up the DagBag from /opt/airflow/dags/extract_and_load.py
[2024-05-03T17:13:24.291+0000] {logging_mixin.py:149} INFO - [2024-05-03T17:13:24.288+0000] {dagbag.py:350} ERROR - Failed to import: /opt/airflow/dags/extract_and_load.py
Traceback (most recent call last):
  File "/home/airflow/.local/lib/python3.7/site-packages/airflow/models/dagbag.py", line 346, in parse
    loader.exec_module(new_module)
  File "<frozen importlib._bootstrap_external>", line 728, in exec_module
  File "<frozen importlib._bootstrap>", line 219, in _call_with_frames_removed
  File "/opt/airflow/dags/extract_and_load.py", line 4, in <module>
    from src.extract_data import extract_data
ModuleNotFoundError: No module named 'src.extract_data'
[2024-05-03T17:13:24.293+0000] {processor.py:838} WARNING - No viable dags retrieved from /opt/airflow/dags/extract_and_load.py
[2024-05-03T17:13:24.352+0000] {processor.py:179} INFO - Processing /opt/airflow/dags/extract_and_load.py took 0.103 seconds
[2024-05-03T17:13:54.466+0000] {processor.py:157} INFO - Started process (PID=26783) to work on /opt/airflow/dags/extract_and_load.py
[2024-05-03T17:13:54.468+0000] {processor.py:826} INFO - Processing file /opt/airflow/dags/extract_and_load.py for tasks to queue
[2024-05-03T17:13:54.469+0000] {logging_mixin.py:149} INFO - [2024-05-03T17:13:54.469+0000] {dagbag.py:541} INFO - Filling up the DagBag from /opt/airflow/dags/extract_and_load.py
[2024-05-03T17:13:54.474+0000] {logging_mixin.py:149} INFO - [2024-05-03T17:13:54.472+0000] {dagbag.py:350} ERROR - Failed to import: /opt/airflow/dags/extract_and_load.py
Traceback (most recent call last):
  File "/home/airflow/.local/lib/python3.7/site-packages/airflow/models/dagbag.py", line 346, in parse
    loader.exec_module(new_module)
  File "<frozen importlib._bootstrap_external>", line 728, in exec_module
  File "<frozen importlib._bootstrap>", line 219, in _call_with_frames_removed
  File "/opt/airflow/dags/extract_and_load.py", line 4, in <module>
    from src.extract_data import extract_data
ModuleNotFoundError: No module named 'src.extract_data'
[2024-05-03T17:13:54.474+0000] {processor.py:838} WARNING - No viable dags retrieved from /opt/airflow/dags/extract_and_load.py
[2024-05-03T17:13:54.500+0000] {processor.py:179} INFO - Processing /opt/airflow/dags/extract_and_load.py took 0.042 seconds
[2024-05-03T17:14:24.999+0000] {processor.py:157} INFO - Started process (PID=26845) to work on /opt/airflow/dags/extract_and_load.py
[2024-05-03T17:14:25.000+0000] {processor.py:826} INFO - Processing file /opt/airflow/dags/extract_and_load.py for tasks to queue
[2024-05-03T17:14:25.002+0000] {logging_mixin.py:149} INFO - [2024-05-03T17:14:25.002+0000] {dagbag.py:541} INFO - Filling up the DagBag from /opt/airflow/dags/extract_and_load.py
[2024-05-03T17:14:25.007+0000] {logging_mixin.py:149} INFO - [2024-05-03T17:14:25.006+0000] {dagbag.py:350} ERROR - Failed to import: /opt/airflow/dags/extract_and_load.py
Traceback (most recent call last):
  File "/home/airflow/.local/lib/python3.7/site-packages/airflow/models/dagbag.py", line 346, in parse
    loader.exec_module(new_module)
  File "<frozen importlib._bootstrap_external>", line 728, in exec_module
  File "<frozen importlib._bootstrap>", line 219, in _call_with_frames_removed
  File "/opt/airflow/dags/extract_and_load.py", line 4, in <module>
    from src.extract_data import extract_data
ModuleNotFoundError: No module named 'src.extract_data'
[2024-05-03T17:14:25.008+0000] {processor.py:838} WARNING - No viable dags retrieved from /opt/airflow/dags/extract_and_load.py
[2024-05-03T17:14:25.032+0000] {processor.py:179} INFO - Processing /opt/airflow/dags/extract_and_load.py took 0.043 seconds
[2024-05-03T17:14:55.496+0000] {processor.py:157} INFO - Started process (PID=26908) to work on /opt/airflow/dags/extract_and_load.py
[2024-05-03T17:14:55.497+0000] {processor.py:826} INFO - Processing file /opt/airflow/dags/extract_and_load.py for tasks to queue
[2024-05-03T17:14:55.498+0000] {logging_mixin.py:149} INFO - [2024-05-03T17:14:55.498+0000] {dagbag.py:541} INFO - Filling up the DagBag from /opt/airflow/dags/extract_and_load.py
[2024-05-03T17:14:55.503+0000] {logging_mixin.py:149} INFO - [2024-05-03T17:14:55.501+0000] {dagbag.py:350} ERROR - Failed to import: /opt/airflow/dags/extract_and_load.py
Traceback (most recent call last):
  File "/home/airflow/.local/lib/python3.7/site-packages/airflow/models/dagbag.py", line 346, in parse
    loader.exec_module(new_module)
  File "<frozen importlib._bootstrap_external>", line 728, in exec_module
  File "<frozen importlib._bootstrap>", line 219, in _call_with_frames_removed
  File "/opt/airflow/dags/extract_and_load.py", line 4, in <module>
    from src.extract_data import extract_data
ModuleNotFoundError: No module named 'src.extract_data'
[2024-05-03T17:14:55.503+0000] {processor.py:838} WARNING - No viable dags retrieved from /opt/airflow/dags/extract_and_load.py
[2024-05-03T17:14:55.528+0000] {processor.py:179} INFO - Processing /opt/airflow/dags/extract_and_load.py took 0.039 seconds
[2024-05-03T17:15:26.041+0000] {processor.py:157} INFO - Started process (PID=26971) to work on /opt/airflow/dags/extract_and_load.py
[2024-05-03T17:15:26.043+0000] {processor.py:826} INFO - Processing file /opt/airflow/dags/extract_and_load.py for tasks to queue
[2024-05-03T17:15:26.045+0000] {logging_mixin.py:149} INFO - [2024-05-03T17:15:26.044+0000] {dagbag.py:541} INFO - Filling up the DagBag from /opt/airflow/dags/extract_and_load.py
[2024-05-03T17:15:26.051+0000] {logging_mixin.py:149} INFO - [2024-05-03T17:15:26.049+0000] {dagbag.py:350} ERROR - Failed to import: /opt/airflow/dags/extract_and_load.py
Traceback (most recent call last):
  File "/home/airflow/.local/lib/python3.7/site-packages/airflow/models/dagbag.py", line 346, in parse
    loader.exec_module(new_module)
  File "<frozen importlib._bootstrap_external>", line 728, in exec_module
  File "<frozen importlib._bootstrap>", line 219, in _call_with_frames_removed
  File "/opt/airflow/dags/extract_and_load.py", line 4, in <module>
    from src.extract_data import extract_data
ModuleNotFoundError: No module named 'src.extract_data'
[2024-05-03T17:15:26.051+0000] {processor.py:838} WARNING - No viable dags retrieved from /opt/airflow/dags/extract_and_load.py
[2024-05-03T17:15:26.078+0000] {processor.py:179} INFO - Processing /opt/airflow/dags/extract_and_load.py took 0.042 seconds
[2024-05-03T17:15:56.360+0000] {processor.py:157} INFO - Started process (PID=27034) to work on /opt/airflow/dags/extract_and_load.py
[2024-05-03T17:15:56.367+0000] {processor.py:826} INFO - Processing file /opt/airflow/dags/extract_and_load.py for tasks to queue
[2024-05-03T17:15:56.368+0000] {logging_mixin.py:149} INFO - [2024-05-03T17:15:56.368+0000] {dagbag.py:541} INFO - Filling up the DagBag from /opt/airflow/dags/extract_and_load.py
[2024-05-03T17:15:56.378+0000] {logging_mixin.py:149} INFO - [2024-05-03T17:15:56.372+0000] {dagbag.py:350} ERROR - Failed to import: /opt/airflow/dags/extract_and_load.py
Traceback (most recent call last):
  File "/home/airflow/.local/lib/python3.7/site-packages/airflow/models/dagbag.py", line 346, in parse
    loader.exec_module(new_module)
  File "<frozen importlib._bootstrap_external>", line 728, in exec_module
  File "<frozen importlib._bootstrap>", line 219, in _call_with_frames_removed
  File "/opt/airflow/dags/extract_and_load.py", line 4, in <module>
    from src.extract_data import extract_data
ModuleNotFoundError: No module named 'src.extract_data'
[2024-05-03T17:15:56.378+0000] {processor.py:838} WARNING - No viable dags retrieved from /opt/airflow/dags/extract_and_load.py
[2024-05-03T17:15:56.452+0000] {processor.py:179} INFO - Processing /opt/airflow/dags/extract_and_load.py took 0.096 seconds
[2024-05-03T17:16:26.730+0000] {processor.py:157} INFO - Started process (PID=27097) to work on /opt/airflow/dags/extract_and_load.py
[2024-05-03T17:16:26.733+0000] {processor.py:826} INFO - Processing file /opt/airflow/dags/extract_and_load.py for tasks to queue
[2024-05-03T17:16:26.735+0000] {logging_mixin.py:149} INFO - [2024-05-03T17:16:26.735+0000] {dagbag.py:541} INFO - Filling up the DagBag from /opt/airflow/dags/extract_and_load.py
[2024-05-03T17:16:26.741+0000] {logging_mixin.py:149} INFO - [2024-05-03T17:16:26.739+0000] {dagbag.py:350} ERROR - Failed to import: /opt/airflow/dags/extract_and_load.py
Traceback (most recent call last):
  File "/home/airflow/.local/lib/python3.7/site-packages/airflow/models/dagbag.py", line 346, in parse
    loader.exec_module(new_module)
  File "<frozen importlib._bootstrap_external>", line 728, in exec_module
  File "<frozen importlib._bootstrap>", line 219, in _call_with_frames_removed
  File "/opt/airflow/dags/extract_and_load.py", line 4, in <module>
    from src.extract_data import extract_data
ModuleNotFoundError: No module named 'src.extract_data'
[2024-05-03T17:16:26.742+0000] {processor.py:838} WARNING - No viable dags retrieved from /opt/airflow/dags/extract_and_load.py
[2024-05-03T17:16:26.783+0000] {processor.py:179} INFO - Processing /opt/airflow/dags/extract_and_load.py took 0.062 seconds
[2024-05-03T17:16:57.069+0000] {processor.py:157} INFO - Started process (PID=27160) to work on /opt/airflow/dags/extract_and_load.py
[2024-05-03T17:16:57.072+0000] {processor.py:826} INFO - Processing file /opt/airflow/dags/extract_and_load.py for tasks to queue
[2024-05-03T17:16:57.073+0000] {logging_mixin.py:149} INFO - [2024-05-03T17:16:57.072+0000] {dagbag.py:541} INFO - Filling up the DagBag from /opt/airflow/dags/extract_and_load.py
[2024-05-03T17:16:57.077+0000] {logging_mixin.py:149} INFO - [2024-05-03T17:16:57.076+0000] {dagbag.py:350} ERROR - Failed to import: /opt/airflow/dags/extract_and_load.py
Traceback (most recent call last):
  File "/home/airflow/.local/lib/python3.7/site-packages/airflow/models/dagbag.py", line 346, in parse
    loader.exec_module(new_module)
  File "<frozen importlib._bootstrap_external>", line 728, in exec_module
  File "<frozen importlib._bootstrap>", line 219, in _call_with_frames_removed
  File "/opt/airflow/dags/extract_and_load.py", line 4, in <module>
    from src.extract_data import extract_data
ModuleNotFoundError: No module named 'src.extract_data'
[2024-05-03T17:16:57.078+0000] {processor.py:838} WARNING - No viable dags retrieved from /opt/airflow/dags/extract_and_load.py
[2024-05-03T17:16:57.113+0000] {processor.py:179} INFO - Processing /opt/airflow/dags/extract_and_load.py took 0.061 seconds
[2024-05-03T17:17:27.199+0000] {processor.py:157} INFO - Started process (PID=27223) to work on /opt/airflow/dags/extract_and_load.py
[2024-05-03T17:17:27.200+0000] {processor.py:826} INFO - Processing file /opt/airflow/dags/extract_and_load.py for tasks to queue
[2024-05-03T17:17:27.202+0000] {logging_mixin.py:149} INFO - [2024-05-03T17:17:27.201+0000] {dagbag.py:541} INFO - Filling up the DagBag from /opt/airflow/dags/extract_and_load.py
[2024-05-03T17:17:27.210+0000] {logging_mixin.py:149} INFO - [2024-05-03T17:17:27.208+0000] {dagbag.py:350} ERROR - Failed to import: /opt/airflow/dags/extract_and_load.py
Traceback (most recent call last):
  File "/home/airflow/.local/lib/python3.7/site-packages/airflow/models/dagbag.py", line 346, in parse
    loader.exec_module(new_module)
  File "<frozen importlib._bootstrap_external>", line 728, in exec_module
  File "<frozen importlib._bootstrap>", line 219, in _call_with_frames_removed
  File "/opt/airflow/dags/extract_and_load.py", line 4, in <module>
    from src.extract_data import extract_data
ModuleNotFoundError: No module named 'src.extract_data'
[2024-05-03T17:17:27.212+0000] {processor.py:838} WARNING - No viable dags retrieved from /opt/airflow/dags/extract_and_load.py
[2024-05-03T17:17:27.263+0000] {processor.py:179} INFO - Processing /opt/airflow/dags/extract_and_load.py took 0.071 seconds
[2024-05-03T17:17:57.909+0000] {processor.py:157} INFO - Started process (PID=27281) to work on /opt/airflow/dags/extract_and_load.py
[2024-05-03T17:17:57.910+0000] {processor.py:826} INFO - Processing file /opt/airflow/dags/extract_and_load.py for tasks to queue
[2024-05-03T17:17:57.911+0000] {logging_mixin.py:149} INFO - [2024-05-03T17:17:57.911+0000] {dagbag.py:541} INFO - Filling up the DagBag from /opt/airflow/dags/extract_and_load.py
[2024-05-03T17:17:57.914+0000] {logging_mixin.py:149} INFO - [2024-05-03T17:17:57.913+0000] {dagbag.py:350} ERROR - Failed to import: /opt/airflow/dags/extract_and_load.py
Traceback (most recent call last):
  File "/home/airflow/.local/lib/python3.7/site-packages/airflow/models/dagbag.py", line 346, in parse
    loader.exec_module(new_module)
  File "<frozen importlib._bootstrap_external>", line 728, in exec_module
  File "<frozen importlib._bootstrap>", line 219, in _call_with_frames_removed
  File "/opt/airflow/dags/extract_and_load.py", line 4, in <module>
    from src.extract_data import extract_data
ModuleNotFoundError: No module named 'src.extract_data'
[2024-05-03T17:17:57.915+0000] {processor.py:838} WARNING - No viable dags retrieved from /opt/airflow/dags/extract_and_load.py
[2024-05-03T17:17:57.941+0000] {processor.py:179} INFO - Processing /opt/airflow/dags/extract_and_load.py took 0.035 seconds
[2024-05-03T17:18:28.202+0000] {processor.py:157} INFO - Started process (PID=27340) to work on /opt/airflow/dags/extract_and_load.py
[2024-05-03T17:18:28.203+0000] {processor.py:826} INFO - Processing file /opt/airflow/dags/extract_and_load.py for tasks to queue
[2024-05-03T17:18:28.204+0000] {logging_mixin.py:149} INFO - [2024-05-03T17:18:28.204+0000] {dagbag.py:541} INFO - Filling up the DagBag from /opt/airflow/dags/extract_and_load.py
[2024-05-03T17:18:28.207+0000] {logging_mixin.py:149} INFO - [2024-05-03T17:18:28.206+0000] {dagbag.py:350} ERROR - Failed to import: /opt/airflow/dags/extract_and_load.py
Traceback (most recent call last):
  File "/home/airflow/.local/lib/python3.7/site-packages/airflow/models/dagbag.py", line 346, in parse
    loader.exec_module(new_module)
  File "<frozen importlib._bootstrap_external>", line 728, in exec_module
  File "<frozen importlib._bootstrap>", line 219, in _call_with_frames_removed
  File "/opt/airflow/dags/extract_and_load.py", line 4, in <module>
    from src.extract_data import extract_data
ModuleNotFoundError: No module named 'src.extract_data'
[2024-05-03T17:18:28.208+0000] {processor.py:838} WARNING - No viable dags retrieved from /opt/airflow/dags/extract_and_load.py
[2024-05-03T17:18:28.231+0000] {processor.py:179} INFO - Processing /opt/airflow/dags/extract_and_load.py took 0.032 seconds
[2024-05-03T17:18:58.277+0000] {processor.py:157} INFO - Started process (PID=27397) to work on /opt/airflow/dags/extract_and_load.py
[2024-05-03T17:18:58.278+0000] {processor.py:826} INFO - Processing file /opt/airflow/dags/extract_and_load.py for tasks to queue
[2024-05-03T17:18:58.279+0000] {logging_mixin.py:149} INFO - [2024-05-03T17:18:58.278+0000] {dagbag.py:541} INFO - Filling up the DagBag from /opt/airflow/dags/extract_and_load.py
[2024-05-03T17:18:58.282+0000] {logging_mixin.py:149} INFO - [2024-05-03T17:18:58.281+0000] {dagbag.py:350} ERROR - Failed to import: /opt/airflow/dags/extract_and_load.py
Traceback (most recent call last):
  File "/home/airflow/.local/lib/python3.7/site-packages/airflow/models/dagbag.py", line 346, in parse
    loader.exec_module(new_module)
  File "<frozen importlib._bootstrap_external>", line 728, in exec_module
  File "<frozen importlib._bootstrap>", line 219, in _call_with_frames_removed
  File "/opt/airflow/dags/extract_and_load.py", line 4, in <module>
    from src.extract_data import extract_data
ModuleNotFoundError: No module named 'src.extract_data'
[2024-05-03T17:18:58.282+0000] {processor.py:838} WARNING - No viable dags retrieved from /opt/airflow/dags/extract_and_load.py
[2024-05-03T17:18:58.310+0000] {processor.py:179} INFO - Processing /opt/airflow/dags/extract_and_load.py took 0.037 seconds
[2024-05-03T17:19:28.374+0000] {processor.py:157} INFO - Started process (PID=27460) to work on /opt/airflow/dags/extract_and_load.py
[2024-05-03T17:19:28.375+0000] {processor.py:826} INFO - Processing file /opt/airflow/dags/extract_and_load.py for tasks to queue
[2024-05-03T17:19:28.376+0000] {logging_mixin.py:149} INFO - [2024-05-03T17:19:28.376+0000] {dagbag.py:541} INFO - Filling up the DagBag from /opt/airflow/dags/extract_and_load.py
[2024-05-03T17:19:28.381+0000] {logging_mixin.py:149} INFO - [2024-05-03T17:19:28.379+0000] {dagbag.py:350} ERROR - Failed to import: /opt/airflow/dags/extract_and_load.py
Traceback (most recent call last):
  File "/home/airflow/.local/lib/python3.7/site-packages/airflow/models/dagbag.py", line 346, in parse
    loader.exec_module(new_module)
  File "<frozen importlib._bootstrap_external>", line 728, in exec_module
  File "<frozen importlib._bootstrap>", line 219, in _call_with_frames_removed
  File "/opt/airflow/dags/extract_and_load.py", line 4, in <module>
    from src.extract_data import extract_data
ModuleNotFoundError: No module named 'src.extract_data'
[2024-05-03T17:19:28.381+0000] {processor.py:838} WARNING - No viable dags retrieved from /opt/airflow/dags/extract_and_load.py
[2024-05-03T17:19:28.413+0000] {processor.py:179} INFO - Processing /opt/airflow/dags/extract_and_load.py took 0.044 seconds
[2024-05-03T17:19:58.886+0000] {processor.py:157} INFO - Started process (PID=27520) to work on /opt/airflow/dags/extract_and_load.py
[2024-05-03T17:19:58.895+0000] {processor.py:826} INFO - Processing file /opt/airflow/dags/extract_and_load.py for tasks to queue
[2024-05-03T17:19:58.897+0000] {logging_mixin.py:149} INFO - [2024-05-03T17:19:58.897+0000] {dagbag.py:541} INFO - Filling up the DagBag from /opt/airflow/dags/extract_and_load.py
[2024-05-03T17:19:58.907+0000] {logging_mixin.py:149} INFO - [2024-05-03T17:19:58.904+0000] {dagbag.py:350} ERROR - Failed to import: /opt/airflow/dags/extract_and_load.py
Traceback (most recent call last):
  File "/home/airflow/.local/lib/python3.7/site-packages/airflow/models/dagbag.py", line 346, in parse
    loader.exec_module(new_module)
  File "<frozen importlib._bootstrap_external>", line 728, in exec_module
  File "<frozen importlib._bootstrap>", line 219, in _call_with_frames_removed
  File "/opt/airflow/dags/extract_and_load.py", line 4, in <module>
    from src.extract_data import extract_data
ModuleNotFoundError: No module named 'src.extract_data'
[2024-05-03T17:19:58.908+0000] {processor.py:838} WARNING - No viable dags retrieved from /opt/airflow/dags/extract_and_load.py
[2024-05-03T17:19:58.968+0000] {processor.py:179} INFO - Processing /opt/airflow/dags/extract_and_load.py took 0.093 seconds
[2024-05-03T17:20:29.560+0000] {processor.py:157} INFO - Started process (PID=27583) to work on /opt/airflow/dags/extract_and_load.py
[2024-05-03T17:20:29.561+0000] {processor.py:826} INFO - Processing file /opt/airflow/dags/extract_and_load.py for tasks to queue
[2024-05-03T17:20:29.563+0000] {logging_mixin.py:149} INFO - [2024-05-03T17:20:29.562+0000] {dagbag.py:541} INFO - Filling up the DagBag from /opt/airflow/dags/extract_and_load.py
[2024-05-03T17:20:29.568+0000] {logging_mixin.py:149} INFO - [2024-05-03T17:20:29.567+0000] {dagbag.py:350} ERROR - Failed to import: /opt/airflow/dags/extract_and_load.py
Traceback (most recent call last):
  File "/home/airflow/.local/lib/python3.7/site-packages/airflow/models/dagbag.py", line 346, in parse
    loader.exec_module(new_module)
  File "<frozen importlib._bootstrap_external>", line 728, in exec_module
  File "<frozen importlib._bootstrap>", line 219, in _call_with_frames_removed
  File "/opt/airflow/dags/extract_and_load.py", line 4, in <module>
    from src.extract_data import extract_data
ModuleNotFoundError: No module named 'src.extract_data'
[2024-05-03T17:20:29.568+0000] {processor.py:838} WARNING - No viable dags retrieved from /opt/airflow/dags/extract_and_load.py
[2024-05-03T17:20:29.596+0000] {processor.py:179} INFO - Processing /opt/airflow/dags/extract_and_load.py took 0.042 seconds
[2024-05-03T17:21:00.177+0000] {processor.py:157} INFO - Started process (PID=27646) to work on /opt/airflow/dags/extract_and_load.py
[2024-05-03T17:21:00.187+0000] {processor.py:826} INFO - Processing file /opt/airflow/dags/extract_and_load.py for tasks to queue
[2024-05-03T17:21:00.191+0000] {logging_mixin.py:149} INFO - [2024-05-03T17:21:00.190+0000] {dagbag.py:541} INFO - Filling up the DagBag from /opt/airflow/dags/extract_and_load.py
[2024-05-03T17:21:00.200+0000] {logging_mixin.py:149} INFO - [2024-05-03T17:21:00.198+0000] {dagbag.py:350} ERROR - Failed to import: /opt/airflow/dags/extract_and_load.py
Traceback (most recent call last):
  File "/home/airflow/.local/lib/python3.7/site-packages/airflow/models/dagbag.py", line 346, in parse
    loader.exec_module(new_module)
  File "<frozen importlib._bootstrap_external>", line 728, in exec_module
  File "<frozen importlib._bootstrap>", line 219, in _call_with_frames_removed
  File "/opt/airflow/dags/extract_and_load.py", line 4, in <module>
    from src.extract_data import extract_data
ModuleNotFoundError: No module named 'src.extract_data'
[2024-05-03T17:21:00.201+0000] {processor.py:838} WARNING - No viable dags retrieved from /opt/airflow/dags/extract_and_load.py
[2024-05-03T17:21:00.237+0000] {processor.py:179} INFO - Processing /opt/airflow/dags/extract_and_load.py took 0.075 seconds
[2024-05-03T17:21:30.867+0000] {processor.py:157} INFO - Started process (PID=27716) to work on /opt/airflow/dags/extract_and_load.py
[2024-05-03T17:21:30.868+0000] {processor.py:826} INFO - Processing file /opt/airflow/dags/extract_and_load.py for tasks to queue
[2024-05-03T17:21:30.869+0000] {logging_mixin.py:149} INFO - [2024-05-03T17:21:30.869+0000] {dagbag.py:541} INFO - Filling up the DagBag from /opt/airflow/dags/extract_and_load.py
[2024-05-03T17:21:30.874+0000] {logging_mixin.py:149} INFO - [2024-05-03T17:21:30.873+0000] {dagbag.py:350} ERROR - Failed to import: /opt/airflow/dags/extract_and_load.py
Traceback (most recent call last):
  File "/home/airflow/.local/lib/python3.7/site-packages/airflow/models/dagbag.py", line 346, in parse
    loader.exec_module(new_module)
  File "<frozen importlib._bootstrap_external>", line 728, in exec_module
  File "<frozen importlib._bootstrap>", line 219, in _call_with_frames_removed
  File "/opt/airflow/dags/extract_and_load.py", line 4, in <module>
    from src.extract_data import extract_data
ModuleNotFoundError: No module named 'src.extract_data'
[2024-05-03T17:21:30.875+0000] {processor.py:838} WARNING - No viable dags retrieved from /opt/airflow/dags/extract_and_load.py
[2024-05-03T17:21:30.901+0000] {processor.py:179} INFO - Processing /opt/airflow/dags/extract_and_load.py took 0.038 seconds
[2024-05-03T17:22:01.755+0000] {processor.py:157} INFO - Started process (PID=27779) to work on /opt/airflow/dags/extract_and_load.py
[2024-05-03T17:22:01.763+0000] {processor.py:826} INFO - Processing file /opt/airflow/dags/extract_and_load.py for tasks to queue
[2024-05-03T17:22:01.766+0000] {logging_mixin.py:149} INFO - [2024-05-03T17:22:01.765+0000] {dagbag.py:541} INFO - Filling up the DagBag from /opt/airflow/dags/extract_and_load.py
[2024-05-03T17:22:01.772+0000] {logging_mixin.py:149} INFO - [2024-05-03T17:22:01.770+0000] {dagbag.py:350} ERROR - Failed to import: /opt/airflow/dags/extract_and_load.py
Traceback (most recent call last):
  File "/home/airflow/.local/lib/python3.7/site-packages/airflow/models/dagbag.py", line 346, in parse
    loader.exec_module(new_module)
  File "<frozen importlib._bootstrap_external>", line 728, in exec_module
  File "<frozen importlib._bootstrap>", line 219, in _call_with_frames_removed
  File "/opt/airflow/dags/extract_and_load.py", line 4, in <module>
    from src.extract_data import extract_data
ModuleNotFoundError: No module named 'src.extract_data'
[2024-05-03T17:22:01.773+0000] {processor.py:838} WARNING - No viable dags retrieved from /opt/airflow/dags/extract_and_load.py
[2024-05-03T17:22:01.815+0000] {processor.py:179} INFO - Processing /opt/airflow/dags/extract_and_load.py took 0.091 seconds
[2024-05-03T17:22:31.953+0000] {processor.py:157} INFO - Started process (PID=27842) to work on /opt/airflow/dags/extract_and_load.py
[2024-05-03T17:22:31.954+0000] {processor.py:826} INFO - Processing file /opt/airflow/dags/extract_and_load.py for tasks to queue
[2024-05-03T17:22:31.956+0000] {logging_mixin.py:149} INFO - [2024-05-03T17:22:31.955+0000] {dagbag.py:541} INFO - Filling up the DagBag from /opt/airflow/dags/extract_and_load.py
[2024-05-03T17:22:31.961+0000] {logging_mixin.py:149} INFO - [2024-05-03T17:22:31.959+0000] {dagbag.py:350} ERROR - Failed to import: /opt/airflow/dags/extract_and_load.py
Traceback (most recent call last):
  File "/home/airflow/.local/lib/python3.7/site-packages/airflow/models/dagbag.py", line 346, in parse
    loader.exec_module(new_module)
  File "<frozen importlib._bootstrap_external>", line 728, in exec_module
  File "<frozen importlib._bootstrap>", line 219, in _call_with_frames_removed
  File "/opt/airflow/dags/extract_and_load.py", line 4, in <module>
    from src.extract_data import extract_data
ModuleNotFoundError: No module named 'src.extract_data'
[2024-05-03T17:22:31.961+0000] {processor.py:838} WARNING - No viable dags retrieved from /opt/airflow/dags/extract_and_load.py
[2024-05-03T17:22:31.994+0000] {processor.py:179} INFO - Processing /opt/airflow/dags/extract_and_load.py took 0.049 seconds
[2024-05-03T17:23:02.268+0000] {processor.py:157} INFO - Started process (PID=27905) to work on /opt/airflow/dags/extract_and_load.py
[2024-05-03T17:23:02.275+0000] {processor.py:826} INFO - Processing file /opt/airflow/dags/extract_and_load.py for tasks to queue
[2024-05-03T17:23:02.276+0000] {logging_mixin.py:149} INFO - [2024-05-03T17:23:02.276+0000] {dagbag.py:541} INFO - Filling up the DagBag from /opt/airflow/dags/extract_and_load.py
[2024-05-03T17:23:02.280+0000] {logging_mixin.py:149} INFO - [2024-05-03T17:23:02.279+0000] {dagbag.py:350} ERROR - Failed to import: /opt/airflow/dags/extract_and_load.py
Traceback (most recent call last):
  File "/home/airflow/.local/lib/python3.7/site-packages/airflow/models/dagbag.py", line 346, in parse
    loader.exec_module(new_module)
  File "<frozen importlib._bootstrap_external>", line 728, in exec_module
  File "<frozen importlib._bootstrap>", line 219, in _call_with_frames_removed
  File "/opt/airflow/dags/extract_and_load.py", line 4, in <module>
    from src.extract_data import extract_data
ModuleNotFoundError: No module named 'src.extract_data'
[2024-05-03T17:23:02.280+0000] {processor.py:838} WARNING - No viable dags retrieved from /opt/airflow/dags/extract_and_load.py
[2024-05-03T17:23:02.309+0000] {processor.py:179} INFO - Processing /opt/airflow/dags/extract_and_load.py took 0.043 seconds
[2024-05-03T17:23:32.714+0000] {processor.py:157} INFO - Started process (PID=27968) to work on /opt/airflow/dags/extract_and_load.py
[2024-05-03T17:23:32.724+0000] {processor.py:826} INFO - Processing file /opt/airflow/dags/extract_and_load.py for tasks to queue
[2024-05-03T17:23:32.730+0000] {logging_mixin.py:149} INFO - [2024-05-03T17:23:32.728+0000] {dagbag.py:541} INFO - Filling up the DagBag from /opt/airflow/dags/extract_and_load.py
[2024-05-03T17:23:32.740+0000] {logging_mixin.py:149} INFO - [2024-05-03T17:23:32.738+0000] {dagbag.py:350} ERROR - Failed to import: /opt/airflow/dags/extract_and_load.py
Traceback (most recent call last):
  File "/home/airflow/.local/lib/python3.7/site-packages/airflow/models/dagbag.py", line 346, in parse
    loader.exec_module(new_module)
  File "<frozen importlib._bootstrap_external>", line 728, in exec_module
  File "<frozen importlib._bootstrap>", line 219, in _call_with_frames_removed
  File "/opt/airflow/dags/extract_and_load.py", line 4, in <module>
    from src.extract_data import extract_data
ModuleNotFoundError: No module named 'src.extract_data'
[2024-05-03T17:23:32.741+0000] {processor.py:838} WARNING - No viable dags retrieved from /opt/airflow/dags/extract_and_load.py
[2024-05-03T17:23:32.779+0000] {processor.py:179} INFO - Processing /opt/airflow/dags/extract_and_load.py took 0.081 seconds
[2024-05-03T17:24:02.920+0000] {processor.py:157} INFO - Started process (PID=28031) to work on /opt/airflow/dags/extract_and_load.py
[2024-05-03T17:24:02.922+0000] {processor.py:826} INFO - Processing file /opt/airflow/dags/extract_and_load.py for tasks to queue
[2024-05-03T17:24:02.925+0000] {logging_mixin.py:149} INFO - [2024-05-03T17:24:02.924+0000] {dagbag.py:541} INFO - Filling up the DagBag from /opt/airflow/dags/extract_and_load.py
[2024-05-03T17:24:02.932+0000] {logging_mixin.py:149} INFO - [2024-05-03T17:24:02.931+0000] {dagbag.py:350} ERROR - Failed to import: /opt/airflow/dags/extract_and_load.py
Traceback (most recent call last):
  File "/home/airflow/.local/lib/python3.7/site-packages/airflow/models/dagbag.py", line 346, in parse
    loader.exec_module(new_module)
  File "<frozen importlib._bootstrap_external>", line 728, in exec_module
  File "<frozen importlib._bootstrap>", line 219, in _call_with_frames_removed
  File "/opt/airflow/dags/extract_and_load.py", line 4, in <module>
    from src.extract_data import extract_data
ModuleNotFoundError: No module named 'src.extract_data'
[2024-05-03T17:24:02.933+0000] {processor.py:838} WARNING - No viable dags retrieved from /opt/airflow/dags/extract_and_load.py
[2024-05-03T17:24:02.966+0000] {processor.py:179} INFO - Processing /opt/airflow/dags/extract_and_load.py took 0.062 seconds
[2024-05-03T17:24:33.253+0000] {processor.py:157} INFO - Started process (PID=28094) to work on /opt/airflow/dags/extract_and_load.py
[2024-05-03T17:24:33.260+0000] {processor.py:826} INFO - Processing file /opt/airflow/dags/extract_and_load.py for tasks to queue
[2024-05-03T17:24:33.262+0000] {logging_mixin.py:149} INFO - [2024-05-03T17:24:33.261+0000] {dagbag.py:541} INFO - Filling up the DagBag from /opt/airflow/dags/extract_and_load.py
[2024-05-03T17:24:33.267+0000] {logging_mixin.py:149} INFO - [2024-05-03T17:24:33.265+0000] {dagbag.py:350} ERROR - Failed to import: /opt/airflow/dags/extract_and_load.py
Traceback (most recent call last):
  File "/home/airflow/.local/lib/python3.7/site-packages/airflow/models/dagbag.py", line 346, in parse
    loader.exec_module(new_module)
  File "<frozen importlib._bootstrap_external>", line 728, in exec_module
  File "<frozen importlib._bootstrap>", line 219, in _call_with_frames_removed
  File "/opt/airflow/dags/extract_and_load.py", line 4, in <module>
    from src.extract_data import extract_data
ModuleNotFoundError: No module named 'src.extract_data'
[2024-05-03T17:24:33.267+0000] {processor.py:838} WARNING - No viable dags retrieved from /opt/airflow/dags/extract_and_load.py
[2024-05-03T17:24:33.305+0000] {processor.py:179} INFO - Processing /opt/airflow/dags/extract_and_load.py took 0.062 seconds
[2024-05-03T17:25:03.918+0000] {processor.py:157} INFO - Started process (PID=28157) to work on /opt/airflow/dags/extract_and_load.py
[2024-05-03T17:25:03.919+0000] {processor.py:826} INFO - Processing file /opt/airflow/dags/extract_and_load.py for tasks to queue
[2024-05-03T17:25:03.920+0000] {logging_mixin.py:149} INFO - [2024-05-03T17:25:03.920+0000] {dagbag.py:541} INFO - Filling up the DagBag from /opt/airflow/dags/extract_and_load.py
[2024-05-03T17:25:03.925+0000] {logging_mixin.py:149} INFO - [2024-05-03T17:25:03.923+0000] {dagbag.py:350} ERROR - Failed to import: /opt/airflow/dags/extract_and_load.py
Traceback (most recent call last):
  File "/home/airflow/.local/lib/python3.7/site-packages/airflow/models/dagbag.py", line 346, in parse
    loader.exec_module(new_module)
  File "<frozen importlib._bootstrap_external>", line 728, in exec_module
  File "<frozen importlib._bootstrap>", line 219, in _call_with_frames_removed
  File "/opt/airflow/dags/extract_and_load.py", line 4, in <module>
    from src.extract_data import extract_data
ModuleNotFoundError: No module named 'src.extract_data'
[2024-05-03T17:25:03.926+0000] {processor.py:838} WARNING - No viable dags retrieved from /opt/airflow/dags/extract_and_load.py
[2024-05-03T17:25:03.956+0000] {processor.py:179} INFO - Processing /opt/airflow/dags/extract_and_load.py took 0.044 seconds
[2024-05-03T17:25:34.353+0000] {processor.py:157} INFO - Started process (PID=28219) to work on /opt/airflow/dags/extract_and_load.py
[2024-05-03T17:25:34.366+0000] {processor.py:826} INFO - Processing file /opt/airflow/dags/extract_and_load.py for tasks to queue
[2024-05-03T17:25:34.372+0000] {logging_mixin.py:149} INFO - [2024-05-03T17:25:34.371+0000] {dagbag.py:541} INFO - Filling up the DagBag from /opt/airflow/dags/extract_and_load.py
[2024-05-03T17:25:34.386+0000] {logging_mixin.py:149} INFO - [2024-05-03T17:25:34.383+0000] {dagbag.py:350} ERROR - Failed to import: /opt/airflow/dags/extract_and_load.py
Traceback (most recent call last):
  File "/home/airflow/.local/lib/python3.7/site-packages/airflow/models/dagbag.py", line 346, in parse
    loader.exec_module(new_module)
  File "<frozen importlib._bootstrap_external>", line 728, in exec_module
  File "<frozen importlib._bootstrap>", line 219, in _call_with_frames_removed
  File "/opt/airflow/dags/extract_and_load.py", line 4, in <module>
    from src.extract_data import extract_data
ModuleNotFoundError: No module named 'src.extract_data'
[2024-05-03T17:25:34.387+0000] {processor.py:838} WARNING - No viable dags retrieved from /opt/airflow/dags/extract_and_load.py
[2024-05-03T17:25:34.425+0000] {processor.py:179} INFO - Processing /opt/airflow/dags/extract_and_load.py took 0.094 seconds
[2024-05-03T17:26:04.861+0000] {processor.py:157} INFO - Started process (PID=28282) to work on /opt/airflow/dags/extract_and_load.py
[2024-05-03T17:26:04.866+0000] {processor.py:826} INFO - Processing file /opt/airflow/dags/extract_and_load.py for tasks to queue
[2024-05-03T17:26:04.870+0000] {logging_mixin.py:149} INFO - [2024-05-03T17:26:04.869+0000] {dagbag.py:541} INFO - Filling up the DagBag from /opt/airflow/dags/extract_and_load.py
[2024-05-03T17:26:04.882+0000] {logging_mixin.py:149} INFO - [2024-05-03T17:26:04.878+0000] {dagbag.py:350} ERROR - Failed to import: /opt/airflow/dags/extract_and_load.py
Traceback (most recent call last):
  File "/home/airflow/.local/lib/python3.7/site-packages/airflow/models/dagbag.py", line 346, in parse
    loader.exec_module(new_module)
  File "<frozen importlib._bootstrap_external>", line 728, in exec_module
  File "<frozen importlib._bootstrap>", line 219, in _call_with_frames_removed
  File "/opt/airflow/dags/extract_and_load.py", line 4, in <module>
    from src.extract_data import extract_data
ModuleNotFoundError: No module named 'src.extract_data'
[2024-05-03T17:26:04.883+0000] {processor.py:838} WARNING - No viable dags retrieved from /opt/airflow/dags/extract_and_load.py
[2024-05-03T17:26:04.927+0000] {processor.py:179} INFO - Processing /opt/airflow/dags/extract_and_load.py took 0.092 seconds
[2024-05-03T17:26:35.481+0000] {processor.py:157} INFO - Started process (PID=28344) to work on /opt/airflow/dags/extract_and_load.py
[2024-05-03T17:26:35.493+0000] {processor.py:826} INFO - Processing file /opt/airflow/dags/extract_and_load.py for tasks to queue
[2024-05-03T17:26:35.496+0000] {logging_mixin.py:149} INFO - [2024-05-03T17:26:35.495+0000] {dagbag.py:541} INFO - Filling up the DagBag from /opt/airflow/dags/extract_and_load.py
[2024-05-03T17:26:35.507+0000] {logging_mixin.py:149} INFO - [2024-05-03T17:26:35.505+0000] {dagbag.py:350} ERROR - Failed to import: /opt/airflow/dags/extract_and_load.py
Traceback (most recent call last):
  File "/home/airflow/.local/lib/python3.7/site-packages/airflow/models/dagbag.py", line 346, in parse
    loader.exec_module(new_module)
  File "<frozen importlib._bootstrap_external>", line 728, in exec_module
  File "<frozen importlib._bootstrap>", line 219, in _call_with_frames_removed
  File "/opt/airflow/dags/extract_and_load.py", line 4, in <module>
    from src.extract_data import extract_data
ModuleNotFoundError: No module named 'src.extract_data'
[2024-05-03T17:26:35.508+0000] {processor.py:838} WARNING - No viable dags retrieved from /opt/airflow/dags/extract_and_load.py
[2024-05-03T17:26:35.545+0000] {processor.py:179} INFO - Processing /opt/airflow/dags/extract_and_load.py took 0.077 seconds
[2024-05-03T20:34:50.992+0000] {processor.py:157} INFO - Started process (PID=28370) to work on /opt/airflow/dags/extract_and_load.py
[2024-05-03T20:34:50.994+0000] {processor.py:826} INFO - Processing file /opt/airflow/dags/extract_and_load.py for tasks to queue
[2024-05-03T20:34:50.995+0000] {logging_mixin.py:149} INFO - [2024-05-03T20:34:50.995+0000] {dagbag.py:541} INFO - Filling up the DagBag from /opt/airflow/dags/extract_and_load.py
[2024-05-03T20:34:51.000+0000] {logging_mixin.py:149} INFO - [2024-05-03T20:34:50.999+0000] {dagbag.py:350} ERROR - Failed to import: /opt/airflow/dags/extract_and_load.py
Traceback (most recent call last):
  File "/home/airflow/.local/lib/python3.7/site-packages/airflow/models/dagbag.py", line 346, in parse
    loader.exec_module(new_module)
  File "<frozen importlib._bootstrap_external>", line 728, in exec_module
  File "<frozen importlib._bootstrap>", line 219, in _call_with_frames_removed
  File "/opt/airflow/dags/extract_and_load.py", line 4, in <module>
    from src.extract_data import extract_data
ModuleNotFoundError: No module named 'src.extract_data'
[2024-05-03T20:34:51.021+0000] {processor.py:838} WARNING - No viable dags retrieved from /opt/airflow/dags/extract_and_load.py
[2024-05-03T20:34:51.178+0000] {processor.py:179} INFO - Processing /opt/airflow/dags/extract_and_load.py took 0.191 seconds
[2024-05-03T20:35:21.420+0000] {processor.py:157} INFO - Started process (PID=28427) to work on /opt/airflow/dags/extract_and_load.py
[2024-05-03T20:35:21.425+0000] {processor.py:826} INFO - Processing file /opt/airflow/dags/extract_and_load.py for tasks to queue
[2024-05-03T20:35:21.430+0000] {logging_mixin.py:149} INFO - [2024-05-03T20:35:21.429+0000] {dagbag.py:541} INFO - Filling up the DagBag from /opt/airflow/dags/extract_and_load.py
[2024-05-03T20:35:21.446+0000] {logging_mixin.py:149} INFO - [2024-05-03T20:35:21.442+0000] {dagbag.py:350} ERROR - Failed to import: /opt/airflow/dags/extract_and_load.py
Traceback (most recent call last):
  File "/home/airflow/.local/lib/python3.7/site-packages/airflow/models/dagbag.py", line 346, in parse
    loader.exec_module(new_module)
  File "<frozen importlib._bootstrap_external>", line 728, in exec_module
  File "<frozen importlib._bootstrap>", line 219, in _call_with_frames_removed
  File "/opt/airflow/dags/extract_and_load.py", line 4, in <module>
    from src.extract_data import extract_data
ModuleNotFoundError: No module named 'src.extract_data'
[2024-05-03T20:35:21.448+0000] {processor.py:838} WARNING - No viable dags retrieved from /opt/airflow/dags/extract_and_load.py
[2024-05-03T20:35:21.490+0000] {processor.py:179} INFO - Processing /opt/airflow/dags/extract_and_load.py took 0.093 seconds
[2024-05-03T20:35:51.545+0000] {processor.py:157} INFO - Started process (PID=28490) to work on /opt/airflow/dags/extract_and_load.py
[2024-05-03T20:35:51.551+0000] {processor.py:826} INFO - Processing file /opt/airflow/dags/extract_and_load.py for tasks to queue
[2024-05-03T20:35:51.552+0000] {logging_mixin.py:149} INFO - [2024-05-03T20:35:51.552+0000] {dagbag.py:541} INFO - Filling up the DagBag from /opt/airflow/dags/extract_and_load.py
[2024-05-03T20:35:51.556+0000] {logging_mixin.py:149} INFO - [2024-05-03T20:35:51.554+0000] {dagbag.py:350} ERROR - Failed to import: /opt/airflow/dags/extract_and_load.py
Traceback (most recent call last):
  File "/home/airflow/.local/lib/python3.7/site-packages/airflow/models/dagbag.py", line 346, in parse
    loader.exec_module(new_module)
  File "<frozen importlib._bootstrap_external>", line 728, in exec_module
  File "<frozen importlib._bootstrap>", line 219, in _call_with_frames_removed
  File "/opt/airflow/dags/extract_and_load.py", line 4, in <module>
    from src.extract_data import extract_data
ModuleNotFoundError: No module named 'src.extract_data'
[2024-05-03T20:35:51.556+0000] {processor.py:838} WARNING - No viable dags retrieved from /opt/airflow/dags/extract_and_load.py
[2024-05-03T20:35:51.578+0000] {processor.py:179} INFO - Processing /opt/airflow/dags/extract_and_load.py took 0.036 seconds
[2024-05-03T20:36:21.790+0000] {processor.py:157} INFO - Started process (PID=28553) to work on /opt/airflow/dags/extract_and_load.py
[2024-05-03T20:36:21.791+0000] {processor.py:826} INFO - Processing file /opt/airflow/dags/extract_and_load.py for tasks to queue
[2024-05-03T20:36:21.793+0000] {logging_mixin.py:149} INFO - [2024-05-03T20:36:21.792+0000] {dagbag.py:541} INFO - Filling up the DagBag from /opt/airflow/dags/extract_and_load.py
[2024-05-03T20:36:21.797+0000] {logging_mixin.py:149} INFO - [2024-05-03T20:36:21.796+0000] {dagbag.py:350} ERROR - Failed to import: /opt/airflow/dags/extract_and_load.py
Traceback (most recent call last):
  File "/home/airflow/.local/lib/python3.7/site-packages/airflow/models/dagbag.py", line 346, in parse
    loader.exec_module(new_module)
  File "<frozen importlib._bootstrap_external>", line 728, in exec_module
  File "<frozen importlib._bootstrap>", line 219, in _call_with_frames_removed
  File "/opt/airflow/dags/extract_and_load.py", line 4, in <module>
    from src.extract_data import extract_data
ModuleNotFoundError: No module named 'src.extract_data'
[2024-05-03T20:36:21.798+0000] {processor.py:838} WARNING - No viable dags retrieved from /opt/airflow/dags/extract_and_load.py
[2024-05-03T20:36:21.824+0000] {processor.py:179} INFO - Processing /opt/airflow/dags/extract_and_load.py took 0.038 seconds
[2024-05-03T20:36:52.230+0000] {processor.py:157} INFO - Started process (PID=28616) to work on /opt/airflow/dags/extract_and_load.py
[2024-05-03T20:36:52.239+0000] {processor.py:826} INFO - Processing file /opt/airflow/dags/extract_and_load.py for tasks to queue
[2024-05-03T20:36:52.241+0000] {logging_mixin.py:149} INFO - [2024-05-03T20:36:52.240+0000] {dagbag.py:541} INFO - Filling up the DagBag from /opt/airflow/dags/extract_and_load.py
[2024-05-03T20:36:52.251+0000] {logging_mixin.py:149} INFO - [2024-05-03T20:36:52.248+0000] {dagbag.py:350} ERROR - Failed to import: /opt/airflow/dags/extract_and_load.py
Traceback (most recent call last):
  File "/home/airflow/.local/lib/python3.7/site-packages/airflow/models/dagbag.py", line 346, in parse
    loader.exec_module(new_module)
  File "<frozen importlib._bootstrap_external>", line 728, in exec_module
  File "<frozen importlib._bootstrap>", line 219, in _call_with_frames_removed
  File "/opt/airflow/dags/extract_and_load.py", line 4, in <module>
    from src.extract_data import extract_data
ModuleNotFoundError: No module named 'src.extract_data'
[2024-05-03T20:36:52.252+0000] {processor.py:838} WARNING - No viable dags retrieved from /opt/airflow/dags/extract_and_load.py
[2024-05-03T20:36:52.279+0000] {processor.py:179} INFO - Processing /opt/airflow/dags/extract_and_load.py took 0.059 seconds
[2024-05-03T20:37:22.415+0000] {processor.py:157} INFO - Started process (PID=28678) to work on /opt/airflow/dags/extract_and_load.py
[2024-05-03T20:37:22.417+0000] {processor.py:826} INFO - Processing file /opt/airflow/dags/extract_and_load.py for tasks to queue
[2024-05-03T20:37:22.418+0000] {logging_mixin.py:149} INFO - [2024-05-03T20:37:22.418+0000] {dagbag.py:541} INFO - Filling up the DagBag from /opt/airflow/dags/extract_and_load.py
[2024-05-03T20:37:22.423+0000] {logging_mixin.py:149} INFO - [2024-05-03T20:37:22.421+0000] {dagbag.py:350} ERROR - Failed to import: /opt/airflow/dags/extract_and_load.py
Traceback (most recent call last):
  File "/home/airflow/.local/lib/python3.7/site-packages/airflow/models/dagbag.py", line 346, in parse
    loader.exec_module(new_module)
  File "<frozen importlib._bootstrap_external>", line 728, in exec_module
  File "<frozen importlib._bootstrap>", line 219, in _call_with_frames_removed
  File "/opt/airflow/dags/extract_and_load.py", line 4, in <module>
    from src.extract_data import extract_data
ModuleNotFoundError: No module named 'src.extract_data'
[2024-05-03T20:37:22.423+0000] {processor.py:838} WARNING - No viable dags retrieved from /opt/airflow/dags/extract_and_load.py
[2024-05-03T20:37:22.452+0000] {processor.py:179} INFO - Processing /opt/airflow/dags/extract_and_load.py took 0.041 seconds
[2024-05-03T20:37:52.802+0000] {processor.py:157} INFO - Started process (PID=28740) to work on /opt/airflow/dags/extract_and_load.py
[2024-05-03T20:37:52.803+0000] {processor.py:826} INFO - Processing file /opt/airflow/dags/extract_and_load.py for tasks to queue
[2024-05-03T20:37:52.804+0000] {logging_mixin.py:149} INFO - [2024-05-03T20:37:52.804+0000] {dagbag.py:541} INFO - Filling up the DagBag from /opt/airflow/dags/extract_and_load.py
[2024-05-03T20:37:52.808+0000] {logging_mixin.py:149} INFO - [2024-05-03T20:37:52.807+0000] {dagbag.py:350} ERROR - Failed to import: /opt/airflow/dags/extract_and_load.py
Traceback (most recent call last):
  File "/home/airflow/.local/lib/python3.7/site-packages/airflow/models/dagbag.py", line 346, in parse
    loader.exec_module(new_module)
  File "<frozen importlib._bootstrap_external>", line 728, in exec_module
  File "<frozen importlib._bootstrap>", line 219, in _call_with_frames_removed
  File "/opt/airflow/dags/extract_and_load.py", line 4, in <module>
    from src.extract_data import extract_data
ModuleNotFoundError: No module named 'src.extract_data'
[2024-05-03T20:37:52.808+0000] {processor.py:838} WARNING - No viable dags retrieved from /opt/airflow/dags/extract_and_load.py
[2024-05-03T20:37:52.833+0000] {processor.py:179} INFO - Processing /opt/airflow/dags/extract_and_load.py took 0.035 seconds
[2024-05-03T20:38:22.970+0000] {processor.py:157} INFO - Started process (PID=28803) to work on /opt/airflow/dags/extract_and_load.py
[2024-05-03T20:38:22.971+0000] {processor.py:826} INFO - Processing file /opt/airflow/dags/extract_and_load.py for tasks to queue
[2024-05-03T20:38:22.975+0000] {logging_mixin.py:149} INFO - [2024-05-03T20:38:22.972+0000] {dagbag.py:541} INFO - Filling up the DagBag from /opt/airflow/dags/extract_and_load.py
[2024-05-03T20:38:22.981+0000] {logging_mixin.py:149} INFO - [2024-05-03T20:38:22.979+0000] {dagbag.py:350} ERROR - Failed to import: /opt/airflow/dags/extract_and_load.py
Traceback (most recent call last):
  File "/home/airflow/.local/lib/python3.7/site-packages/airflow/models/dagbag.py", line 346, in parse
    loader.exec_module(new_module)
  File "<frozen importlib._bootstrap_external>", line 728, in exec_module
  File "<frozen importlib._bootstrap>", line 219, in _call_with_frames_removed
  File "/opt/airflow/dags/extract_and_load.py", line 4, in <module>
    from src.extract_data import extract_data
ModuleNotFoundError: No module named 'src.extract_data'
[2024-05-03T20:38:22.981+0000] {processor.py:838} WARNING - No viable dags retrieved from /opt/airflow/dags/extract_and_load.py
[2024-05-03T20:38:23.018+0000] {processor.py:179} INFO - Processing /opt/airflow/dags/extract_and_load.py took 0.074 seconds
[2024-05-03T20:38:53.336+0000] {processor.py:157} INFO - Started process (PID=28866) to work on /opt/airflow/dags/extract_and_load.py
[2024-05-03T20:38:53.340+0000] {processor.py:826} INFO - Processing file /opt/airflow/dags/extract_and_load.py for tasks to queue
[2024-05-03T20:38:53.344+0000] {logging_mixin.py:149} INFO - [2024-05-03T20:38:53.343+0000] {dagbag.py:541} INFO - Filling up the DagBag from /opt/airflow/dags/extract_and_load.py
[2024-05-03T20:38:53.353+0000] {logging_mixin.py:149} INFO - [2024-05-03T20:38:53.352+0000] {dagbag.py:350} ERROR - Failed to import: /opt/airflow/dags/extract_and_load.py
Traceback (most recent call last):
  File "/home/airflow/.local/lib/python3.7/site-packages/airflow/models/dagbag.py", line 346, in parse
    loader.exec_module(new_module)
  File "<frozen importlib._bootstrap_external>", line 728, in exec_module
  File "<frozen importlib._bootstrap>", line 219, in _call_with_frames_removed
  File "/opt/airflow/dags/extract_and_load.py", line 4, in <module>
    from src.extract_data import extract_data
ModuleNotFoundError: No module named 'src.extract_data'
[2024-05-03T20:38:53.354+0000] {processor.py:838} WARNING - No viable dags retrieved from /opt/airflow/dags/extract_and_load.py
[2024-05-03T20:38:53.421+0000] {processor.py:179} INFO - Processing /opt/airflow/dags/extract_and_load.py took 0.104 seconds
[2024-05-03T20:39:23.549+0000] {processor.py:157} INFO - Started process (PID=28929) to work on /opt/airflow/dags/extract_and_load.py
[2024-05-03T20:39:23.551+0000] {processor.py:826} INFO - Processing file /opt/airflow/dags/extract_and_load.py for tasks to queue
[2024-05-03T20:39:23.553+0000] {logging_mixin.py:149} INFO - [2024-05-03T20:39:23.552+0000] {dagbag.py:541} INFO - Filling up the DagBag from /opt/airflow/dags/extract_and_load.py
[2024-05-03T20:39:23.560+0000] {logging_mixin.py:149} INFO - [2024-05-03T20:39:23.558+0000] {dagbag.py:350} ERROR - Failed to import: /opt/airflow/dags/extract_and_load.py
Traceback (most recent call last):
  File "/home/airflow/.local/lib/python3.7/site-packages/airflow/models/dagbag.py", line 346, in parse
    loader.exec_module(new_module)
  File "<frozen importlib._bootstrap_external>", line 728, in exec_module
  File "<frozen importlib._bootstrap>", line 219, in _call_with_frames_removed
  File "/opt/airflow/dags/extract_and_load.py", line 4, in <module>
    from src.extract_data import extract_data
ModuleNotFoundError: No module named 'src.extract_data'
[2024-05-03T20:39:23.560+0000] {processor.py:838} WARNING - No viable dags retrieved from /opt/airflow/dags/extract_and_load.py
[2024-05-03T20:39:23.594+0000] {processor.py:179} INFO - Processing /opt/airflow/dags/extract_and_load.py took 0.055 seconds
[2024-05-03T20:39:53.811+0000] {processor.py:157} INFO - Started process (PID=28992) to work on /opt/airflow/dags/extract_and_load.py
[2024-05-03T20:39:53.812+0000] {processor.py:826} INFO - Processing file /opt/airflow/dags/extract_and_load.py for tasks to queue
[2024-05-03T20:39:53.812+0000] {logging_mixin.py:149} INFO - [2024-05-03T20:39:53.812+0000] {dagbag.py:541} INFO - Filling up the DagBag from /opt/airflow/dags/extract_and_load.py
[2024-05-03T20:39:53.816+0000] {logging_mixin.py:149} INFO - [2024-05-03T20:39:53.815+0000] {dagbag.py:350} ERROR - Failed to import: /opt/airflow/dags/extract_and_load.py
Traceback (most recent call last):
  File "/home/airflow/.local/lib/python3.7/site-packages/airflow/models/dagbag.py", line 346, in parse
    loader.exec_module(new_module)
  File "<frozen importlib._bootstrap_external>", line 728, in exec_module
  File "<frozen importlib._bootstrap>", line 219, in _call_with_frames_removed
  File "/opt/airflow/dags/extract_and_load.py", line 4, in <module>
    from src.extract_data import extract_data
ModuleNotFoundError: No module named 'src.extract_data'
[2024-05-03T20:39:53.816+0000] {processor.py:838} WARNING - No viable dags retrieved from /opt/airflow/dags/extract_and_load.py
[2024-05-03T20:39:53.838+0000] {processor.py:179} INFO - Processing /opt/airflow/dags/extract_and_load.py took 0.030 seconds
[2024-05-03T20:40:24.128+0000] {processor.py:157} INFO - Started process (PID=29056) to work on /opt/airflow/dags/extract_and_load.py
[2024-05-03T20:40:24.129+0000] {processor.py:826} INFO - Processing file /opt/airflow/dags/extract_and_load.py for tasks to queue
[2024-05-03T20:40:24.130+0000] {logging_mixin.py:149} INFO - [2024-05-03T20:40:24.130+0000] {dagbag.py:541} INFO - Filling up the DagBag from /opt/airflow/dags/extract_and_load.py
[2024-05-03T20:40:24.135+0000] {logging_mixin.py:149} INFO - [2024-05-03T20:40:24.133+0000] {dagbag.py:350} ERROR - Failed to import: /opt/airflow/dags/extract_and_load.py
Traceback (most recent call last):
  File "/home/airflow/.local/lib/python3.7/site-packages/airflow/models/dagbag.py", line 346, in parse
    loader.exec_module(new_module)
  File "<frozen importlib._bootstrap_external>", line 728, in exec_module
  File "<frozen importlib._bootstrap>", line 219, in _call_with_frames_removed
  File "/opt/airflow/dags/extract_and_load.py", line 4, in <module>
    from src.extract_data import extract_data
ModuleNotFoundError: No module named 'src.extract_data'
[2024-05-03T20:40:24.136+0000] {processor.py:838} WARNING - No viable dags retrieved from /opt/airflow/dags/extract_and_load.py
[2024-05-03T20:40:24.181+0000] {processor.py:179} INFO - Processing /opt/airflow/dags/extract_and_load.py took 0.057 seconds
