[2024-05-03T22:26:53.890+0000] {processor.py:157} INFO - Started process (PID=7766) to work on /opt/airflow/dags/nahoo.py
[2024-05-03T22:26:53.894+0000] {processor.py:826} INFO - Processing file /opt/airflow/dags/nahoo.py for tasks to queue
[2024-05-03T22:26:53.904+0000] {logging_mixin.py:149} INFO - [2024-05-03T22:26:53.900+0000] {dagbag.py:541} INFO - Filling up the DagBag from /opt/airflow/dags/nahoo.py
[2024-05-03T22:26:56.205+0000] {processor.py:836} INFO - DAG(s) dict_keys(['nahoom']) retrieved from /opt/airflow/dags/nahoo.py
[2024-05-03T22:26:57.047+0000] {logging_mixin.py:149} INFO - [2024-05-03T22:26:57.047+0000] {manager.py:504} INFO - Created Permission View: can read on DAG:nahoom
[2024-05-03T22:26:57.151+0000] {logging_mixin.py:149} INFO - [2024-05-03T22:26:57.151+0000] {manager.py:504} INFO - Created Permission View: can delete on DAG:nahoom
[2024-05-03T22:26:57.192+0000] {logging_mixin.py:149} INFO - [2024-05-03T22:26:57.192+0000] {manager.py:504} INFO - Created Permission View: can edit on DAG:nahoom
[2024-05-03T22:26:57.195+0000] {logging_mixin.py:149} INFO - [2024-05-03T22:26:57.195+0000] {dag.py:2726} INFO - Sync 1 DAGs
[2024-05-03T22:26:57.266+0000] {logging_mixin.py:149} INFO - [2024-05-03T22:26:57.265+0000] {dag.py:2747} INFO - Creating ORM DAG for nahoom
[2024-05-03T22:26:57.327+0000] {logging_mixin.py:149} INFO - [2024-05-03T22:26:57.326+0000] {dag.py:3490} INFO - Setting next_dagrun for nahoom to 2024-05-04T00:00:00+00:00, run_after=2024-05-05T00:00:00+00:00
[2024-05-03T22:26:57.398+0000] {processor.py:179} INFO - Processing /opt/airflow/dags/nahoo.py took 3.532 seconds
[2024-05-03T22:27:27.968+0000] {processor.py:157} INFO - Started process (PID=7866) to work on /opt/airflow/dags/nahoo.py
[2024-05-03T22:27:27.983+0000] {processor.py:826} INFO - Processing file /opt/airflow/dags/nahoo.py for tasks to queue
[2024-05-03T22:27:27.985+0000] {logging_mixin.py:149} INFO - [2024-05-03T22:27:27.984+0000] {dagbag.py:541} INFO - Filling up the DagBag from /opt/airflow/dags/nahoo.py
[2024-05-03T22:27:30.309+0000] {processor.py:836} INFO - DAG(s) dict_keys(['nahoom']) retrieved from /opt/airflow/dags/nahoo.py
[2024-05-03T22:27:30.646+0000] {logging_mixin.py:149} INFO - [2024-05-03T22:27:30.646+0000] {dag.py:2726} INFO - Sync 1 DAGs
[2024-05-03T22:27:30.781+0000] {logging_mixin.py:149} INFO - [2024-05-03T22:27:30.781+0000] {dag.py:3490} INFO - Setting next_dagrun for nahoom to 2024-05-04T00:00:00+00:00, run_after=2024-05-05T00:00:00+00:00
[2024-05-03T22:27:30.858+0000] {processor.py:179} INFO - Processing /opt/airflow/dags/nahoo.py took 2.896 seconds
[2024-05-03T22:28:01.198+0000] {processor.py:157} INFO - Started process (PID=7959) to work on /opt/airflow/dags/nahoo.py
[2024-05-03T22:28:01.205+0000] {processor.py:826} INFO - Processing file /opt/airflow/dags/nahoo.py for tasks to queue
[2024-05-03T22:28:01.206+0000] {logging_mixin.py:149} INFO - [2024-05-03T22:28:01.206+0000] {dagbag.py:541} INFO - Filling up the DagBag from /opt/airflow/dags/nahoo.py
[2024-05-03T22:28:01.875+0000] {processor.py:836} INFO - DAG(s) dict_keys(['nahoom']) retrieved from /opt/airflow/dags/nahoo.py
[2024-05-03T22:28:01.954+0000] {logging_mixin.py:149} INFO - [2024-05-03T22:28:01.953+0000] {dag.py:2726} INFO - Sync 1 DAGs
[2024-05-03T22:28:01.986+0000] {logging_mixin.py:149} INFO - [2024-05-03T22:28:01.986+0000] {dag.py:3490} INFO - Setting next_dagrun for nahoom to 2024-05-04T00:00:00+00:00, run_after=2024-05-05T00:00:00+00:00
[2024-05-03T22:28:02.019+0000] {processor.py:179} INFO - Processing /opt/airflow/dags/nahoo.py took 0.827 seconds
[2024-05-03T22:28:32.771+0000] {processor.py:157} INFO - Started process (PID=8033) to work on /opt/airflow/dags/nahoo.py
[2024-05-03T22:28:32.772+0000] {processor.py:826} INFO - Processing file /opt/airflow/dags/nahoo.py for tasks to queue
[2024-05-03T22:28:32.773+0000] {logging_mixin.py:149} INFO - [2024-05-03T22:28:32.773+0000] {dagbag.py:541} INFO - Filling up the DagBag from /opt/airflow/dags/nahoo.py
[2024-05-03T22:28:33.812+0000] {processor.py:836} INFO - DAG(s) dict_keys(['nahoom']) retrieved from /opt/airflow/dags/nahoo.py
[2024-05-03T22:28:33.954+0000] {logging_mixin.py:149} INFO - [2024-05-03T22:28:33.954+0000] {dag.py:2726} INFO - Sync 1 DAGs
[2024-05-03T22:28:34.090+0000] {logging_mixin.py:149} INFO - [2024-05-03T22:28:34.090+0000] {dag.py:3490} INFO - Setting next_dagrun for nahoom to 2024-05-04T00:00:00+00:00, run_after=2024-05-05T00:00:00+00:00
[2024-05-03T22:28:34.154+0000] {processor.py:179} INFO - Processing /opt/airflow/dags/nahoo.py took 1.392 seconds
[2024-05-03T22:29:04.218+0000] {processor.py:157} INFO - Started process (PID=8106) to work on /opt/airflow/dags/nahoo.py
[2024-05-03T22:29:04.219+0000] {processor.py:826} INFO - Processing file /opt/airflow/dags/nahoo.py for tasks to queue
[2024-05-03T22:29:04.219+0000] {logging_mixin.py:149} INFO - [2024-05-03T22:29:04.219+0000] {dagbag.py:541} INFO - Filling up the DagBag from /opt/airflow/dags/nahoo.py
[2024-05-03T22:29:04.760+0000] {processor.py:836} INFO - DAG(s) dict_keys(['nahoom']) retrieved from /opt/airflow/dags/nahoo.py
[2024-05-03T22:29:04.825+0000] {logging_mixin.py:149} INFO - [2024-05-03T22:29:04.824+0000] {dag.py:2726} INFO - Sync 1 DAGs
[2024-05-03T22:29:04.851+0000] {logging_mixin.py:149} INFO - [2024-05-03T22:29:04.851+0000] {dag.py:3490} INFO - Setting next_dagrun for nahoom to 2024-05-04T00:00:00+00:00, run_after=2024-05-05T00:00:00+00:00
[2024-05-03T22:29:04.875+0000] {processor.py:179} INFO - Processing /opt/airflow/dags/nahoo.py took 0.661 seconds
[2024-05-03T22:29:35.274+0000] {processor.py:157} INFO - Started process (PID=8177) to work on /opt/airflow/dags/nahoo.py
[2024-05-03T22:29:35.275+0000] {processor.py:826} INFO - Processing file /opt/airflow/dags/nahoo.py for tasks to queue
[2024-05-03T22:29:35.276+0000] {logging_mixin.py:149} INFO - [2024-05-03T22:29:35.275+0000] {dagbag.py:541} INFO - Filling up the DagBag from /opt/airflow/dags/nahoo.py
[2024-05-03T22:29:35.962+0000] {processor.py:836} INFO - DAG(s) dict_keys(['nahoom']) retrieved from /opt/airflow/dags/nahoo.py
[2024-05-03T22:29:36.083+0000] {logging_mixin.py:149} INFO - [2024-05-03T22:29:36.083+0000] {dag.py:2726} INFO - Sync 1 DAGs
[2024-05-03T22:29:36.130+0000] {logging_mixin.py:149} INFO - [2024-05-03T22:29:36.130+0000] {dag.py:3490} INFO - Setting next_dagrun for nahoom to 2024-05-04T00:00:00+00:00, run_after=2024-05-05T00:00:00+00:00
[2024-05-03T22:29:36.164+0000] {processor.py:179} INFO - Processing /opt/airflow/dags/nahoo.py took 0.893 seconds
[2024-05-03T22:30:06.256+0000] {processor.py:157} INFO - Started process (PID=8250) to work on /opt/airflow/dags/nahoo.py
[2024-05-03T22:30:06.258+0000] {processor.py:826} INFO - Processing file /opt/airflow/dags/nahoo.py for tasks to queue
[2024-05-03T22:30:06.261+0000] {logging_mixin.py:149} INFO - [2024-05-03T22:30:06.260+0000] {dagbag.py:541} INFO - Filling up the DagBag from /opt/airflow/dags/nahoo.py
[2024-05-03T22:30:07.474+0000] {processor.py:836} INFO - DAG(s) dict_keys(['nahoom']) retrieved from /opt/airflow/dags/nahoo.py
[2024-05-03T22:30:07.733+0000] {logging_mixin.py:149} INFO - [2024-05-03T22:30:07.733+0000] {dag.py:2726} INFO - Sync 1 DAGs
[2024-05-03T22:30:08.011+0000] {logging_mixin.py:149} INFO - [2024-05-03T22:30:08.011+0000] {dag.py:3490} INFO - Setting next_dagrun for nahoom to 2024-05-04T00:00:00+00:00, run_after=2024-05-05T00:00:00+00:00
[2024-05-03T22:30:08.172+0000] {processor.py:179} INFO - Processing /opt/airflow/dags/nahoo.py took 1.925 seconds
[2024-05-03T22:30:38.670+0000] {processor.py:157} INFO - Started process (PID=8324) to work on /opt/airflow/dags/nahoo.py
[2024-05-03T22:30:38.671+0000] {processor.py:826} INFO - Processing file /opt/airflow/dags/nahoo.py for tasks to queue
[2024-05-03T22:30:38.673+0000] {logging_mixin.py:149} INFO - [2024-05-03T22:30:38.673+0000] {dagbag.py:541} INFO - Filling up the DagBag from /opt/airflow/dags/nahoo.py
[2024-05-03T22:30:40.064+0000] {processor.py:836} INFO - DAG(s) dict_keys(['nahoom']) retrieved from /opt/airflow/dags/nahoo.py
[2024-05-03T22:30:40.253+0000] {logging_mixin.py:149} INFO - [2024-05-03T22:30:40.252+0000] {dag.py:2726} INFO - Sync 1 DAGs
[2024-05-03T22:30:40.334+0000] {logging_mixin.py:149} INFO - [2024-05-03T22:30:40.334+0000] {dag.py:3490} INFO - Setting next_dagrun for nahoom to 2024-05-04T00:00:00+00:00, run_after=2024-05-05T00:00:00+00:00
[2024-05-03T22:30:40.399+0000] {processor.py:179} INFO - Processing /opt/airflow/dags/nahoo.py took 1.737 seconds
[2024-05-03T22:31:10.768+0000] {processor.py:157} INFO - Started process (PID=8397) to work on /opt/airflow/dags/nahoo.py
[2024-05-03T22:31:10.769+0000] {processor.py:826} INFO - Processing file /opt/airflow/dags/nahoo.py for tasks to queue
[2024-05-03T22:31:10.771+0000] {logging_mixin.py:149} INFO - [2024-05-03T22:31:10.770+0000] {dagbag.py:541} INFO - Filling up the DagBag from /opt/airflow/dags/nahoo.py
[2024-05-03T22:31:11.410+0000] {processor.py:836} INFO - DAG(s) dict_keys(['nahoom']) retrieved from /opt/airflow/dags/nahoo.py
[2024-05-03T22:31:11.482+0000] {logging_mixin.py:149} INFO - [2024-05-03T22:31:11.482+0000] {dag.py:2726} INFO - Sync 1 DAGs
[2024-05-03T22:31:11.511+0000] {logging_mixin.py:149} INFO - [2024-05-03T22:31:11.511+0000] {dag.py:3490} INFO - Setting next_dagrun for nahoom to 2024-05-04T00:00:00+00:00, run_after=2024-05-05T00:00:00+00:00
[2024-05-03T22:31:11.533+0000] {processor.py:179} INFO - Processing /opt/airflow/dags/nahoo.py took 0.774 seconds
[2024-05-03T22:31:41.767+0000] {processor.py:157} INFO - Started process (PID=8471) to work on /opt/airflow/dags/nahoo.py
[2024-05-03T22:31:41.768+0000] {processor.py:826} INFO - Processing file /opt/airflow/dags/nahoo.py for tasks to queue
[2024-05-03T22:31:41.769+0000] {logging_mixin.py:149} INFO - [2024-05-03T22:31:41.769+0000] {dagbag.py:541} INFO - Filling up the DagBag from /opt/airflow/dags/nahoo.py
[2024-05-03T22:31:42.393+0000] {processor.py:836} INFO - DAG(s) dict_keys(['nahoom']) retrieved from /opt/airflow/dags/nahoo.py
[2024-05-03T22:31:42.472+0000] {logging_mixin.py:149} INFO - [2024-05-03T22:31:42.472+0000] {dag.py:2726} INFO - Sync 1 DAGs
[2024-05-03T22:31:42.509+0000] {logging_mixin.py:149} INFO - [2024-05-03T22:31:42.509+0000] {dag.py:3490} INFO - Setting next_dagrun for nahoom to 2024-05-04T00:00:00+00:00, run_after=2024-05-05T00:00:00+00:00
[2024-05-03T22:31:42.537+0000] {processor.py:179} INFO - Processing /opt/airflow/dags/nahoo.py took 0.775 seconds
[2024-05-03T22:32:12.837+0000] {processor.py:157} INFO - Started process (PID=8554) to work on /opt/airflow/dags/nahoo.py
[2024-05-03T22:32:12.837+0000] {processor.py:826} INFO - Processing file /opt/airflow/dags/nahoo.py for tasks to queue
[2024-05-03T22:32:12.838+0000] {logging_mixin.py:149} INFO - [2024-05-03T22:32:12.838+0000] {dagbag.py:541} INFO - Filling up the DagBag from /opt/airflow/dags/nahoo.py
[2024-05-03T22:32:13.495+0000] {processor.py:836} INFO - DAG(s) dict_keys(['nahoom']) retrieved from /opt/airflow/dags/nahoo.py
[2024-05-03T22:32:13.573+0000] {logging_mixin.py:149} INFO - [2024-05-03T22:32:13.573+0000] {dag.py:2726} INFO - Sync 1 DAGs
[2024-05-03T22:32:13.603+0000] {logging_mixin.py:149} INFO - [2024-05-03T22:32:13.603+0000] {dag.py:3490} INFO - Setting next_dagrun for nahoom to 2024-05-04T00:00:00+00:00, run_after=2024-05-05T00:00:00+00:00
[2024-05-03T22:32:13.631+0000] {processor.py:179} INFO - Processing /opt/airflow/dags/nahoo.py took 0.798 seconds
[2024-05-03T22:32:44.397+0000] {processor.py:157} INFO - Started process (PID=8626) to work on /opt/airflow/dags/nahoo.py
[2024-05-03T22:32:44.398+0000] {processor.py:826} INFO - Processing file /opt/airflow/dags/nahoo.py for tasks to queue
[2024-05-03T22:32:44.400+0000] {logging_mixin.py:149} INFO - [2024-05-03T22:32:44.400+0000] {dagbag.py:541} INFO - Filling up the DagBag from /opt/airflow/dags/nahoo.py
[2024-05-03T22:32:44.904+0000] {processor.py:836} INFO - DAG(s) dict_keys(['nahoom']) retrieved from /opt/airflow/dags/nahoo.py
[2024-05-03T22:32:44.989+0000] {logging_mixin.py:149} INFO - [2024-05-03T22:32:44.988+0000] {dag.py:2726} INFO - Sync 1 DAGs
[2024-05-03T22:32:45.022+0000] {logging_mixin.py:149} INFO - [2024-05-03T22:32:45.022+0000] {dag.py:3490} INFO - Setting next_dagrun for nahoom to 2024-05-04T00:00:00+00:00, run_after=2024-05-05T00:00:00+00:00
[2024-05-03T22:32:45.045+0000] {processor.py:179} INFO - Processing /opt/airflow/dags/nahoo.py took 0.660 seconds
[2024-05-03T22:33:15.249+0000] {processor.py:157} INFO - Started process (PID=8698) to work on /opt/airflow/dags/nahoo.py
[2024-05-03T22:33:15.256+0000] {processor.py:826} INFO - Processing file /opt/airflow/dags/nahoo.py for tasks to queue
[2024-05-03T22:33:15.257+0000] {logging_mixin.py:149} INFO - [2024-05-03T22:33:15.256+0000] {dagbag.py:541} INFO - Filling up the DagBag from /opt/airflow/dags/nahoo.py
[2024-05-03T22:33:15.810+0000] {processor.py:836} INFO - DAG(s) dict_keys(['nahoom']) retrieved from /opt/airflow/dags/nahoo.py
[2024-05-03T22:33:15.899+0000] {logging_mixin.py:149} INFO - [2024-05-03T22:33:15.899+0000] {dag.py:2726} INFO - Sync 1 DAGs
[2024-05-03T22:33:15.932+0000] {logging_mixin.py:149} INFO - [2024-05-03T22:33:15.931+0000] {dag.py:3490} INFO - Setting next_dagrun for nahoom to 2024-05-04T00:00:00+00:00, run_after=2024-05-05T00:00:00+00:00
[2024-05-03T22:33:15.958+0000] {processor.py:179} INFO - Processing /opt/airflow/dags/nahoo.py took 0.715 seconds
[2024-05-03T22:33:46.183+0000] {processor.py:157} INFO - Started process (PID=8773) to work on /opt/airflow/dags/nahoo.py
[2024-05-03T22:33:46.184+0000] {processor.py:826} INFO - Processing file /opt/airflow/dags/nahoo.py for tasks to queue
[2024-05-03T22:33:46.184+0000] {logging_mixin.py:149} INFO - [2024-05-03T22:33:46.184+0000] {dagbag.py:541} INFO - Filling up the DagBag from /opt/airflow/dags/nahoo.py
[2024-05-03T22:33:46.848+0000] {processor.py:836} INFO - DAG(s) dict_keys(['nahoom']) retrieved from /opt/airflow/dags/nahoo.py
[2024-05-03T22:33:46.915+0000] {logging_mixin.py:149} INFO - [2024-05-03T22:33:46.915+0000] {dag.py:2726} INFO - Sync 1 DAGs
[2024-05-03T22:33:46.944+0000] {logging_mixin.py:149} INFO - [2024-05-03T22:33:46.944+0000] {dag.py:3490} INFO - Setting next_dagrun for nahoom to 2024-05-04T00:00:00+00:00, run_after=2024-05-05T00:00:00+00:00
[2024-05-03T22:33:46.974+0000] {processor.py:179} INFO - Processing /opt/airflow/dags/nahoo.py took 0.795 seconds
[2024-05-03T22:34:17.026+0000] {processor.py:157} INFO - Started process (PID=8847) to work on /opt/airflow/dags/nahoo.py
[2024-05-03T22:34:17.027+0000] {processor.py:826} INFO - Processing file /opt/airflow/dags/nahoo.py for tasks to queue
[2024-05-03T22:34:17.028+0000] {logging_mixin.py:149} INFO - [2024-05-03T22:34:17.027+0000] {dagbag.py:541} INFO - Filling up the DagBag from /opt/airflow/dags/nahoo.py
[2024-05-03T22:34:17.565+0000] {processor.py:836} INFO - DAG(s) dict_keys(['nahoom']) retrieved from /opt/airflow/dags/nahoo.py
[2024-05-03T22:34:17.630+0000] {logging_mixin.py:149} INFO - [2024-05-03T22:34:17.630+0000] {dag.py:2726} INFO - Sync 1 DAGs
[2024-05-03T22:34:17.659+0000] {logging_mixin.py:149} INFO - [2024-05-03T22:34:17.659+0000] {dag.py:3490} INFO - Setting next_dagrun for nahoom to 2024-05-04T00:00:00+00:00, run_after=2024-05-05T00:00:00+00:00
[2024-05-03T22:34:17.723+0000] {processor.py:179} INFO - Processing /opt/airflow/dags/nahoo.py took 0.701 seconds
[2024-05-03T22:34:48.355+0000] {processor.py:157} INFO - Started process (PID=8919) to work on /opt/airflow/dags/nahoo.py
[2024-05-03T22:34:48.357+0000] {processor.py:826} INFO - Processing file /opt/airflow/dags/nahoo.py for tasks to queue
[2024-05-03T22:34:48.359+0000] {logging_mixin.py:149} INFO - [2024-05-03T22:34:48.359+0000] {dagbag.py:541} INFO - Filling up the DagBag from /opt/airflow/dags/nahoo.py
[2024-05-03T22:34:48.813+0000] {processor.py:836} INFO - DAG(s) dict_keys(['nahoom']) retrieved from /opt/airflow/dags/nahoo.py
[2024-05-03T22:34:48.887+0000] {logging_mixin.py:149} INFO - [2024-05-03T22:34:48.887+0000] {dag.py:2726} INFO - Sync 1 DAGs
[2024-05-03T22:34:48.915+0000] {logging_mixin.py:149} INFO - [2024-05-03T22:34:48.915+0000] {dag.py:3490} INFO - Setting next_dagrun for nahoom to 2024-05-04T00:00:00+00:00, run_after=2024-05-05T00:00:00+00:00
[2024-05-03T22:34:48.936+0000] {processor.py:179} INFO - Processing /opt/airflow/dags/nahoo.py took 0.591 seconds
[2024-05-03T22:35:19.681+0000] {processor.py:157} INFO - Started process (PID=8991) to work on /opt/airflow/dags/nahoo.py
[2024-05-03T22:35:19.685+0000] {processor.py:826} INFO - Processing file /opt/airflow/dags/nahoo.py for tasks to queue
[2024-05-03T22:35:19.686+0000] {logging_mixin.py:149} INFO - [2024-05-03T22:35:19.686+0000] {dagbag.py:541} INFO - Filling up the DagBag from /opt/airflow/dags/nahoo.py
[2024-05-03T22:35:20.256+0000] {processor.py:836} INFO - DAG(s) dict_keys(['nahoom']) retrieved from /opt/airflow/dags/nahoo.py
[2024-05-03T22:35:20.323+0000] {logging_mixin.py:149} INFO - [2024-05-03T22:35:20.323+0000] {dag.py:2726} INFO - Sync 1 DAGs
[2024-05-03T22:35:20.350+0000] {logging_mixin.py:149} INFO - [2024-05-03T22:35:20.350+0000] {dag.py:3490} INFO - Setting next_dagrun for nahoom to 2024-05-04T00:00:00+00:00, run_after=2024-05-05T00:00:00+00:00
[2024-05-03T22:35:20.380+0000] {processor.py:179} INFO - Processing /opt/airflow/dags/nahoo.py took 0.703 seconds
[2024-05-03T22:35:50.431+0000] {processor.py:157} INFO - Started process (PID=9063) to work on /opt/airflow/dags/nahoo.py
[2024-05-03T22:35:50.432+0000] {processor.py:826} INFO - Processing file /opt/airflow/dags/nahoo.py for tasks to queue
[2024-05-03T22:35:50.432+0000] {logging_mixin.py:149} INFO - [2024-05-03T22:35:50.432+0000] {dagbag.py:541} INFO - Filling up the DagBag from /opt/airflow/dags/nahoo.py
[2024-05-03T22:35:50.916+0000] {processor.py:836} INFO - DAG(s) dict_keys(['nahoom']) retrieved from /opt/airflow/dags/nahoo.py
[2024-05-03T22:35:51.019+0000] {logging_mixin.py:149} INFO - [2024-05-03T22:35:51.019+0000] {dag.py:2726} INFO - Sync 1 DAGs
[2024-05-03T22:35:51.051+0000] {logging_mixin.py:149} INFO - [2024-05-03T22:35:51.050+0000] {dag.py:3490} INFO - Setting next_dagrun for nahoom to 2024-05-04T00:00:00+00:00, run_after=2024-05-05T00:00:00+00:00
[2024-05-03T22:35:51.073+0000] {processor.py:179} INFO - Processing /opt/airflow/dags/nahoo.py took 0.645 seconds
[2024-05-03T22:36:21.168+0000] {processor.py:157} INFO - Started process (PID=9135) to work on /opt/airflow/dags/nahoo.py
[2024-05-03T22:36:21.179+0000] {processor.py:826} INFO - Processing file /opt/airflow/dags/nahoo.py for tasks to queue
[2024-05-03T22:36:21.183+0000] {logging_mixin.py:149} INFO - [2024-05-03T22:36:21.183+0000] {dagbag.py:541} INFO - Filling up the DagBag from /opt/airflow/dags/nahoo.py
[2024-05-03T22:36:22.853+0000] {processor.py:836} INFO - DAG(s) dict_keys(['nahoom']) retrieved from /opt/airflow/dags/nahoo.py
[2024-05-03T22:36:23.012+0000] {logging_mixin.py:149} INFO - [2024-05-03T22:36:23.011+0000] {dag.py:2726} INFO - Sync 1 DAGs
[2024-05-03T22:36:23.089+0000] {logging_mixin.py:149} INFO - [2024-05-03T22:36:23.088+0000] {dag.py:3490} INFO - Setting next_dagrun for nahoom to 2024-05-04T00:00:00+00:00, run_after=2024-05-05T00:00:00+00:00
[2024-05-03T22:36:23.133+0000] {processor.py:179} INFO - Processing /opt/airflow/dags/nahoo.py took 2.000 seconds
[2024-05-03T22:36:55.359+0000] {processor.py:157} INFO - Started process (PID=9213) to work on /opt/airflow/dags/nahoo.py
[2024-05-03T22:36:55.371+0000] {processor.py:826} INFO - Processing file /opt/airflow/dags/nahoo.py for tasks to queue
[2024-05-03T22:36:55.375+0000] {logging_mixin.py:149} INFO - [2024-05-03T22:36:55.374+0000] {dagbag.py:541} INFO - Filling up the DagBag from /opt/airflow/dags/nahoo.py
[2024-05-03T22:36:58.527+0000] {processor.py:836} INFO - DAG(s) dict_keys(['nahoom']) retrieved from /opt/airflow/dags/nahoo.py
[2024-05-03T22:36:59.051+0000] {logging_mixin.py:149} INFO - [2024-05-03T22:36:59.051+0000] {dag.py:2726} INFO - Sync 1 DAGs
[2024-05-03T22:36:59.311+0000] {logging_mixin.py:149} INFO - [2024-05-03T22:36:59.297+0000] {dag.py:3490} INFO - Setting next_dagrun for nahoom to 2024-05-04T00:00:00+00:00, run_after=2024-05-05T00:00:00+00:00
[2024-05-03T22:36:59.447+0000] {processor.py:179} INFO - Processing /opt/airflow/dags/nahoo.py took 4.131 seconds
[2024-05-03T22:37:30.366+0000] {processor.py:157} INFO - Started process (PID=9316) to work on /opt/airflow/dags/nahoo.py
[2024-05-03T22:37:30.382+0000] {processor.py:826} INFO - Processing file /opt/airflow/dags/nahoo.py for tasks to queue
[2024-05-03T22:37:30.385+0000] {logging_mixin.py:149} INFO - [2024-05-03T22:37:30.385+0000] {dagbag.py:541} INFO - Filling up the DagBag from /opt/airflow/dags/nahoo.py
[2024-05-03T22:37:32.947+0000] {processor.py:836} INFO - DAG(s) dict_keys(['nahoom']) retrieved from /opt/airflow/dags/nahoo.py
[2024-05-03T22:37:33.565+0000] {logging_mixin.py:149} INFO - [2024-05-03T22:37:33.565+0000] {dag.py:2726} INFO - Sync 1 DAGs
[2024-05-03T22:37:33.765+0000] {logging_mixin.py:149} INFO - [2024-05-03T22:37:33.764+0000] {dag.py:3490} INFO - Setting next_dagrun for nahoom to 2024-05-04T00:00:00+00:00, run_after=2024-05-05T00:00:00+00:00
[2024-05-03T22:37:33.986+0000] {processor.py:179} INFO - Processing /opt/airflow/dags/nahoo.py took 3.659 seconds
[2024-05-03T22:38:04.215+0000] {processor.py:157} INFO - Started process (PID=9396) to work on /opt/airflow/dags/nahoo.py
[2024-05-03T22:38:04.224+0000] {processor.py:826} INFO - Processing file /opt/airflow/dags/nahoo.py for tasks to queue
[2024-05-03T22:38:04.226+0000] {logging_mixin.py:149} INFO - [2024-05-03T22:38:04.226+0000] {dagbag.py:541} INFO - Filling up the DagBag from /opt/airflow/dags/nahoo.py
[2024-05-03T22:38:06.359+0000] {processor.py:836} INFO - DAG(s) dict_keys(['nahoom']) retrieved from /opt/airflow/dags/nahoo.py
[2024-05-03T22:38:06.641+0000] {logging_mixin.py:149} INFO - [2024-05-03T22:38:06.641+0000] {dag.py:2726} INFO - Sync 1 DAGs
[2024-05-03T22:38:06.786+0000] {logging_mixin.py:149} INFO - [2024-05-03T22:38:06.786+0000] {dag.py:3490} INFO - Setting next_dagrun for nahoom to 2024-05-04T00:00:00+00:00, run_after=2024-05-05T00:00:00+00:00
[2024-05-03T22:38:06.949+0000] {processor.py:179} INFO - Processing /opt/airflow/dags/nahoo.py took 2.780 seconds
[2024-05-03T22:38:37.283+0000] {processor.py:157} INFO - Started process (PID=9468) to work on /opt/airflow/dags/nahoo.py
[2024-05-03T22:38:37.284+0000] {processor.py:826} INFO - Processing file /opt/airflow/dags/nahoo.py for tasks to queue
[2024-05-03T22:38:37.284+0000] {logging_mixin.py:149} INFO - [2024-05-03T22:38:37.284+0000] {dagbag.py:541} INFO - Filling up the DagBag from /opt/airflow/dags/nahoo.py
[2024-05-03T22:38:37.773+0000] {processor.py:836} INFO - DAG(s) dict_keys(['nahoom']) retrieved from /opt/airflow/dags/nahoo.py
[2024-05-03T22:38:37.836+0000] {logging_mixin.py:149} INFO - [2024-05-03T22:38:37.836+0000] {dag.py:2726} INFO - Sync 1 DAGs
[2024-05-03T22:38:37.864+0000] {logging_mixin.py:149} INFO - [2024-05-03T22:38:37.864+0000] {dag.py:3490} INFO - Setting next_dagrun for nahoom to 2024-05-04T00:00:00+00:00, run_after=2024-05-05T00:00:00+00:00
[2024-05-03T22:38:37.885+0000] {processor.py:179} INFO - Processing /opt/airflow/dags/nahoo.py took 0.606 seconds
[2024-05-03T22:39:08.095+0000] {processor.py:157} INFO - Started process (PID=9541) to work on /opt/airflow/dags/nahoo.py
[2024-05-03T22:39:08.096+0000] {processor.py:826} INFO - Processing file /opt/airflow/dags/nahoo.py for tasks to queue
[2024-05-03T22:39:08.097+0000] {logging_mixin.py:149} INFO - [2024-05-03T22:39:08.096+0000] {dagbag.py:541} INFO - Filling up the DagBag from /opt/airflow/dags/nahoo.py
[2024-05-03T22:39:08.592+0000] {processor.py:836} INFO - DAG(s) dict_keys(['nahoom']) retrieved from /opt/airflow/dags/nahoo.py
[2024-05-03T22:39:08.660+0000] {logging_mixin.py:149} INFO - [2024-05-03T22:39:08.660+0000] {dag.py:2726} INFO - Sync 1 DAGs
[2024-05-03T22:39:08.688+0000] {logging_mixin.py:149} INFO - [2024-05-03T22:39:08.688+0000] {dag.py:3490} INFO - Setting next_dagrun for nahoom to 2024-05-04T00:00:00+00:00, run_after=2024-05-05T00:00:00+00:00
[2024-05-03T22:39:08.713+0000] {processor.py:179} INFO - Processing /opt/airflow/dags/nahoo.py took 0.622 seconds
[2024-05-03T22:39:38.963+0000] {processor.py:157} INFO - Started process (PID=9616) to work on /opt/airflow/dags/nahoo.py
[2024-05-03T22:39:38.963+0000] {processor.py:826} INFO - Processing file /opt/airflow/dags/nahoo.py for tasks to queue
[2024-05-03T22:39:38.964+0000] {logging_mixin.py:149} INFO - [2024-05-03T22:39:38.964+0000] {dagbag.py:541} INFO - Filling up the DagBag from /opt/airflow/dags/nahoo.py
[2024-05-03T22:39:39.541+0000] {processor.py:836} INFO - DAG(s) dict_keys(['nahoom']) retrieved from /opt/airflow/dags/nahoo.py
[2024-05-03T22:39:39.605+0000] {logging_mixin.py:149} INFO - [2024-05-03T22:39:39.605+0000] {dag.py:2726} INFO - Sync 1 DAGs
[2024-05-03T22:39:39.634+0000] {logging_mixin.py:149} INFO - [2024-05-03T22:39:39.634+0000] {dag.py:3490} INFO - Setting next_dagrun for nahoom to 2024-05-04T00:00:00+00:00, run_after=2024-05-05T00:00:00+00:00
[2024-05-03T22:39:39.662+0000] {processor.py:179} INFO - Processing /opt/airflow/dags/nahoo.py took 0.703 seconds
[2024-05-03T22:40:10.241+0000] {processor.py:157} INFO - Started process (PID=9687) to work on /opt/airflow/dags/nahoo.py
[2024-05-03T22:40:10.242+0000] {processor.py:826} INFO - Processing file /opt/airflow/dags/nahoo.py for tasks to queue
[2024-05-03T22:40:10.243+0000] {logging_mixin.py:149} INFO - [2024-05-03T22:40:10.243+0000] {dagbag.py:541} INFO - Filling up the DagBag from /opt/airflow/dags/nahoo.py
[2024-05-03T22:40:10.982+0000] {processor.py:836} INFO - DAG(s) dict_keys(['nahoom']) retrieved from /opt/airflow/dags/nahoo.py
[2024-05-03T22:40:11.173+0000] {logging_mixin.py:149} INFO - [2024-05-03T22:40:11.172+0000] {dag.py:2726} INFO - Sync 1 DAGs
[2024-05-03T22:40:11.255+0000] {logging_mixin.py:149} INFO - [2024-05-03T22:40:11.255+0000] {dag.py:3490} INFO - Setting next_dagrun for nahoom to 2024-05-04T00:00:00+00:00, run_after=2024-05-05T00:00:00+00:00
[2024-05-03T22:40:11.322+0000] {processor.py:179} INFO - Processing /opt/airflow/dags/nahoo.py took 1.087 seconds
[2024-05-03T22:40:41.367+0000] {processor.py:157} INFO - Started process (PID=9760) to work on /opt/airflow/dags/nahoo.py
[2024-05-03T22:40:41.368+0000] {processor.py:826} INFO - Processing file /opt/airflow/dags/nahoo.py for tasks to queue
[2024-05-03T22:40:41.368+0000] {logging_mixin.py:149} INFO - [2024-05-03T22:40:41.368+0000] {dagbag.py:541} INFO - Filling up the DagBag from /opt/airflow/dags/nahoo.py
[2024-05-03T22:40:41.859+0000] {processor.py:836} INFO - DAG(s) dict_keys(['nahoom']) retrieved from /opt/airflow/dags/nahoo.py
[2024-05-03T22:40:41.932+0000] {logging_mixin.py:149} INFO - [2024-05-03T22:40:41.932+0000] {dag.py:2726} INFO - Sync 1 DAGs
[2024-05-03T22:40:41.958+0000] {logging_mixin.py:149} INFO - [2024-05-03T22:40:41.958+0000] {dag.py:3490} INFO - Setting next_dagrun for nahoom to 2024-05-04T00:00:00+00:00, run_after=2024-05-05T00:00:00+00:00
[2024-05-03T22:40:41.983+0000] {processor.py:179} INFO - Processing /opt/airflow/dags/nahoo.py took 0.620 seconds
[2024-05-03T22:41:12.144+0000] {processor.py:157} INFO - Started process (PID=9831) to work on /opt/airflow/dags/nahoo.py
[2024-05-03T22:41:12.145+0000] {processor.py:826} INFO - Processing file /opt/airflow/dags/nahoo.py for tasks to queue
[2024-05-03T22:41:12.145+0000] {logging_mixin.py:149} INFO - [2024-05-03T22:41:12.145+0000] {dagbag.py:541} INFO - Filling up the DagBag from /opt/airflow/dags/nahoo.py
[2024-05-03T22:41:12.759+0000] {processor.py:836} INFO - DAG(s) dict_keys(['nahoom']) retrieved from /opt/airflow/dags/nahoo.py
[2024-05-03T22:41:12.849+0000] {logging_mixin.py:149} INFO - [2024-05-03T22:41:12.848+0000] {dag.py:2726} INFO - Sync 1 DAGs
[2024-05-03T22:41:12.887+0000] {logging_mixin.py:149} INFO - [2024-05-03T22:41:12.887+0000] {dag.py:3490} INFO - Setting next_dagrun for nahoom to 2024-05-04T00:00:00+00:00, run_after=2024-05-05T00:00:00+00:00
[2024-05-03T22:41:12.926+0000] {processor.py:179} INFO - Processing /opt/airflow/dags/nahoo.py took 0.786 seconds
[2024-05-03T22:41:35.336+0000] {processor.py:157} INFO - Started process (PID=9895) to work on /opt/airflow/dags/nahoo.py
[2024-05-03T22:41:35.347+0000] {processor.py:826} INFO - Processing file /opt/airflow/dags/nahoo.py for tasks to queue
[2024-05-03T22:41:35.351+0000] {logging_mixin.py:149} INFO - [2024-05-03T22:41:35.349+0000] {dagbag.py:541} INFO - Filling up the DagBag from /opt/airflow/dags/nahoo.py
[2024-05-03T22:41:35.888+0000] {processor.py:836} INFO - DAG(s) dict_keys(['nahoom']) retrieved from /opt/airflow/dags/nahoo.py
[2024-05-03T22:41:35.901+0000] {logging_mixin.py:149} INFO - [2024-05-03T22:41:35.901+0000] {dag.py:2726} INFO - Sync 1 DAGs
[2024-05-03T22:41:35.936+0000] {logging_mixin.py:149} INFO - [2024-05-03T22:41:35.936+0000] {dag.py:3490} INFO - Setting next_dagrun for nahoom to 2024-05-04T00:00:00+00:00, run_after=2024-05-05T00:00:00+00:00
[2024-05-03T22:41:35.970+0000] {processor.py:179} INFO - Processing /opt/airflow/dags/nahoo.py took 0.655 seconds
[2024-05-03T22:42:06.120+0000] {processor.py:157} INFO - Started process (PID=9969) to work on /opt/airflow/dags/nahoo.py
[2024-05-03T22:42:06.121+0000] {processor.py:826} INFO - Processing file /opt/airflow/dags/nahoo.py for tasks to queue
[2024-05-03T22:42:06.122+0000] {logging_mixin.py:149} INFO - [2024-05-03T22:42:06.122+0000] {dagbag.py:541} INFO - Filling up the DagBag from /opt/airflow/dags/nahoo.py
[2024-05-03T22:42:06.538+0000] {processor.py:836} INFO - DAG(s) dict_keys(['nahoom']) retrieved from /opt/airflow/dags/nahoo.py
[2024-05-03T22:42:06.600+0000] {logging_mixin.py:149} INFO - [2024-05-03T22:42:06.600+0000] {dag.py:2726} INFO - Sync 1 DAGs
[2024-05-03T22:42:06.626+0000] {logging_mixin.py:149} INFO - [2024-05-03T22:42:06.626+0000] {dag.py:3490} INFO - Setting next_dagrun for nahoom to 2024-05-04T00:00:00+00:00, run_after=2024-05-05T00:00:00+00:00
[2024-05-03T22:42:06.652+0000] {processor.py:179} INFO - Processing /opt/airflow/dags/nahoo.py took 0.536 seconds
[2024-05-03T22:42:36.919+0000] {processor.py:157} INFO - Started process (PID=10039) to work on /opt/airflow/dags/nahoo.py
[2024-05-03T22:42:36.920+0000] {processor.py:826} INFO - Processing file /opt/airflow/dags/nahoo.py for tasks to queue
[2024-05-03T22:42:36.922+0000] {logging_mixin.py:149} INFO - [2024-05-03T22:42:36.922+0000] {dagbag.py:541} INFO - Filling up the DagBag from /opt/airflow/dags/nahoo.py
[2024-05-03T22:42:37.381+0000] {processor.py:836} INFO - DAG(s) dict_keys(['nahoom']) retrieved from /opt/airflow/dags/nahoo.py
[2024-05-03T22:42:37.446+0000] {logging_mixin.py:149} INFO - [2024-05-03T22:42:37.446+0000] {dag.py:2726} INFO - Sync 1 DAGs
[2024-05-03T22:42:37.474+0000] {logging_mixin.py:149} INFO - [2024-05-03T22:42:37.474+0000] {dag.py:3490} INFO - Setting next_dagrun for nahoom to 2024-05-04T00:00:00+00:00, run_after=2024-05-05T00:00:00+00:00
[2024-05-03T22:42:37.505+0000] {processor.py:179} INFO - Processing /opt/airflow/dags/nahoo.py took 0.594 seconds
[2024-05-03T22:43:08.443+0000] {processor.py:157} INFO - Started process (PID=10113) to work on /opt/airflow/dags/nahoo.py
[2024-05-03T22:43:08.450+0000] {processor.py:826} INFO - Processing file /opt/airflow/dags/nahoo.py for tasks to queue
[2024-05-03T22:43:08.450+0000] {logging_mixin.py:149} INFO - [2024-05-03T22:43:08.450+0000] {dagbag.py:541} INFO - Filling up the DagBag from /opt/airflow/dags/nahoo.py
[2024-05-03T22:43:08.888+0000] {processor.py:836} INFO - DAG(s) dict_keys(['nahoom']) retrieved from /opt/airflow/dags/nahoo.py
[2024-05-03T22:43:08.953+0000] {logging_mixin.py:149} INFO - [2024-05-03T22:43:08.953+0000] {dag.py:2726} INFO - Sync 1 DAGs
[2024-05-03T22:43:08.982+0000] {logging_mixin.py:149} INFO - [2024-05-03T22:43:08.982+0000] {dag.py:3490} INFO - Setting next_dagrun for nahoom to 2024-05-04T00:00:00+00:00, run_after=2024-05-05T00:00:00+00:00
[2024-05-03T22:43:09.004+0000] {processor.py:179} INFO - Processing /opt/airflow/dags/nahoo.py took 0.568 seconds
[2024-05-03T22:43:39.789+0000] {processor.py:157} INFO - Started process (PID=10185) to work on /opt/airflow/dags/nahoo.py
[2024-05-03T22:43:39.791+0000] {processor.py:826} INFO - Processing file /opt/airflow/dags/nahoo.py for tasks to queue
[2024-05-03T22:43:39.793+0000] {logging_mixin.py:149} INFO - [2024-05-03T22:43:39.793+0000] {dagbag.py:541} INFO - Filling up the DagBag from /opt/airflow/dags/nahoo.py
[2024-05-03T22:43:40.945+0000] {processor.py:836} INFO - DAG(s) dict_keys(['nahoom']) retrieved from /opt/airflow/dags/nahoo.py
[2024-05-03T22:43:41.118+0000] {logging_mixin.py:149} INFO - [2024-05-03T22:43:41.117+0000] {dag.py:2726} INFO - Sync 1 DAGs
[2024-05-03T22:43:41.206+0000] {logging_mixin.py:149} INFO - [2024-05-03T22:43:41.206+0000] {dag.py:3490} INFO - Setting next_dagrun for nahoom to 2024-05-04T00:00:00+00:00, run_after=2024-05-05T00:00:00+00:00
[2024-05-03T22:43:41.281+0000] {processor.py:179} INFO - Processing /opt/airflow/dags/nahoo.py took 1.502 seconds
[2024-05-03T22:44:11.796+0000] {processor.py:157} INFO - Started process (PID=10257) to work on /opt/airflow/dags/nahoo.py
[2024-05-03T22:44:11.803+0000] {processor.py:826} INFO - Processing file /opt/airflow/dags/nahoo.py for tasks to queue
[2024-05-03T22:44:11.805+0000] {logging_mixin.py:149} INFO - [2024-05-03T22:44:11.804+0000] {dagbag.py:541} INFO - Filling up the DagBag from /opt/airflow/dags/nahoo.py
[2024-05-03T22:44:12.223+0000] {processor.py:836} INFO - DAG(s) dict_keys(['nahoom']) retrieved from /opt/airflow/dags/nahoo.py
[2024-05-03T22:44:12.285+0000] {logging_mixin.py:149} INFO - [2024-05-03T22:44:12.284+0000] {dag.py:2726} INFO - Sync 1 DAGs
[2024-05-03T22:44:12.311+0000] {logging_mixin.py:149} INFO - [2024-05-03T22:44:12.311+0000] {dag.py:3490} INFO - Setting next_dagrun for nahoom to 2024-05-04T00:00:00+00:00, run_after=2024-05-05T00:00:00+00:00
[2024-05-03T22:44:12.337+0000] {processor.py:179} INFO - Processing /opt/airflow/dags/nahoo.py took 0.549 seconds
[2024-05-03T22:44:30.451+0000] {processor.py:157} INFO - Started process (PID=10305) to work on /opt/airflow/dags/nahoo.py
[2024-05-03T22:44:30.453+0000] {processor.py:826} INFO - Processing file /opt/airflow/dags/nahoo.py for tasks to queue
[2024-05-03T22:44:30.456+0000] {logging_mixin.py:149} INFO - [2024-05-03T22:44:30.456+0000] {dagbag.py:541} INFO - Filling up the DagBag from /opt/airflow/dags/nahoo.py
[2024-05-03T22:44:31.120+0000] {processor.py:836} INFO - DAG(s) dict_keys(['nahoom']) retrieved from /opt/airflow/dags/nahoo.py
[2024-05-03T22:44:31.160+0000] {logging_mixin.py:149} INFO - [2024-05-03T22:44:31.159+0000] {dag.py:2726} INFO - Sync 1 DAGs
[2024-05-03T22:44:31.254+0000] {logging_mixin.py:149} INFO - [2024-05-03T22:44:31.253+0000] {dag.py:3490} INFO - Setting next_dagrun for nahoom to 2024-05-04T00:00:00+00:00, run_after=2024-05-05T00:00:00+00:00
[2024-05-03T22:44:31.315+0000] {processor.py:179} INFO - Processing /opt/airflow/dags/nahoo.py took 0.879 seconds
[2024-05-03T22:45:01.976+0000] {processor.py:157} INFO - Started process (PID=10376) to work on /opt/airflow/dags/nahoo.py
[2024-05-03T22:45:01.979+0000] {processor.py:826} INFO - Processing file /opt/airflow/dags/nahoo.py for tasks to queue
[2024-05-03T22:45:01.983+0000] {logging_mixin.py:149} INFO - [2024-05-03T22:45:01.982+0000] {dagbag.py:541} INFO - Filling up the DagBag from /opt/airflow/dags/nahoo.py
[2024-05-03T22:45:02.576+0000] {processor.py:836} INFO - DAG(s) dict_keys(['nahoom']) retrieved from /opt/airflow/dags/nahoo.py
[2024-05-03T22:45:02.640+0000] {logging_mixin.py:149} INFO - [2024-05-03T22:45:02.640+0000] {dag.py:2726} INFO - Sync 1 DAGs
[2024-05-03T22:45:02.675+0000] {logging_mixin.py:149} INFO - [2024-05-03T22:45:02.674+0000] {dag.py:3490} INFO - Setting next_dagrun for nahoom to 2024-05-04T00:00:00+00:00, run_after=2024-05-05T00:00:00+00:00
[2024-05-03T22:45:02.696+0000] {processor.py:179} INFO - Processing /opt/airflow/dags/nahoo.py took 0.732 seconds
[2024-05-03T22:45:32.831+0000] {processor.py:157} INFO - Started process (PID=10448) to work on /opt/airflow/dags/nahoo.py
[2024-05-03T22:45:32.832+0000] {processor.py:826} INFO - Processing file /opt/airflow/dags/nahoo.py for tasks to queue
[2024-05-03T22:45:32.834+0000] {logging_mixin.py:149} INFO - [2024-05-03T22:45:32.834+0000] {dagbag.py:541} INFO - Filling up the DagBag from /opt/airflow/dags/nahoo.py
[2024-05-03T22:45:33.311+0000] {processor.py:836} INFO - DAG(s) dict_keys(['nahoom']) retrieved from /opt/airflow/dags/nahoo.py
[2024-05-03T22:45:33.409+0000] {logging_mixin.py:149} INFO - [2024-05-03T22:45:33.409+0000] {dag.py:2726} INFO - Sync 1 DAGs
[2024-05-03T22:45:33.437+0000] {logging_mixin.py:149} INFO - [2024-05-03T22:45:33.437+0000] {dag.py:3490} INFO - Setting next_dagrun for nahoom to 2024-05-04T00:00:00+00:00, run_after=2024-05-05T00:00:00+00:00
[2024-05-03T22:45:33.460+0000] {processor.py:179} INFO - Processing /opt/airflow/dags/nahoo.py took 0.639 seconds
[2024-05-03T22:46:03.484+0000] {processor.py:157} INFO - Started process (PID=10520) to work on /opt/airflow/dags/nahoo.py
[2024-05-03T22:46:03.495+0000] {processor.py:826} INFO - Processing file /opt/airflow/dags/nahoo.py for tasks to queue
[2024-05-03T22:46:03.496+0000] {logging_mixin.py:149} INFO - [2024-05-03T22:46:03.495+0000] {dagbag.py:541} INFO - Filling up the DagBag from /opt/airflow/dags/nahoo.py
[2024-05-03T22:46:03.952+0000] {processor.py:836} INFO - DAG(s) dict_keys(['nahoom']) retrieved from /opt/airflow/dags/nahoo.py
[2024-05-03T22:46:04.015+0000] {logging_mixin.py:149} INFO - [2024-05-03T22:46:04.015+0000] {dag.py:2726} INFO - Sync 1 DAGs
[2024-05-03T22:46:04.042+0000] {logging_mixin.py:149} INFO - [2024-05-03T22:46:04.042+0000] {dag.py:3490} INFO - Setting next_dagrun for nahoom to 2024-05-04T00:00:00+00:00, run_after=2024-05-05T00:00:00+00:00
[2024-05-03T22:46:04.073+0000] {processor.py:179} INFO - Processing /opt/airflow/dags/nahoo.py took 0.593 seconds
[2024-05-03T22:46:25.140+0000] {processor.py:157} INFO - Started process (PID=10567) to work on /opt/airflow/dags/nahoo.py
[2024-05-03T22:46:25.141+0000] {processor.py:826} INFO - Processing file /opt/airflow/dags/nahoo.py for tasks to queue
[2024-05-03T22:46:25.142+0000] {logging_mixin.py:149} INFO - [2024-05-03T22:46:25.142+0000] {dagbag.py:541} INFO - Filling up the DagBag from /opt/airflow/dags/nahoo.py
[2024-05-03T22:46:25.588+0000] {processor.py:836} INFO - DAG(s) dict_keys(['nahoom']) retrieved from /opt/airflow/dags/nahoo.py
[2024-05-03T22:46:25.600+0000] {logging_mixin.py:149} INFO - [2024-05-03T22:46:25.600+0000] {dag.py:2726} INFO - Sync 1 DAGs
[2024-05-03T22:46:25.628+0000] {logging_mixin.py:149} INFO - [2024-05-03T22:46:25.628+0000] {dag.py:3490} INFO - Setting next_dagrun for nahoom to 2024-05-04T00:00:00+00:00, run_after=2024-05-05T00:00:00+00:00
[2024-05-03T22:46:25.647+0000] {processor.py:179} INFO - Processing /opt/airflow/dags/nahoo.py took 0.514 seconds
[2024-05-03T22:46:55.788+0000] {processor.py:157} INFO - Started process (PID=10639) to work on /opt/airflow/dags/nahoo.py
[2024-05-03T22:46:55.795+0000] {processor.py:826} INFO - Processing file /opt/airflow/dags/nahoo.py for tasks to queue
[2024-05-03T22:46:55.796+0000] {logging_mixin.py:149} INFO - [2024-05-03T22:46:55.796+0000] {dagbag.py:541} INFO - Filling up the DagBag from /opt/airflow/dags/nahoo.py
[2024-05-03T22:46:56.581+0000] {processor.py:836} INFO - DAG(s) dict_keys(['nahoom']) retrieved from /opt/airflow/dags/nahoo.py
[2024-05-03T22:46:56.646+0000] {logging_mixin.py:149} INFO - [2024-05-03T22:46:56.645+0000] {dag.py:2726} INFO - Sync 1 DAGs
[2024-05-03T22:46:56.672+0000] {logging_mixin.py:149} INFO - [2024-05-03T22:46:56.672+0000] {dag.py:3490} INFO - Setting next_dagrun for nahoom to 2024-05-04T00:00:00+00:00, run_after=2024-05-05T00:00:00+00:00
[2024-05-03T22:46:56.692+0000] {processor.py:179} INFO - Processing /opt/airflow/dags/nahoo.py took 0.909 seconds
[2024-05-03T22:47:26.893+0000] {processor.py:157} INFO - Started process (PID=10711) to work on /opt/airflow/dags/nahoo.py
[2024-05-03T22:47:26.894+0000] {processor.py:826} INFO - Processing file /opt/airflow/dags/nahoo.py for tasks to queue
[2024-05-03T22:47:26.895+0000] {logging_mixin.py:149} INFO - [2024-05-03T22:47:26.895+0000] {dagbag.py:541} INFO - Filling up the DagBag from /opt/airflow/dags/nahoo.py
[2024-05-03T22:47:27.802+0000] {processor.py:836} INFO - DAG(s) dict_keys(['nahoom']) retrieved from /opt/airflow/dags/nahoo.py
[2024-05-03T22:47:27.932+0000] {logging_mixin.py:149} INFO - [2024-05-03T22:47:27.931+0000] {dag.py:2726} INFO - Sync 1 DAGs
[2024-05-03T22:47:27.979+0000] {logging_mixin.py:149} INFO - [2024-05-03T22:47:27.979+0000] {dag.py:3490} INFO - Setting next_dagrun for nahoom to 2024-05-04T00:00:00+00:00, run_after=2024-05-05T00:00:00+00:00
[2024-05-03T22:47:28.115+0000] {processor.py:179} INFO - Processing /opt/airflow/dags/nahoo.py took 1.234 seconds
[2024-05-03T22:47:58.264+0000] {processor.py:157} INFO - Started process (PID=10782) to work on /opt/airflow/dags/nahoo.py
[2024-05-03T22:47:58.272+0000] {processor.py:826} INFO - Processing file /opt/airflow/dags/nahoo.py for tasks to queue
[2024-05-03T22:47:58.275+0000] {logging_mixin.py:149} INFO - [2024-05-03T22:47:58.274+0000] {dagbag.py:541} INFO - Filling up the DagBag from /opt/airflow/dags/nahoo.py
[2024-05-03T22:47:59.307+0000] {processor.py:836} INFO - DAG(s) dict_keys(['nahoom']) retrieved from /opt/airflow/dags/nahoo.py
[2024-05-03T22:47:59.516+0000] {logging_mixin.py:149} INFO - [2024-05-03T22:47:59.515+0000] {dag.py:2726} INFO - Sync 1 DAGs
[2024-05-03T22:47:59.616+0000] {logging_mixin.py:149} INFO - [2024-05-03T22:47:59.615+0000] {dag.py:3490} INFO - Setting next_dagrun for nahoom to 2024-05-04T00:00:00+00:00, run_after=2024-05-05T00:00:00+00:00
[2024-05-03T22:47:59.699+0000] {processor.py:179} INFO - Processing /opt/airflow/dags/nahoo.py took 1.445 seconds
[2024-05-03T22:48:29.815+0000] {processor.py:157} INFO - Started process (PID=10855) to work on /opt/airflow/dags/nahoo.py
[2024-05-03T22:48:29.819+0000] {processor.py:826} INFO - Processing file /opt/airflow/dags/nahoo.py for tasks to queue
[2024-05-03T22:48:29.824+0000] {logging_mixin.py:149} INFO - [2024-05-03T22:48:29.823+0000] {dagbag.py:541} INFO - Filling up the DagBag from /opt/airflow/dags/nahoo.py
[2024-05-03T22:48:30.356+0000] {processor.py:836} INFO - DAG(s) dict_keys(['nahoom']) retrieved from /opt/airflow/dags/nahoo.py
[2024-05-03T22:48:30.470+0000] {logging_mixin.py:149} INFO - [2024-05-03T22:48:30.469+0000] {dag.py:2726} INFO - Sync 1 DAGs
[2024-05-03T22:48:30.506+0000] {logging_mixin.py:149} INFO - [2024-05-03T22:48:30.506+0000] {dag.py:3490} INFO - Setting next_dagrun for nahoom to 2024-05-04T00:00:00+00:00, run_after=2024-05-05T00:00:00+00:00
[2024-05-03T22:48:30.547+0000] {processor.py:179} INFO - Processing /opt/airflow/dags/nahoo.py took 0.745 seconds
[2024-05-03T22:49:01.287+0000] {processor.py:157} INFO - Started process (PID=10943) to work on /opt/airflow/dags/nahoo.py
[2024-05-03T22:49:01.289+0000] {processor.py:826} INFO - Processing file /opt/airflow/dags/nahoo.py for tasks to queue
[2024-05-03T22:49:01.291+0000] {logging_mixin.py:149} INFO - [2024-05-03T22:49:01.290+0000] {dagbag.py:541} INFO - Filling up the DagBag from /opt/airflow/dags/nahoo.py
[2024-05-03T22:49:02.243+0000] {processor.py:836} INFO - DAG(s) dict_keys(['nahoom']) retrieved from /opt/airflow/dags/nahoo.py
[2024-05-03T22:49:02.392+0000] {logging_mixin.py:149} INFO - [2024-05-03T22:49:02.392+0000] {dag.py:2726} INFO - Sync 1 DAGs
[2024-05-03T22:49:02.723+0000] {logging_mixin.py:149} INFO - [2024-05-03T22:49:02.722+0000] {dag.py:3490} INFO - Setting next_dagrun for nahoom to 2024-05-04T00:00:00+00:00, run_after=2024-05-05T00:00:00+00:00
[2024-05-03T22:49:02.777+0000] {processor.py:179} INFO - Processing /opt/airflow/dags/nahoo.py took 1.502 seconds
[2024-05-03T22:49:32.904+0000] {processor.py:157} INFO - Started process (PID=11015) to work on /opt/airflow/dags/nahoo.py
[2024-05-03T22:49:32.911+0000] {processor.py:826} INFO - Processing file /opt/airflow/dags/nahoo.py for tasks to queue
[2024-05-03T22:49:32.912+0000] {logging_mixin.py:149} INFO - [2024-05-03T22:49:32.912+0000] {dagbag.py:541} INFO - Filling up the DagBag from /opt/airflow/dags/nahoo.py
[2024-05-03T22:49:33.658+0000] {processor.py:836} INFO - DAG(s) dict_keys(['nahoom']) retrieved from /opt/airflow/dags/nahoo.py
[2024-05-03T22:49:33.743+0000] {logging_mixin.py:149} INFO - [2024-05-03T22:49:33.742+0000] {dag.py:2726} INFO - Sync 1 DAGs
[2024-05-03T22:49:33.770+0000] {logging_mixin.py:149} INFO - [2024-05-03T22:49:33.770+0000] {dag.py:3490} INFO - Setting next_dagrun for nahoom to 2024-05-04T00:00:00+00:00, run_after=2024-05-05T00:00:00+00:00
[2024-05-03T22:49:33.893+0000] {processor.py:179} INFO - Processing /opt/airflow/dags/nahoo.py took 0.997 seconds
[2024-05-03T22:50:04.008+0000] {processor.py:157} INFO - Started process (PID=11087) to work on /opt/airflow/dags/nahoo.py
[2024-05-03T22:50:04.010+0000] {processor.py:826} INFO - Processing file /opt/airflow/dags/nahoo.py for tasks to queue
[2024-05-03T22:50:04.014+0000] {logging_mixin.py:149} INFO - [2024-05-03T22:50:04.013+0000] {dagbag.py:541} INFO - Filling up the DagBag from /opt/airflow/dags/nahoo.py
[2024-05-03T22:50:04.522+0000] {processor.py:836} INFO - DAG(s) dict_keys(['nahoom']) retrieved from /opt/airflow/dags/nahoo.py
[2024-05-03T22:50:04.587+0000] {logging_mixin.py:149} INFO - [2024-05-03T22:50:04.586+0000] {dag.py:2726} INFO - Sync 1 DAGs
[2024-05-03T22:50:04.619+0000] {logging_mixin.py:149} INFO - [2024-05-03T22:50:04.618+0000] {dag.py:3490} INFO - Setting next_dagrun for nahoom to 2024-05-04T00:00:00+00:00, run_after=2024-05-05T00:00:00+00:00
[2024-05-03T22:50:04.644+0000] {processor.py:179} INFO - Processing /opt/airflow/dags/nahoo.py took 0.650 seconds
[2024-05-03T22:50:35.563+0000] {processor.py:157} INFO - Started process (PID=11163) to work on /opt/airflow/dags/nahoo.py
[2024-05-03T22:50:35.567+0000] {processor.py:826} INFO - Processing file /opt/airflow/dags/nahoo.py for tasks to queue
[2024-05-03T22:50:35.568+0000] {logging_mixin.py:149} INFO - [2024-05-03T22:50:35.568+0000] {dagbag.py:541} INFO - Filling up the DagBag from /opt/airflow/dags/nahoo.py
[2024-05-03T22:50:36.970+0000] {processor.py:836} INFO - DAG(s) dict_keys(['nahoom']) retrieved from /opt/airflow/dags/nahoo.py
[2024-05-03T22:50:37.560+0000] {logging_mixin.py:149} INFO - [2024-05-03T22:50:37.559+0000] {dag.py:2726} INFO - Sync 1 DAGs
[2024-05-03T22:50:38.375+0000] {logging_mixin.py:149} INFO - [2024-05-03T22:50:38.375+0000] {dag.py:3490} INFO - Setting next_dagrun for nahoom to 2024-05-04T00:00:00+00:00, run_after=2024-05-05T00:00:00+00:00
[2024-05-03T22:50:38.435+0000] {processor.py:179} INFO - Processing /opt/airflow/dags/nahoo.py took 2.878 seconds
[2024-05-03T22:51:08.490+0000] {processor.py:157} INFO - Started process (PID=11262) to work on /opt/airflow/dags/nahoo.py
[2024-05-03T22:51:08.493+0000] {processor.py:826} INFO - Processing file /opt/airflow/dags/nahoo.py for tasks to queue
[2024-05-03T22:51:08.494+0000] {logging_mixin.py:149} INFO - [2024-05-03T22:51:08.494+0000] {dagbag.py:541} INFO - Filling up the DagBag from /opt/airflow/dags/nahoo.py
[2024-05-03T22:51:09.642+0000] {processor.py:836} INFO - DAG(s) dict_keys(['nahoom']) retrieved from /opt/airflow/dags/nahoo.py
[2024-05-03T22:51:09.898+0000] {logging_mixin.py:149} INFO - [2024-05-03T22:51:09.897+0000] {dag.py:2726} INFO - Sync 1 DAGs
[2024-05-03T22:51:09.972+0000] {logging_mixin.py:149} INFO - [2024-05-03T22:51:09.972+0000] {dag.py:3490} INFO - Setting next_dagrun for nahoom to 2024-05-04T00:00:00+00:00, run_after=2024-05-05T00:00:00+00:00
[2024-05-03T22:51:10.260+0000] {processor.py:179} INFO - Processing /opt/airflow/dags/nahoo.py took 1.778 seconds
[2024-05-03T22:51:41.031+0000] {processor.py:157} INFO - Started process (PID=11343) to work on /opt/airflow/dags/nahoo.py
[2024-05-03T22:51:41.037+0000] {processor.py:826} INFO - Processing file /opt/airflow/dags/nahoo.py for tasks to queue
[2024-05-03T22:51:41.038+0000] {logging_mixin.py:149} INFO - [2024-05-03T22:51:41.038+0000] {dagbag.py:541} INFO - Filling up the DagBag from /opt/airflow/dags/nahoo.py
[2024-05-03T22:51:41.581+0000] {processor.py:836} INFO - DAG(s) dict_keys(['nahoom']) retrieved from /opt/airflow/dags/nahoo.py
[2024-05-03T22:51:41.653+0000] {logging_mixin.py:149} INFO - [2024-05-03T22:51:41.653+0000] {dag.py:2726} INFO - Sync 1 DAGs
[2024-05-03T22:51:41.680+0000] {logging_mixin.py:149} INFO - [2024-05-03T22:51:41.680+0000] {dag.py:3490} INFO - Setting next_dagrun for nahoom to 2024-05-04T00:00:00+00:00, run_after=2024-05-05T00:00:00+00:00
[2024-05-03T22:51:41.707+0000] {processor.py:179} INFO - Processing /opt/airflow/dags/nahoo.py took 0.680 seconds
[2024-05-03T22:52:11.958+0000] {processor.py:157} INFO - Started process (PID=11415) to work on /opt/airflow/dags/nahoo.py
[2024-05-03T22:52:11.960+0000] {processor.py:826} INFO - Processing file /opt/airflow/dags/nahoo.py for tasks to queue
[2024-05-03T22:52:11.961+0000] {logging_mixin.py:149} INFO - [2024-05-03T22:52:11.961+0000] {dagbag.py:541} INFO - Filling up the DagBag from /opt/airflow/dags/nahoo.py
[2024-05-03T22:52:12.509+0000] {processor.py:836} INFO - DAG(s) dict_keys(['nahoom']) retrieved from /opt/airflow/dags/nahoo.py
[2024-05-03T22:52:12.689+0000] {logging_mixin.py:149} INFO - [2024-05-03T22:52:12.689+0000] {dag.py:2726} INFO - Sync 1 DAGs
[2024-05-03T22:52:12.718+0000] {logging_mixin.py:149} INFO - [2024-05-03T22:52:12.718+0000] {dag.py:3490} INFO - Setting next_dagrun for nahoom to 2024-05-04T00:00:00+00:00, run_after=2024-05-05T00:00:00+00:00
[2024-05-03T22:52:12.744+0000] {processor.py:179} INFO - Processing /opt/airflow/dags/nahoo.py took 0.794 seconds
[2024-05-03T22:52:42.852+0000] {processor.py:157} INFO - Started process (PID=11490) to work on /opt/airflow/dags/nahoo.py
[2024-05-03T22:52:42.853+0000] {processor.py:826} INFO - Processing file /opt/airflow/dags/nahoo.py for tasks to queue
[2024-05-03T22:52:42.854+0000] {logging_mixin.py:149} INFO - [2024-05-03T22:52:42.854+0000] {dagbag.py:541} INFO - Filling up the DagBag from /opt/airflow/dags/nahoo.py
[2024-05-03T22:52:43.317+0000] {processor.py:836} INFO - DAG(s) dict_keys(['nahoom']) retrieved from /opt/airflow/dags/nahoo.py
[2024-05-03T22:52:43.382+0000] {logging_mixin.py:149} INFO - [2024-05-03T22:52:43.382+0000] {dag.py:2726} INFO - Sync 1 DAGs
[2024-05-03T22:52:43.505+0000] {logging_mixin.py:149} INFO - [2024-05-03T22:52:43.504+0000] {dag.py:3490} INFO - Setting next_dagrun for nahoom to 2024-05-04T00:00:00+00:00, run_after=2024-05-05T00:00:00+00:00
[2024-05-03T22:52:43.542+0000] {processor.py:179} INFO - Processing /opt/airflow/dags/nahoo.py took 0.694 seconds
[2024-05-03T22:53:14.248+0000] {processor.py:157} INFO - Started process (PID=11563) to work on /opt/airflow/dags/nahoo.py
[2024-05-03T22:53:14.249+0000] {processor.py:826} INFO - Processing file /opt/airflow/dags/nahoo.py for tasks to queue
[2024-05-03T22:53:14.250+0000] {logging_mixin.py:149} INFO - [2024-05-03T22:53:14.250+0000] {dagbag.py:541} INFO - Filling up the DagBag from /opt/airflow/dags/nahoo.py
[2024-05-03T22:53:14.739+0000] {processor.py:836} INFO - DAG(s) dict_keys(['nahoom']) retrieved from /opt/airflow/dags/nahoo.py
[2024-05-03T22:53:14.803+0000] {logging_mixin.py:149} INFO - [2024-05-03T22:53:14.803+0000] {dag.py:2726} INFO - Sync 1 DAGs
[2024-05-03T22:53:14.830+0000] {logging_mixin.py:149} INFO - [2024-05-03T22:53:14.829+0000] {dag.py:3490} INFO - Setting next_dagrun for nahoom to 2024-05-04T00:00:00+00:00, run_after=2024-05-05T00:00:00+00:00
[2024-05-03T22:53:14.849+0000] {processor.py:179} INFO - Processing /opt/airflow/dags/nahoo.py took 0.605 seconds
[2024-05-03T22:53:45.347+0000] {processor.py:157} INFO - Started process (PID=11638) to work on /opt/airflow/dags/nahoo.py
[2024-05-03T22:53:45.352+0000] {processor.py:826} INFO - Processing file /opt/airflow/dags/nahoo.py for tasks to queue
[2024-05-03T22:53:45.354+0000] {logging_mixin.py:149} INFO - [2024-05-03T22:53:45.353+0000] {dagbag.py:541} INFO - Filling up the DagBag from /opt/airflow/dags/nahoo.py
[2024-05-03T22:53:47.703+0000] {processor.py:836} INFO - DAG(s) dict_keys(['nahoom']) retrieved from /opt/airflow/dags/nahoo.py
[2024-05-03T22:53:47.971+0000] {logging_mixin.py:149} INFO - [2024-05-03T22:53:47.971+0000] {dag.py:2726} INFO - Sync 1 DAGs
[2024-05-03T22:53:48.777+0000] {logging_mixin.py:149} INFO - [2024-05-03T22:53:48.777+0000] {dag.py:3490} INFO - Setting next_dagrun for nahoom to 2024-05-04T00:00:00+00:00, run_after=2024-05-05T00:00:00+00:00
[2024-05-03T22:53:48.871+0000] {processor.py:179} INFO - Processing /opt/airflow/dags/nahoo.py took 3.529 seconds
[2024-05-03T22:54:19.235+0000] {processor.py:157} INFO - Started process (PID=11744) to work on /opt/airflow/dags/nahoo.py
[2024-05-03T22:54:19.240+0000] {processor.py:826} INFO - Processing file /opt/airflow/dags/nahoo.py for tasks to queue
[2024-05-03T22:54:19.241+0000] {logging_mixin.py:149} INFO - [2024-05-03T22:54:19.241+0000] {dagbag.py:541} INFO - Filling up the DagBag from /opt/airflow/dags/nahoo.py
[2024-05-03T22:54:20.813+0000] {processor.py:836} INFO - DAG(s) dict_keys(['nahoom']) retrieved from /opt/airflow/dags/nahoo.py
[2024-05-03T22:54:21.079+0000] {logging_mixin.py:149} INFO - [2024-05-03T22:54:21.079+0000] {dag.py:2726} INFO - Sync 1 DAGs
[2024-05-03T22:54:21.169+0000] {logging_mixin.py:149} INFO - [2024-05-03T22:54:21.169+0000] {dag.py:3490} INFO - Setting next_dagrun for nahoom to 2024-05-04T00:00:00+00:00, run_after=2024-05-05T00:00:00+00:00
[2024-05-03T22:54:21.475+0000] {processor.py:179} INFO - Processing /opt/airflow/dags/nahoo.py took 2.247 seconds
[2024-05-03T22:54:51.750+0000] {processor.py:157} INFO - Started process (PID=11817) to work on /opt/airflow/dags/nahoo.py
[2024-05-03T22:54:51.751+0000] {processor.py:826} INFO - Processing file /opt/airflow/dags/nahoo.py for tasks to queue
[2024-05-03T22:54:51.752+0000] {logging_mixin.py:149} INFO - [2024-05-03T22:54:51.752+0000] {dagbag.py:541} INFO - Filling up the DagBag from /opt/airflow/dags/nahoo.py
[2024-05-03T22:54:52.252+0000] {processor.py:836} INFO - DAG(s) dict_keys(['nahoom']) retrieved from /opt/airflow/dags/nahoo.py
[2024-05-03T22:54:52.455+0000] {logging_mixin.py:149} INFO - [2024-05-03T22:54:52.455+0000] {dag.py:2726} INFO - Sync 1 DAGs
[2024-05-03T22:54:52.484+0000] {logging_mixin.py:149} INFO - [2024-05-03T22:54:52.484+0000] {dag.py:3490} INFO - Setting next_dagrun for nahoom to 2024-05-04T00:00:00+00:00, run_after=2024-05-05T00:00:00+00:00
[2024-05-03T22:54:52.512+0000] {processor.py:179} INFO - Processing /opt/airflow/dags/nahoo.py took 0.771 seconds
[2024-05-03T22:55:22.686+0000] {processor.py:157} INFO - Started process (PID=11891) to work on /opt/airflow/dags/nahoo.py
[2024-05-03T22:55:22.687+0000] {processor.py:826} INFO - Processing file /opt/airflow/dags/nahoo.py for tasks to queue
[2024-05-03T22:55:22.687+0000] {logging_mixin.py:149} INFO - [2024-05-03T22:55:22.687+0000] {dagbag.py:541} INFO - Filling up the DagBag from /opt/airflow/dags/nahoo.py
[2024-05-03T22:55:23.175+0000] {processor.py:836} INFO - DAG(s) dict_keys(['nahoom']) retrieved from /opt/airflow/dags/nahoo.py
[2024-05-03T22:55:23.241+0000] {logging_mixin.py:149} INFO - [2024-05-03T22:55:23.241+0000] {dag.py:2726} INFO - Sync 1 DAGs
[2024-05-03T22:55:23.366+0000] {logging_mixin.py:149} INFO - [2024-05-03T22:55:23.366+0000] {dag.py:3490} INFO - Setting next_dagrun for nahoom to 2024-05-04T00:00:00+00:00, run_after=2024-05-05T00:00:00+00:00
[2024-05-03T22:55:23.397+0000] {processor.py:179} INFO - Processing /opt/airflow/dags/nahoo.py took 0.714 seconds
[2024-05-03T22:55:53.535+0000] {processor.py:157} INFO - Started process (PID=11963) to work on /opt/airflow/dags/nahoo.py
[2024-05-03T22:55:53.551+0000] {processor.py:826} INFO - Processing file /opt/airflow/dags/nahoo.py for tasks to queue
[2024-05-03T22:55:53.552+0000] {logging_mixin.py:149} INFO - [2024-05-03T22:55:53.552+0000] {dagbag.py:541} INFO - Filling up the DagBag from /opt/airflow/dags/nahoo.py
[2024-05-03T22:55:54.953+0000] {processor.py:836} INFO - DAG(s) dict_keys(['nahoom']) retrieved from /opt/airflow/dags/nahoo.py
[2024-05-03T22:55:55.744+0000] {logging_mixin.py:149} INFO - [2024-05-03T22:55:55.744+0000] {dag.py:2726} INFO - Sync 1 DAGs
[2024-05-03T22:55:55.861+0000] {logging_mixin.py:149} INFO - [2024-05-03T22:55:55.861+0000] {dag.py:3490} INFO - Setting next_dagrun for nahoom to 2024-05-04T00:00:00+00:00, run_after=2024-05-05T00:00:00+00:00
[2024-05-03T22:55:55.943+0000] {processor.py:179} INFO - Processing /opt/airflow/dags/nahoo.py took 2.420 seconds
[2024-05-03T22:56:26.323+0000] {processor.py:157} INFO - Started process (PID=12072) to work on /opt/airflow/dags/nahoo.py
[2024-05-03T22:56:26.335+0000] {processor.py:826} INFO - Processing file /opt/airflow/dags/nahoo.py for tasks to queue
[2024-05-03T22:56:26.337+0000] {logging_mixin.py:149} INFO - [2024-05-03T22:56:26.336+0000] {dagbag.py:541} INFO - Filling up the DagBag from /opt/airflow/dags/nahoo.py
[2024-05-03T22:56:27.393+0000] {processor.py:836} INFO - DAG(s) dict_keys(['nahoom']) retrieved from /opt/airflow/dags/nahoo.py
[2024-05-03T22:56:27.825+0000] {logging_mixin.py:149} INFO - [2024-05-03T22:56:27.825+0000] {dag.py:2726} INFO - Sync 1 DAGs
[2024-05-03T22:56:27.891+0000] {logging_mixin.py:149} INFO - [2024-05-03T22:56:27.890+0000] {dag.py:3490} INFO - Setting next_dagrun for nahoom to 2024-05-04T00:00:00+00:00, run_after=2024-05-05T00:00:00+00:00
[2024-05-03T22:56:27.949+0000] {processor.py:179} INFO - Processing /opt/airflow/dags/nahoo.py took 1.638 seconds
[2024-05-03T22:56:58.065+0000] {processor.py:157} INFO - Started process (PID=12147) to work on /opt/airflow/dags/nahoo.py
[2024-05-03T22:56:58.066+0000] {processor.py:826} INFO - Processing file /opt/airflow/dags/nahoo.py for tasks to queue
[2024-05-03T22:56:58.067+0000] {logging_mixin.py:149} INFO - [2024-05-03T22:56:58.067+0000] {dagbag.py:541} INFO - Filling up the DagBag from /opt/airflow/dags/nahoo.py
[2024-05-03T22:56:59.777+0000] {processor.py:836} INFO - DAG(s) dict_keys(['nahoom']) retrieved from /opt/airflow/dags/nahoo.py
[2024-05-03T22:56:59.939+0000] {logging_mixin.py:149} INFO - [2024-05-03T22:56:59.939+0000] {dag.py:2726} INFO - Sync 1 DAGs
[2024-05-03T22:57:00.534+0000] {logging_mixin.py:149} INFO - [2024-05-03T22:57:00.533+0000] {dag.py:3490} INFO - Setting next_dagrun for nahoom to 2024-05-04T00:00:00+00:00, run_after=2024-05-05T00:00:00+00:00
[2024-05-03T22:57:00.619+0000] {processor.py:179} INFO - Processing /opt/airflow/dags/nahoo.py took 2.562 seconds
[2024-05-03T22:57:31.501+0000] {processor.py:157} INFO - Started process (PID=12250) to work on /opt/airflow/dags/nahoo.py
[2024-05-03T22:57:31.503+0000] {processor.py:826} INFO - Processing file /opt/airflow/dags/nahoo.py for tasks to queue
[2024-05-03T22:57:31.505+0000] {logging_mixin.py:149} INFO - [2024-05-03T22:57:31.505+0000] {dagbag.py:541} INFO - Filling up the DagBag from /opt/airflow/dags/nahoo.py
[2024-05-03T22:57:32.490+0000] {processor.py:836} INFO - DAG(s) dict_keys(['nahoom']) retrieved from /opt/airflow/dags/nahoo.py
[2024-05-03T22:57:33.156+0000] {logging_mixin.py:149} INFO - [2024-05-03T22:57:33.156+0000] {dag.py:2726} INFO - Sync 1 DAGs
[2024-05-03T22:57:33.309+0000] {logging_mixin.py:149} INFO - [2024-05-03T22:57:33.308+0000] {dag.py:3490} INFO - Setting next_dagrun for nahoom to 2024-05-04T00:00:00+00:00, run_after=2024-05-05T00:00:00+00:00
[2024-05-03T22:57:33.432+0000] {processor.py:179} INFO - Processing /opt/airflow/dags/nahoo.py took 1.937 seconds
[2024-05-03T22:58:03.747+0000] {processor.py:157} INFO - Started process (PID=12322) to work on /opt/airflow/dags/nahoo.py
[2024-05-03T22:58:03.749+0000] {processor.py:826} INFO - Processing file /opt/airflow/dags/nahoo.py for tasks to queue
[2024-05-03T22:58:03.751+0000] {logging_mixin.py:149} INFO - [2024-05-03T22:58:03.750+0000] {dagbag.py:541} INFO - Filling up the DagBag from /opt/airflow/dags/nahoo.py
[2024-05-03T22:58:04.258+0000] {processor.py:836} INFO - DAG(s) dict_keys(['nahoom']) retrieved from /opt/airflow/dags/nahoo.py
[2024-05-03T22:58:04.420+0000] {logging_mixin.py:149} INFO - [2024-05-03T22:58:04.419+0000] {dag.py:2726} INFO - Sync 1 DAGs
[2024-05-03T22:58:04.448+0000] {logging_mixin.py:149} INFO - [2024-05-03T22:58:04.448+0000] {dag.py:3490} INFO - Setting next_dagrun for nahoom to 2024-05-04T00:00:00+00:00, run_after=2024-05-05T00:00:00+00:00
[2024-05-03T22:58:04.473+0000] {processor.py:179} INFO - Processing /opt/airflow/dags/nahoo.py took 0.733 seconds
[2024-05-03T22:58:35.409+0000] {processor.py:157} INFO - Started process (PID=12401) to work on /opt/airflow/dags/nahoo.py
[2024-05-03T22:58:35.412+0000] {processor.py:826} INFO - Processing file /opt/airflow/dags/nahoo.py for tasks to queue
[2024-05-03T22:58:35.414+0000] {logging_mixin.py:149} INFO - [2024-05-03T22:58:35.414+0000] {dagbag.py:541} INFO - Filling up the DagBag from /opt/airflow/dags/nahoo.py
[2024-05-03T22:58:36.279+0000] {processor.py:836} INFO - DAG(s) dict_keys(['nahoom']) retrieved from /opt/airflow/dags/nahoo.py
[2024-05-03T22:58:36.368+0000] {logging_mixin.py:149} INFO - [2024-05-03T22:58:36.368+0000] {dag.py:2726} INFO - Sync 1 DAGs
[2024-05-03T22:58:36.493+0000] {logging_mixin.py:149} INFO - [2024-05-03T22:58:36.492+0000] {dag.py:3490} INFO - Setting next_dagrun for nahoom to 2024-05-04T00:00:00+00:00, run_after=2024-05-05T00:00:00+00:00
[2024-05-03T22:58:36.520+0000] {processor.py:179} INFO - Processing /opt/airflow/dags/nahoo.py took 1.126 seconds
[2024-05-03T22:59:06.850+0000] {processor.py:157} INFO - Started process (PID=12478) to work on /opt/airflow/dags/nahoo.py
[2024-05-03T22:59:06.857+0000] {processor.py:826} INFO - Processing file /opt/airflow/dags/nahoo.py for tasks to queue
[2024-05-03T22:59:06.858+0000] {logging_mixin.py:149} INFO - [2024-05-03T22:59:06.858+0000] {dagbag.py:541} INFO - Filling up the DagBag from /opt/airflow/dags/nahoo.py
[2024-05-03T22:59:07.965+0000] {processor.py:836} INFO - DAG(s) dict_keys(['nahoom']) retrieved from /opt/airflow/dags/nahoo.py
[2024-05-03T22:59:08.281+0000] {logging_mixin.py:149} INFO - [2024-05-03T22:59:08.281+0000] {dag.py:2726} INFO - Sync 1 DAGs
[2024-05-03T22:59:08.349+0000] {logging_mixin.py:149} INFO - [2024-05-03T22:59:08.349+0000] {dag.py:3490} INFO - Setting next_dagrun for nahoom to 2024-05-04T00:00:00+00:00, run_after=2024-05-05T00:00:00+00:00
[2024-05-03T22:59:08.388+0000] {processor.py:179} INFO - Processing /opt/airflow/dags/nahoo.py took 1.543 seconds
[2024-05-03T22:59:38.596+0000] {processor.py:157} INFO - Started process (PID=12567) to work on /opt/airflow/dags/nahoo.py
[2024-05-03T22:59:38.603+0000] {processor.py:826} INFO - Processing file /opt/airflow/dags/nahoo.py for tasks to queue
[2024-05-03T22:59:38.604+0000] {logging_mixin.py:149} INFO - [2024-05-03T22:59:38.604+0000] {dagbag.py:541} INFO - Filling up the DagBag from /opt/airflow/dags/nahoo.py
[2024-05-03T22:59:39.678+0000] {processor.py:836} INFO - DAG(s) dict_keys(['nahoom']) retrieved from /opt/airflow/dags/nahoo.py
[2024-05-03T22:59:39.942+0000] {logging_mixin.py:149} INFO - [2024-05-03T22:59:39.941+0000] {dag.py:2726} INFO - Sync 1 DAGs
[2024-05-03T22:59:40.000+0000] {logging_mixin.py:149} INFO - [2024-05-03T22:59:40.000+0000] {dag.py:3490} INFO - Setting next_dagrun for nahoom to 2024-05-04T00:00:00+00:00, run_after=2024-05-05T00:00:00+00:00
[2024-05-03T22:59:40.044+0000] {processor.py:179} INFO - Processing /opt/airflow/dags/nahoo.py took 1.453 seconds
[2024-05-03T23:00:10.138+0000] {processor.py:157} INFO - Started process (PID=12639) to work on /opt/airflow/dags/nahoo.py
[2024-05-03T23:00:10.139+0000] {processor.py:826} INFO - Processing file /opt/airflow/dags/nahoo.py for tasks to queue
[2024-05-03T23:00:10.140+0000] {logging_mixin.py:149} INFO - [2024-05-03T23:00:10.140+0000] {dagbag.py:541} INFO - Filling up the DagBag from /opt/airflow/dags/nahoo.py
[2024-05-03T23:00:10.781+0000] {processor.py:836} INFO - DAG(s) dict_keys(['nahoom']) retrieved from /opt/airflow/dags/nahoo.py
[2024-05-03T23:00:11.004+0000] {logging_mixin.py:149} INFO - [2024-05-03T23:00:11.004+0000] {dag.py:2726} INFO - Sync 1 DAGs
[2024-05-03T23:00:11.036+0000] {logging_mixin.py:149} INFO - [2024-05-03T23:00:11.036+0000] {dag.py:3490} INFO - Setting next_dagrun for nahoom to 2024-05-04T00:00:00+00:00, run_after=2024-05-05T00:00:00+00:00
[2024-05-03T23:00:11.064+0000] {processor.py:179} INFO - Processing /opt/airflow/dags/nahoo.py took 0.934 seconds
[2024-05-03T23:00:41.574+0000] {processor.py:157} INFO - Started process (PID=12710) to work on /opt/airflow/dags/nahoo.py
[2024-05-03T23:00:41.581+0000] {processor.py:826} INFO - Processing file /opt/airflow/dags/nahoo.py for tasks to queue
[2024-05-03T23:00:41.582+0000] {logging_mixin.py:149} INFO - [2024-05-03T23:00:41.582+0000] {dagbag.py:541} INFO - Filling up the DagBag from /opt/airflow/dags/nahoo.py
[2024-05-03T23:00:42.263+0000] {processor.py:836} INFO - DAG(s) dict_keys(['nahoom']) retrieved from /opt/airflow/dags/nahoo.py
[2024-05-03T23:00:42.357+0000] {logging_mixin.py:149} INFO - [2024-05-03T23:00:42.357+0000] {dag.py:2726} INFO - Sync 1 DAGs
[2024-05-03T23:00:42.399+0000] {logging_mixin.py:149} INFO - [2024-05-03T23:00:42.399+0000] {dag.py:3490} INFO - Setting next_dagrun for nahoom to 2024-05-04T00:00:00+00:00, run_after=2024-05-05T00:00:00+00:00
[2024-05-03T23:00:42.425+0000] {processor.py:179} INFO - Processing /opt/airflow/dags/nahoo.py took 0.859 seconds
[2024-05-03T23:01:13.230+0000] {processor.py:157} INFO - Started process (PID=12795) to work on /opt/airflow/dags/nahoo.py
[2024-05-03T23:01:13.231+0000] {processor.py:826} INFO - Processing file /opt/airflow/dags/nahoo.py for tasks to queue
[2024-05-03T23:01:13.232+0000] {logging_mixin.py:149} INFO - [2024-05-03T23:01:13.232+0000] {dagbag.py:541} INFO - Filling up the DagBag from /opt/airflow/dags/nahoo.py
[2024-05-03T23:01:14.541+0000] {processor.py:836} INFO - DAG(s) dict_keys(['nahoom']) retrieved from /opt/airflow/dags/nahoo.py
[2024-05-03T23:01:14.843+0000] {logging_mixin.py:149} INFO - [2024-05-03T23:01:14.842+0000] {dag.py:2726} INFO - Sync 1 DAGs
[2024-05-03T23:01:14.952+0000] {logging_mixin.py:149} INFO - [2024-05-03T23:01:14.952+0000] {dag.py:3490} INFO - Setting next_dagrun for nahoom to 2024-05-04T00:00:00+00:00, run_after=2024-05-05T00:00:00+00:00
[2024-05-03T23:01:15.062+0000] {processor.py:179} INFO - Processing /opt/airflow/dags/nahoo.py took 1.843 seconds
[2024-05-03T23:01:45.366+0000] {processor.py:157} INFO - Started process (PID=12897) to work on /opt/airflow/dags/nahoo.py
[2024-05-03T23:01:45.371+0000] {processor.py:826} INFO - Processing file /opt/airflow/dags/nahoo.py for tasks to queue
[2024-05-03T23:01:45.375+0000] {logging_mixin.py:149} INFO - [2024-05-03T23:01:45.375+0000] {dagbag.py:541} INFO - Filling up the DagBag from /opt/airflow/dags/nahoo.py
[2024-05-03T23:01:46.618+0000] {processor.py:836} INFO - DAG(s) dict_keys(['nahoom']) retrieved from /opt/airflow/dags/nahoo.py
[2024-05-03T23:01:46.789+0000] {logging_mixin.py:149} INFO - [2024-05-03T23:01:46.789+0000] {dag.py:2726} INFO - Sync 1 DAGs
[2024-05-03T23:01:46.856+0000] {logging_mixin.py:149} INFO - [2024-05-03T23:01:46.856+0000] {dag.py:3490} INFO - Setting next_dagrun for nahoom to 2024-05-04T00:00:00+00:00, run_after=2024-05-05T00:00:00+00:00
[2024-05-03T23:01:46.901+0000] {processor.py:179} INFO - Processing /opt/airflow/dags/nahoo.py took 1.540 seconds
[2024-05-03T23:02:17.059+0000] {processor.py:157} INFO - Started process (PID=12976) to work on /opt/airflow/dags/nahoo.py
[2024-05-03T23:02:17.071+0000] {processor.py:826} INFO - Processing file /opt/airflow/dags/nahoo.py for tasks to queue
[2024-05-03T23:02:17.072+0000] {logging_mixin.py:149} INFO - [2024-05-03T23:02:17.072+0000] {dagbag.py:541} INFO - Filling up the DagBag from /opt/airflow/dags/nahoo.py
[2024-05-03T23:02:19.093+0000] {processor.py:836} INFO - DAG(s) dict_keys(['nahoom']) retrieved from /opt/airflow/dags/nahoo.py
[2024-05-03T23:02:19.412+0000] {logging_mixin.py:149} INFO - [2024-05-03T23:02:19.412+0000] {dag.py:2726} INFO - Sync 1 DAGs
[2024-05-03T23:02:19.473+0000] {logging_mixin.py:149} INFO - [2024-05-03T23:02:19.473+0000] {dag.py:3490} INFO - Setting next_dagrun for nahoom to 2024-05-04T00:00:00+00:00, run_after=2024-05-05T00:00:00+00:00
[2024-05-03T23:02:19.526+0000] {processor.py:179} INFO - Processing /opt/airflow/dags/nahoo.py took 2.472 seconds
[2024-05-03T23:02:49.922+0000] {processor.py:157} INFO - Started process (PID=13072) to work on /opt/airflow/dags/nahoo.py
[2024-05-03T23:02:49.927+0000] {processor.py:826} INFO - Processing file /opt/airflow/dags/nahoo.py for tasks to queue
[2024-05-03T23:02:49.928+0000] {logging_mixin.py:149} INFO - [2024-05-03T23:02:49.927+0000] {dagbag.py:541} INFO - Filling up the DagBag from /opt/airflow/dags/nahoo.py
[2024-05-03T23:02:51.856+0000] {processor.py:836} INFO - DAG(s) dict_keys(['nahoom']) retrieved from /opt/airflow/dags/nahoo.py
[2024-05-03T23:02:52.268+0000] {logging_mixin.py:149} INFO - [2024-05-03T23:02:52.267+0000] {dag.py:2726} INFO - Sync 1 DAGs
[2024-05-03T23:02:52.358+0000] {logging_mixin.py:149} INFO - [2024-05-03T23:02:52.358+0000] {dag.py:3490} INFO - Setting next_dagrun for nahoom to 2024-05-04T00:00:00+00:00, run_after=2024-05-05T00:00:00+00:00
[2024-05-03T23:02:52.453+0000] {processor.py:179} INFO - Processing /opt/airflow/dags/nahoo.py took 2.540 seconds
[2024-05-03T23:03:22.844+0000] {processor.py:157} INFO - Started process (PID=13165) to work on /opt/airflow/dags/nahoo.py
[2024-05-03T23:03:22.844+0000] {processor.py:826} INFO - Processing file /opt/airflow/dags/nahoo.py for tasks to queue
[2024-05-03T23:03:22.845+0000] {logging_mixin.py:149} INFO - [2024-05-03T23:03:22.845+0000] {dagbag.py:541} INFO - Filling up the DagBag from /opt/airflow/dags/nahoo.py
[2024-05-03T23:03:23.340+0000] {processor.py:836} INFO - DAG(s) dict_keys(['nahoom']) retrieved from /opt/airflow/dags/nahoo.py
[2024-05-03T23:03:23.406+0000] {logging_mixin.py:149} INFO - [2024-05-03T23:03:23.406+0000] {dag.py:2726} INFO - Sync 1 DAGs
[2024-05-03T23:03:23.438+0000] {logging_mixin.py:149} INFO - [2024-05-03T23:03:23.438+0000] {dag.py:3490} INFO - Setting next_dagrun for nahoom to 2024-05-04T00:00:00+00:00, run_after=2024-05-05T00:00:00+00:00
[2024-05-03T23:03:23.471+0000] {processor.py:179} INFO - Processing /opt/airflow/dags/nahoo.py took 0.630 seconds
[2024-05-03T23:03:53.510+0000] {processor.py:157} INFO - Started process (PID=13236) to work on /opt/airflow/dags/nahoo.py
[2024-05-03T23:03:53.511+0000] {processor.py:826} INFO - Processing file /opt/airflow/dags/nahoo.py for tasks to queue
[2024-05-03T23:03:53.512+0000] {logging_mixin.py:149} INFO - [2024-05-03T23:03:53.512+0000] {dagbag.py:541} INFO - Filling up the DagBag from /opt/airflow/dags/nahoo.py
[2024-05-03T23:03:54.049+0000] {processor.py:836} INFO - DAG(s) dict_keys(['nahoom']) retrieved from /opt/airflow/dags/nahoo.py
[2024-05-03T23:03:54.109+0000] {logging_mixin.py:149} INFO - [2024-05-03T23:03:54.109+0000] {dag.py:2726} INFO - Sync 1 DAGs
[2024-05-03T23:03:54.136+0000] {logging_mixin.py:149} INFO - [2024-05-03T23:03:54.135+0000] {dag.py:3490} INFO - Setting next_dagrun for nahoom to 2024-05-04T00:00:00+00:00, run_after=2024-05-05T00:00:00+00:00
[2024-05-03T23:03:54.155+0000] {processor.py:179} INFO - Processing /opt/airflow/dags/nahoo.py took 0.650 seconds
